55. Printing statistics.

=== tt_um_audio_player ===

   Number of wires:               1755
   Number of wire bits:           1819
   Number of public wires:          13
   Number of public wire bits:      77
   Number of memories:               0
   Number of memory bits:            0
   Number of processes:              0
   Number of cells:               1777
     $_ANDNOT_                     340
     $_AND_                         22
     $_MUX_                        965
     $_NAND_                        65
     $_NOR_                          8
     $_NOT_                         29
     $_ORNOT_                       10
     $_OR_                         271
     $_XNOR_                         9
     $_XOR_                         23
     sky130_fd_sc_hd__dfrtp_2       35

   Area for cell type $_NOT_ is unknown!
   Area for cell type $_AND_ is unknown!
   Area for cell type $_NAND_ is unknown!
   Area for cell type $_OR_ is unknown!
   Area for cell type $_NOR_ is unknown!
   Area for cell type $_XOR_ is unknown!
   Area for cell type $_XNOR_ is unknown!
   Area for cell type $_ANDNOT_ is unknown!
   Area for cell type $_ORNOT_ is unknown!
   Area for cell type $_MUX_ is unknown!

   Chip area for module '\tt_um_audio_player': 919.632000

