[WARNING ORD-0039] .openroad ignored with -python
Unannotated report:
['report_parasitic_annotation -report_unannotated\n',
 '============================================================================\n',
 'Found 42 unannotated drivers.\n',
 ' ui_in[0]\n',
 ' ui_in[1]\n',
 ' ui_in[2]\n',
 ' ui_in[3]\n',
 ' ui_in[4]\n',
 ' ui_in[5]\n',
 ' ui_in[6]\n',
 ' ui_in[7]\n',
 ' uio_in[0]\n',
 ' uio_in[1]\n',
 ' uio_in[2]\n',
 ' uio_in[3]\n',
 ' uio_in[4]\n',
 ' uio_in[5]\n',
 ' uio_in[6]\n',
 ' uio_in[7]\n',
 ' clkload0/Y\n',
 ' clkload1/Y\n',
 ' clkload2/X\n',
 ' tt_um_audio_player_121/HI\n',
 ' tt_um_audio_player_122/HI\n',
 ' tt_um_audio_player_123/HI\n',
 ' tt_um_audio_player_124/HI\n',
 ' tt_um_audio_player_125/HI\n',
 ' tt_um_audio_player_126/HI\n',
 ' tt_um_audio_player_127/HI\n',
 ' tt_um_audio_player_128/HI\n',
 ' tt_um_audio_player_129/HI\n',
 ' tt_um_audio_player_130/HI\n',
 ' tt_um_audio_player_131/HI\n',
 ' tt_um_audio_player_132/HI\n',
 ' tt_um_audio_player_133/HI\n',
 ' tt_um_audio_player_134/HI\n',
 ' tt_um_audio_player_135/HI\n',
 ' tt_um_audio_player_136/HI\n',
 ' tt_um_audio_player_137/HI\n',
 ' tt_um_audio_player_138/HI\n',
 ' tt_um_audio_player_139/HI\n',
 ' tt_um_audio_player_140/HI\n',
 ' tt_um_audio_player_141/HI\n',
 ' tt_um_audio_player_142/HI\n',
 ' tt_um_audio_player_143/HI\n',
 'Found 0 partially unannotated drivers.\n',
 '\n']
Reported nets:
['ui_in[0]',
 'ui_in[1]',
 'ui_in[2]',
 'ui_in[3]',
 'ui_in[4]',
 'ui_in[5]',
 'ui_in[6]',
 'ui_in[7]',
 'uio_in[0]',
 'uio_in[1]',
 'uio_in[2]',
 'uio_in[3]',
 'uio_in[4]',
 'uio_in[5]',
 'uio_in[6]',
 'uio_in[7]',
 'clkload0/Y',
 'clkload1/Y',
 'clkload2/X',
 'tt_um_audio_player_121/HI',
 'tt_um_audio_player_122/HI',
 'tt_um_audio_player_123/HI',
 'tt_um_audio_player_124/HI',
 'tt_um_audio_player_125/HI',
 'tt_um_audio_player_126/HI',
 'tt_um_audio_player_127/HI',
 'tt_um_audio_player_128/HI',
 'tt_um_audio_player_129/HI',
 'tt_um_audio_player_130/HI',
 'tt_um_audio_player_131/HI',
 'tt_um_audio_player_132/HI',
 'tt_um_audio_player_133/HI',
 'tt_um_audio_player_134/HI',
 'tt_um_audio_player_135/HI',
 'tt_um_audio_player_136/HI',
 'tt_um_audio_player_137/HI',
 'tt_um_audio_player_138/HI',
 'tt_um_audio_player_139/HI',
 'tt_um_audio_player_140/HI',
 'tt_um_audio_player_141/HI',
 'tt_um_audio_player_142/HI',
 'tt_um_audio_player_143/HI']
Filtered nets:
[]
done
