[WARNING ORD-0039] .openroad ignored with -python
[WARNING] Bterm VPWR is declared as a 'POWER' pin. It will be ignored.
[WARNING] Bterm VGND is declared as a 'GROUND' pin. It will be ignored.
[INFO ODB-0227] LEF file: /Users/anorris/.volare/volare/sky130/versions/bdc9412b3e468c102d01b7cf6337be06ec6e9c9a/sky130A/libs.ref/sky130_fd_sc_hd/techlef/sky130_fd_sc_hd__nom.tlef, created 13 layers, 25 vias
[WARNING ODB-0220] WARNING (LEFPARS-2008): NOWIREEXTENSIONATPIN statement is obsolete in version 5.6 or later.
The NOWIREEXTENSIONATPIN statement will be ignored. See file /Users/anorris/.volare/volare/sky130/versions/bdc9412b3e468c102d01b7cf6337be06ec6e9c9a/sky130A/libs.ref/sky130_fd_sc_hd/lef/sky130_ef_sc_hd.lef at line 2.

[INFO ODB-0227] LEF file: /Users/anorris/.volare/volare/sky130/versions/bdc9412b3e468c102d01b7cf6337be06ec6e9c9a/sky130A/libs.ref/sky130_fd_sc_hd/lef/sky130_ef_sc_hd.lef, created 4 library cells
[WARNING ODB-0220] WARNING (LEFPARS-2008): NOWIREEXTENSIONATPIN statement is obsolete in version 5.6 or later.
The NOWIREEXTENSIONATPIN statement will be ignored. See file /Users/anorris/.volare/volare/sky130/versions/bdc9412b3e468c102d01b7cf6337be06ec6e9c9a/sky130A/libs.ref/sky130_fd_sc_hd/lef/sky130_fd_sc_hd.lef at line 2.

[INFO ODB-0227] LEF file: /Users/anorris/.volare/volare/sky130/versions/bdc9412b3e468c102d01b7cf6337be06ec6e9c9a/sky130A/libs.ref/sky130_fd_sc_hd/lef/sky130_fd_sc_hd.lef, created 437 library cells
[INFO ODB-0127] Reading DEF file: /Users/anorris/Documents/Github/tt/tt/def/tt_block_1x1_pg.def
[INFO ODB-0128] Design: tt_um_template
[INFO ODB-0130]     Created 43 pins.
[INFO ODB-0132]     Created 2 special nets and 0 connections.
[INFO ODB-0133]     Created 43 nets and 0 connections.
[INFO ODB-0134] Finished DEF file: /Users/anorris/Documents/Github/tt/tt/def/tt_block_1x1_pg.def
[INFO ODB-0227] LEF file: /Users/anorris/.volare/volare/sky130/versions/bdc9412b3e468c102d01b7cf6337be06ec6e9c9a/sky130A/libs.ref/sky130_fd_sc_hd/techlef/sky130_fd_sc_hd__nom.tlef, created 13 layers, 25 vias
[WARNING ODB-0220] WARNING (LEFPARS-2008): NOWIREEXTENSIONATPIN statement is obsolete in version 5.6 or later.
The NOWIREEXTENSIONATPIN statement will be ignored. See file /Users/anorris/.volare/volare/sky130/versions/bdc9412b3e468c102d01b7cf6337be06ec6e9c9a/sky130A/libs.ref/sky130_fd_sc_hd/lef/sky130_ef_sc_hd.lef at line 2.

[INFO ODB-0227] LEF file: /Users/anorris/.volare/volare/sky130/versions/bdc9412b3e468c102d01b7cf6337be06ec6e9c9a/sky130A/libs.ref/sky130_fd_sc_hd/lef/sky130_ef_sc_hd.lef, created 4 library cells
[WARNING ODB-0220] WARNING (LEFPARS-2008): NOWIREEXTENSIONATPIN statement is obsolete in version 5.6 or later.
The NOWIREEXTENSIONATPIN statement will be ignored. See file /Users/anorris/.volare/volare/sky130/versions/bdc9412b3e468c102d01b7cf6337be06ec6e9c9a/sky130A/libs.ref/sky130_fd_sc_hd/lef/sky130_fd_sc_hd.lef at line 2.

[INFO ODB-0227] LEF file: /Users/anorris/.volare/volare/sky130/versions/bdc9412b3e468c102d01b7cf6337be06ec6e9c9a/sky130A/libs.ref/sky130_fd_sc_hd/lef/sky130_fd_sc_hd.lef, created 437 library cells
[INFO ODB-0127] Reading DEF file: /Users/anorris/Documents/Github/tt/tt/def/tt_block_1x1_pg.def
[INFO ODB-0128] Design: tt_um_template
[INFO ODB-0130]     Created 43 pins.
[INFO ODB-0132]     Created 2 special nets and 0 connections.
[INFO ODB-0133]     Created 43 nets and 0 connections.
[INFO ODB-0134] Finished DEF file: /Users/anorris/Documents/Github/tt/tt/def/tt_block_1x1_pg.def
Using manufacturing grid: 5 Using dbu per mircons: 1000
Found 43 block terminals in existing database...
Found 43 template_bterms…
Wrote pin clk at layer met4 at (143830, 110520, 144130, 111520, 'PLACED')...
Wrote pin ena at layer met4 at (146590, 110520, 146890, 111520, 'PLACED')...
Wrote pin rst_n at layer met4 at (141070, 110520, 141370, 111520, 'PLACED')...
Wrote pin ui_in[0] at layer met4 at (138310, 110520, 138610, 111520, 'PLACED')...
Wrote pin ui_in[1] at layer met4 at (135550, 110520, 135850, 111520, 'PLACED')...
Wrote pin ui_in[2] at layer met4 at (132790, 110520, 133090, 111520, 'PLACED')...
Wrote pin ui_in[3] at layer met4 at (130030, 110520, 130330, 111520, 'PLACED')...
Wrote pin ui_in[4] at layer met4 at (127270, 110520, 127570, 111520, 'PLACED')...
Wrote pin ui_in[5] at layer met4 at (124510, 110520, 124810, 111520, 'PLACED')...
Wrote pin ui_in[6] at layer met4 at (121750, 110520, 122050, 111520, 'PLACED')...
Wrote pin ui_in[7] at layer met4 at (118990, 110520, 119290, 111520, 'PLACED')...
Wrote pin uio_in[0] at layer met4 at (116230, 110520, 116530, 111520, 'PLACED')...
Wrote pin uio_in[1] at layer met4 at (113470, 110520, 113770, 111520, 'PLACED')...
Wrote pin uio_in[2] at layer met4 at (110710, 110520, 111010, 111520, 'PLACED')...
Wrote pin uio_in[3] at layer met4 at (107950, 110520, 108250, 111520, 'PLACED')...
Wrote pin uio_in[4] at layer met4 at (105190, 110520, 105490, 111520, 'PLACED')...
Wrote pin uio_in[5] at layer met4 at (102430, 110520, 102730, 111520, 'PLACED')...
Wrote pin uio_in[6] at layer met4 at (99670, 110520, 99970, 111520, 'PLACED')...
Wrote pin uio_in[7] at layer met4 at (96910, 110520, 97210, 111520, 'PLACED')...
Wrote pin uio_oe[0] at layer met4 at (49990, 110520, 50290, 111520, 'PLACED')...
Wrote pin uio_oe[1] at layer met4 at (47230, 110520, 47530, 111520, 'PLACED')...
Wrote pin uio_oe[2] at layer met4 at (44470, 110520, 44770, 111520, 'PLACED')...
Wrote pin uio_oe[3] at layer met4 at (41710, 110520, 42010, 111520, 'PLACED')...
Wrote pin uio_oe[4] at layer met4 at (38950, 110520, 39250, 111520, 'PLACED')...
Wrote pin uio_oe[5] at layer met4 at (36190, 110520, 36490, 111520, 'PLACED')...
Wrote pin uio_oe[6] at layer met4 at (33430, 110520, 33730, 111520, 'PLACED')...
Wrote pin uio_oe[7] at layer met4 at (30670, 110520, 30970, 111520, 'PLACED')...
Wrote pin uio_out[0] at layer met4 at (72070, 110520, 72370, 111520, 'PLACED')...
Wrote pin uio_out[1] at layer met4 at (69310, 110520, 69610, 111520, 'PLACED')...
Wrote pin uio_out[2] at layer met4 at (66550, 110520, 66850, 111520, 'PLACED')...
Wrote pin uio_out[3] at layer met4 at (63790, 110520, 64090, 111520, 'PLACED')...
Wrote pin uio_out[4] at layer met4 at (61030, 110520, 61330, 111520, 'PLACED')...
Wrote pin uio_out[5] at layer met4 at (58270, 110520, 58570, 111520, 'PLACED')...
Wrote pin uio_out[6] at layer met4 at (55510, 110520, 55810, 111520, 'PLACED')...
Wrote pin uio_out[7] at layer met4 at (52750, 110520, 53050, 111520, 'PLACED')...
Wrote pin uo_out[0] at layer met4 at (94150, 110520, 94450, 111520, 'PLACED')...
Wrote pin uo_out[1] at layer met4 at (91390, 110520, 91690, 111520, 'PLACED')...
Wrote pin uo_out[2] at layer met4 at (88630, 110520, 88930, 111520, 'PLACED')...
Wrote pin uo_out[3] at layer met4 at (85870, 110520, 86170, 111520, 'PLACED')...
Wrote pin uo_out[4] at layer met4 at (83110, 110520, 83410, 111520, 'PLACED')...
Wrote pin uo_out[5] at layer met4 at (80350, 110520, 80650, 111520, 'PLACED')...
Wrote pin uo_out[6] at layer met4 at (77590, 110520, 77890, 111520, 'PLACED')...
Wrote pin uo_out[7] at layer met4 at (74830, 110520, 75130, 111520, 'PLACED')...
