
===========================================================================
report_checks -unconstrained
===========================================================================
======================= nom_tt_025C_1v80 Corner ===================================

Startpoint: rst_n (input port clocked by clk)
Endpoint: _1574_ (recovery check against rising-edge clock clk)
Path Group: asynchronous
Path Type: max

Fanout         Cap        Slew       Delay        Time   Description
---------------------------------------------------------------------------------------------
                                  0.000000    0.000000   clock clk (rise edge)
                                  0.000000    0.000000   clock network delay (propagated)
                                500.000000  500.000000 ^ input external delay
    35    0.148249    0.665487    0.459238  500.459259 ^ rst_n (in)
                                                         rst_n (net)
                      0.665490    0.000000  500.459259 ^ _1574_/RESET_B (sky130_fd_sc_hd__dfrtp_2)
                                            500.459259   data arrival time

                               2500.000000 2500.000000   clock clk (rise edge)
                                  0.000000 2500.000000   clock source latency
    35    0.087314    0.395416    0.273076 2500.273193 ^ clk (in)
                                                         clk (net)
                      0.395419    0.000000 2500.273193 ^ _1574_/CLK (sky130_fd_sc_hd__dfrtp_2)
                                 -0.250000 2500.022949   clock uncertainty
                                  0.000000 2500.022949   clock reconvergence pessimism
                                  0.145914 2500.168945   library recovery time
                                           2500.168945   data required time
---------------------------------------------------------------------------------------------
                                           2500.168945   data required time
                                           -500.459259   data arrival time
---------------------------------------------------------------------------------------------
                                           1999.709717   slack (MET)


Startpoint: ena (input port clocked by clk)
Endpoint: _1583_ (rising edge-triggered flip-flop clocked by clk)
Path Group: clk
Path Type: max

Fanout         Cap        Slew       Delay        Time   Description
---------------------------------------------------------------------------------------------
                                  0.000000    0.000000   clock clk (rise edge)
                                  0.000000    0.000000   clock network delay (propagated)
                                500.000000  500.000000 ^ input external delay
     5    0.024050    0.113736    0.077989  500.078003 ^ ena (in)
                                                         ena (net)
                      0.113736    0.000000  500.078003 ^ _0787_/A (sky130_fd_sc_hd__inv_2)
    17    0.048364    0.110871    0.128523  500.206512 v _0787_/Y (sky130_fd_sc_hd__inv_2)
                                                         _0624_ (net)
                      0.110878    0.000739  500.207275 v _1496_/C (sky130_fd_sc_hd__or3_2)
     1    0.004713    0.083868    0.435932  500.643188 v _1496_/X (sky130_fd_sc_hd__or3_2)
                                                         _0720_ (net)
                      0.083868    0.000000  500.643188 v _1497_/D (sky130_fd_sc_hd__nor4_2)
    10    0.027058    0.691321    0.518128  501.161316 ^ _1497_/Y (sky130_fd_sc_hd__nor4_2)
                                                         _0721_ (net)
                      0.691321    0.000171  501.161499 ^ _1520_/A2 (sky130_fd_sc_hd__o21a_2)
     1    0.002611    0.041645    0.201226  501.362732 ^ _1520_/X (sky130_fd_sc_hd__o21a_2)
                                                         _0739_ (net)
                      0.041645    0.000000  501.362732 ^ _1521_/B1 (sky130_fd_sc_hd__a31o_2)
     1    0.002145    0.043453    0.083958  501.446686 ^ _1521_/X (sky130_fd_sc_hd__a31o_2)
                                                         _0013_ (net)
                      0.043453    0.000000  501.446686 ^ _1583_/D (sky130_fd_sc_hd__dfrtp_2)
                                            501.446686   data arrival time

                               2500.000000 2500.000000   clock clk (rise edge)
                                  0.000000 2500.000000   clock source latency
    35    0.087314    0.395416    0.273076 2500.273193 ^ clk (in)
                                                         clk (net)
                      0.395419    0.000000 2500.273193 ^ _1583_/CLK (sky130_fd_sc_hd__dfrtp_2)
                                 -0.250000 2500.022949   clock uncertainty
                                  0.000000 2500.022949   clock reconvergence pessimism
                                 -0.009730 2500.013184   library setup time
                                           2500.013184   data required time
---------------------------------------------------------------------------------------------
                                           2500.013184   data required time
                                           -501.446686   data arrival time
---------------------------------------------------------------------------------------------
                                           1998.566406   slack (MET)




===========================================================================
report_checks --slack_max -0.01
============================================================================
======================= nom_tt_025C_1v80 Corner ===================================

No paths found.


===========================================================================
 report_check_types -max_slew -max_cap -max_fanout -violators
============================================================================
======================= nom_tt_025C_1v80 Corner ===================================

max slew

Pin                                        Limit        Slew       Slack
------------------------------------------------------------------------
_0866_/B1                               0.750000    1.651804   -0.901804 (VIOLATED)
_0873_/C                                0.750000    1.651805   -0.901805 (VIOLATED)
_0925_/A                                0.750000    1.651805   -0.901805 (VIOLATED)
_0945_/B1                               0.750000    1.651803   -0.901803 (VIOLATED)
_0936_/B1                               0.750000    1.651802   -0.901802 (VIOLATED)
_0913_/B1                               0.750000    1.651800   -0.901800 (VIOLATED)
_1060_/A1                               0.750000    1.651798   -0.901798 (VIOLATED)
_0969_/A                                0.750000    1.651796   -0.901796 (VIOLATED)
_1004_/A1                               0.750000    1.651796   -0.901796 (VIOLATED)
_1418_/D1                               0.750000    1.651797   -0.901797 (VIOLATED)
_1026_/B1                               0.750000    1.651796   -0.901796 (VIOLATED)
_1117_/B                                0.750000    1.651794   -0.901794 (VIOLATED)
_1397_/A1                               0.750000    1.651793   -0.901793 (VIOLATED)
_0834_/A                                0.750000    1.651792   -0.901792 (VIOLATED)
_1012_/A1                               0.750000    1.651792   -0.901792 (VIOLATED)
_1471_/A1                               0.750000    1.651793   -0.901793 (VIOLATED)
_0930_/D                                0.750000    1.651791   -0.901791 (VIOLATED)
_0937_/B1                               0.750000    1.651791   -0.901791 (VIOLATED)
_1469_/A1                               0.750000    1.651791   -0.901791 (VIOLATED)
_1478_/A1                               0.750000    1.651790   -0.901790 (VIOLATED)
_0830_/B                                0.750000    1.651789   -0.901789 (VIOLATED)
_0926_/A                                0.750000    1.651788   -0.901788 (VIOLATED)
_1005_/A1                               0.750000    1.651788   -0.901788 (VIOLATED)
_1378_/C1                               0.750000    1.651788   -0.901788 (VIOLATED)
_1482_/A1                               0.750000    1.651789   -0.901789 (VIOLATED)
_1059_/A1                               0.750000    1.651787   -0.901787 (VIOLATED)
_1081_/A1                               0.750000    1.651783   -0.901783 (VIOLATED)
_0839_/B1                               0.750000    1.651779   -0.901779 (VIOLATED)
_0909_/A                                0.750000    1.651780   -0.901780 (VIOLATED)
_0987_/B1                               0.750000    1.651780   -0.901780 (VIOLATED)
_1276_/A1                               0.750000    1.651780   -0.901780 (VIOLATED)
_1449_/A1                               0.750000    1.651780   -0.901780 (VIOLATED)
_0944_/A                                0.750000    1.651778   -0.901778 (VIOLATED)
_1420_/A                                0.750000    1.651778   -0.901778 (VIOLATED)
_0948_/A0                               0.750000    1.651775   -0.901775 (VIOLATED)
_0812_/B                                0.750000    1.651771   -0.901771 (VIOLATED)
_1024_/B1                               0.750000    1.651772   -0.901772 (VIOLATED)
_1253_/C1                               0.750000    1.651771   -0.901771 (VIOLATED)
_0826_/B                                0.750000    1.651768   -0.901768 (VIOLATED)
_1336_/A1                               0.750000    1.651769   -0.901769 (VIOLATED)
_1199_/B_N                              0.750000    1.651767   -0.901768 (VIOLATED)
_1298_/A1                               0.750000    1.651767   -0.901767 (VIOLATED)
_0928_/B                                0.750000    1.651765   -0.901765 (VIOLATED)
_1441_/A1                               0.750000    1.651766   -0.901766 (VIOLATED)
_1303_/C1                               0.750000    1.651765   -0.901765 (VIOLATED)
_1096_/C1                               0.750000    1.651763   -0.901763 (VIOLATED)
_1035_/A                                0.750000    1.651758   -0.901758 (VIOLATED)
_0912_/B1                               0.750000    1.651756   -0.901756 (VIOLATED)
_0953_/A                                0.750000    1.651756   -0.901756 (VIOLATED)
_1306_/A2                               0.750000    1.651756   -0.901756 (VIOLATED)
_0889_/A                                0.750000    1.651753   -0.901753 (VIOLATED)
_0891_/A1                               0.750000    1.651754   -0.901754 (VIOLATED)
_1000_/A                                0.750000    1.651754   -0.901754 (VIOLATED)
_1177_/C1                               0.750000    1.651753   -0.901753 (VIOLATED)
_0968_/A                                0.750000    1.651752   -0.901752 (VIOLATED)
_1208_/A                                0.750000    1.651751   -0.901751 (VIOLATED)
_0811_/B                                0.750000    1.651748   -0.901748 (VIOLATED)
_0857_/B1                               0.750000    1.651748   -0.901748 (VIOLATED)
_0985_/A_N                              0.750000    1.651748   -0.901748 (VIOLATED)
_1156_/B1                               0.750000    1.651748   -0.901748 (VIOLATED)
_0865_/A                                0.750000    1.651746   -0.901746 (VIOLATED)
_1221_/A1                               0.750000    1.651747   -0.901747 (VIOLATED)
_1288_/A2                               0.750000    1.651748   -0.901748 (VIOLATED)
_1305_/B1                               0.750000    1.651747   -0.901747 (VIOLATED)
_1222_/A1                               0.750000    1.651746   -0.901746 (VIOLATED)
_0991_/A                                0.750000    1.651742   -0.901742 (VIOLATED)
_0827_/B1                               0.750000    1.651738   -0.901738 (VIOLATED)
_1236_/C                                0.750000    1.651734   -0.901734 (VIOLATED)
_0880_/A3                               0.750000    1.651731   -0.901731 (VIOLATED)
_0978_/A1                               0.750000    1.651729   -0.901729 (VIOLATED)
_0981_/B1                               0.750000    1.651728   -0.901728 (VIOLATED)
_0984_/A_N                              0.750000    1.651728   -0.901728 (VIOLATED)
_1461_/A2                               0.750000    1.651729   -0.901729 (VIOLATED)
_1385_/A1                               0.750000    1.651728   -0.901728 (VIOLATED)
_1147_/A                                0.750000    1.651723   -0.901723 (VIOLATED)
_0797_/A                                0.750000    1.651721   -0.901721 (VIOLATED)
_0821_/B                                0.750000    1.651721   -0.901721 (VIOLATED)
_0835_/A                                0.750000    1.651721   -0.901721 (VIOLATED)
_0931_/D                                0.750000    1.651721   -0.901721 (VIOLATED)
_0970_/B1                               0.750000    1.651721   -0.901721 (VIOLATED)
_0859_/A1                               0.750000    1.651720   -0.901720 (VIOLATED)
_0988_/B1                               0.750000    1.651721   -0.901721 (VIOLATED)
_1228_/B1                               0.750000    1.651720   -0.901720 (VIOLATED)
_0840_/B1                               0.750000    1.651718   -0.901718 (VIOLATED)
_0863_/B1                               0.750000    1.651719   -0.901719 (VIOLATED)
_0884_/A3                               0.750000    1.651720   -0.901720 (VIOLATED)
_0901_/A1                               0.750000    1.651717   -0.901717 (VIOLATED)
_0916_/B                                0.750000    1.651716   -0.901716 (VIOLATED)
_0955_/A                                0.750000    1.651716   -0.901716 (VIOLATED)
_0831_/A_N                              0.750000    1.651715   -0.901715 (VIOLATED)
_1543_/A1                               0.750000    1.651712   -0.901712 (VIOLATED)
_1592_/Q                                0.750000    1.651712   -0.901712 (VIOLATED)
_0823_/A_N                              0.750000    1.557433   -0.807433 (VIOLATED)
_0829_/A                                0.750000    1.557434   -0.807434 (VIOLATED)
_0975_/B                                0.750000    1.557433   -0.807433 (VIOLATED)
_0980_/A                                0.750000    1.557434   -0.807434 (VIOLATED)
_0925_/B                                0.750000    1.557432   -0.807432 (VIOLATED)
_0951_/A                                0.750000    1.557431   -0.807431 (VIOLATED)
_0969_/B                                0.750000    1.557430   -0.807430 (VIOLATED)
_1087_/A2                               0.750000    1.557422   -0.807422 (VIOLATED)
_1012_/B1                               0.750000    1.557417   -0.807417 (VIOLATED)
_1030_/A1                               0.750000    1.557417   -0.807417 (VIOLATED)
_1194_/A1                               0.750000    1.557417   -0.807417 (VIOLATED)
_1201_/A1                               0.750000    1.557417   -0.807417 (VIOLATED)
_0834_/B                                0.750000    1.557414   -0.807414 (VIOLATED)
_1256_/A                                0.750000    1.557412   -0.807412 (VIOLATED)
_0818_/B1                               0.750000    1.557407   -0.807407 (VIOLATED)
_1055_/C1                               0.750000    1.557407   -0.807407 (VIOLATED)
_1061_/A1                               0.750000    1.557405   -0.807405 (VIOLATED)
_1004_/B1                               0.750000    1.557404   -0.807404 (VIOLATED)
_1006_/A1                               0.750000    1.557404   -0.807404 (VIOLATED)
_1111_/A                                0.750000    1.557401   -0.807401 (VIOLATED)
_1418_/A1                               0.750000    1.557401   -0.807401 (VIOLATED)
_1011_/A1                               0.750000    1.557395   -0.807395 (VIOLATED)
_0962_/A                                0.750000    1.557374   -0.807374 (VIOLATED)
_0926_/B                                0.750000    1.557372   -0.807373 (VIOLATED)
_1005_/B1                               0.750000    1.557373   -0.807373 (VIOLATED)
_1077_/A1                               0.750000    1.557374   -0.807374 (VIOLATED)
_1002_/A1                               0.750000    1.557372   -0.807372 (VIOLATED)
_1218_/A1                               0.750000    1.557371   -0.807371 (VIOLATED)
_0924_/C1                               0.750000    1.557370   -0.807370 (VIOLATED)
_1178_/C1                               0.750000    1.557367   -0.807367 (VIOLATED)
_1109_/A1                               0.750000    1.557365   -0.807365 (VIOLATED)
_1160_/A1                               0.750000    1.557364   -0.807364 (VIOLATED)
_0997_/A1                               0.750000    1.557363   -0.807363 (VIOLATED)
_0890_/A1                               0.750000    1.557341   -0.807341 (VIOLATED)
_1398_/A                                0.750000    1.557325   -0.807325 (VIOLATED)
_1053_/B1                               0.750000    1.557306   -0.807306 (VIOLATED)
_0948_/S0                               0.750000    1.557302   -0.807302 (VIOLATED)
_1167_/A1                               0.750000    1.557302   -0.807302 (VIOLATED)
_1168_/A1                               0.750000    1.557301   -0.807301 (VIOLATED)
_1252_/A                                0.750000    1.557302   -0.807302 (VIOLATED)
_1266_/A1                               0.750000    1.557303   -0.807303 (VIOLATED)
_0915_/A                                0.750000    1.557300   -0.807300 (VIOLATED)
_0917_/A1                               0.750000    1.557299   -0.807299 (VIOLATED)
_0819_/B1                               0.750000    1.557297   -0.807297 (VIOLATED)
_0927_/B                                0.750000    1.557298   -0.807298 (VIOLATED)
_0928_/C                                0.750000    1.557296   -0.807296 (VIOLATED)
_1064_/C1                               0.750000    1.557296   -0.807296 (VIOLATED)
_1242_/A1                               0.750000    1.557297   -0.807297 (VIOLATED)
_1283_/B                                0.750000    1.557295   -0.807295 (VIOLATED)
_0820_/B                                0.750000    1.557291   -0.807291 (VIOLATED)
_0953_/B                                0.750000    1.557291   -0.807291 (VIOLATED)
_1288_/B1                               0.750000    1.557291   -0.807291 (VIOLATED)
_1301_/A1                               0.750000    1.557291   -0.807291 (VIOLATED)
_0932_/A                                0.750000    1.557280   -0.807280 (VIOLATED)
_0989_/A                                0.750000    1.557267   -0.807267 (VIOLATED)
_1130_/A1                               0.750000    1.557267   -0.807267 (VIOLATED)
_0952_/A                                0.750000    1.557266   -0.807266 (VIOLATED)
_1132_/A1                               0.750000    1.557266   -0.807266 (VIOLATED)
_1443_/S                                0.750000    1.557264   -0.807264 (VIOLATED)
_1189_/A1                               0.750000    1.557262   -0.807262 (VIOLATED)
_1455_/B1                               0.750000    1.557261   -0.807261 (VIOLATED)
_1441_/D1                               0.750000    1.557258   -0.807258 (VIOLATED)
_0991_/B                                0.750000    1.557247   -0.807247 (VIOLATED)
_0822_/A_N                              0.750000    1.557246   -0.807246 (VIOLATED)
_0981_/C1                               0.750000    1.557246   -0.807246 (VIOLATED)
_0918_/A                                0.750000    1.557240   -0.807240 (VIOLATED)
_0984_/B                                0.750000    1.557237   -0.807237 (VIOLATED)
_0828_/A                                0.750000    1.557233   -0.807233 (VIOLATED)
_1289_/A1                               0.750000    1.557219   -0.807219 (VIOLATED)
_1433_/C1                               0.750000    1.557218   -0.807218 (VIOLATED)
_0798_/A                                0.750000    1.557213   -0.807213 (VIOLATED)
_0985_/B                                0.750000    1.557214   -0.807214 (VIOLATED)
_1045_/A1                               0.750000    1.557213   -0.807213 (VIOLATED)
_0821_/C                                0.750000    1.557212   -0.807212 (VIOLATED)
_0835_/B                                0.750000    1.557212   -0.807212 (VIOLATED)
_0884_/B1                               0.750000    1.557210   -0.807210 (VIOLATED)
_1223_/A1                               0.750000    1.557209   -0.807209 (VIOLATED)
_0880_/B1                               0.750000    1.557206   -0.807206 (VIOLATED)
_1238_/A1                               0.750000    1.557206   -0.807206 (VIOLATED)
_1363_/A1                               0.750000    1.557205   -0.807205 (VIOLATED)
_0840_/C1                               0.750000    1.557190   -0.807190 (VIOLATED)
_0867_/A1                               0.750000    1.557190   -0.807190 (VIOLATED)
_0901_/B1                               0.750000    1.557190   -0.807190 (VIOLATED)
_0955_/B                                0.750000    1.557190   -0.807190 (VIOLATED)
_0916_/A_N                              0.750000    1.557189   -0.807189 (VIOLATED)
_1545_/A1                               0.750000    1.557183   -0.807183 (VIOLATED)
_1593_/Q                                0.750000    1.557179   -0.807179 (VIOLATED)
_0856_/B1                               0.750000    1.522929   -0.772929 (VIOLATED)
_0873_/B                                0.750000    1.522928   -0.772929 (VIOLATED)
_0906_/C1                               0.750000    1.522928   -0.772928 (VIOLATED)
_0936_/A1                               0.750000    1.522928   -0.772928 (VIOLATED)
_1072_/A_N                              0.750000    1.522928   -0.772928 (VIOLATED)
_0814_/B                                0.750000    1.522927   -0.772927 (VIOLATED)
_0824_/B1                               0.750000    1.522927   -0.772927 (VIOLATED)
_0930_/B                                0.750000    1.522926   -0.772927 (VIOLATED)
_0945_/A2                               0.750000    1.522927   -0.772927 (VIOLATED)
_1087_/A1                               0.750000    1.522926   -0.772926 (VIOLATED)
_0866_/A2                               0.750000    1.522925   -0.772925 (VIOLATED)
_1125_/A1                               0.750000    1.522926   -0.772926 (VIOLATED)
_0938_/A1                               0.750000    1.522924   -0.772924 (VIOLATED)
_1026_/C1                               0.750000    1.522923   -0.772923 (VIOLATED)
_1117_/A_N                              0.750000    1.522915   -0.772915 (VIOLATED)
_0816_/B                                0.750000    1.522902   -0.772902 (VIOLATED)
_1024_/A2                               0.750000    1.522892   -0.772892 (VIOLATED)
_0812_/A                                0.750000    1.522881   -0.772881 (VIOLATED)
_1127_/D1                               0.750000    1.522875   -0.772875 (VIOLATED)
_1271_/A1                               0.750000    1.522875   -0.772875 (VIOLATED)
_1253_/A2                               0.750000    1.522874   -0.772874 (VIOLATED)
_0950_/A_N                              0.750000    1.522864   -0.772864 (VIOLATED)
_1170_/B1                               0.750000    1.522864   -0.772864 (VIOLATED)
_0927_/A                                0.750000    1.522862   -0.772862 (VIOLATED)
_1157_/A1                               0.750000    1.522851   -0.772851 (VIOLATED)
_0826_/A                                0.750000    1.522850   -0.772850 (VIOLATED)
_0910_/C1                               0.750000    1.522850   -0.772850 (VIOLATED)
_1199_/D                                0.750000    1.522850   -0.772850 (VIOLATED)
_0928_/A                                0.750000    1.522837   -0.772837 (VIOLATED)
_1244_/B2                               0.750000    1.522836   -0.772836 (VIOLATED)
_0837_/B1                               0.750000    1.522825   -0.772825 (VIOLATED)
_0820_/A                                0.750000    1.522823   -0.772823 (VIOLATED)
_0912_/C1                               0.750000    1.522818   -0.772818 (VIOLATED)
_1124_/A                                0.750000    1.522817   -0.772817 (VIOLATED)
_1184_/B                                0.750000    1.522817   -0.772817 (VIOLATED)
_0811_/A                                0.750000    1.522816   -0.772816 (VIOLATED)
_0854_/A                                0.750000    1.522814   -0.772814 (VIOLATED)
_0999_/B1                               0.750000    1.522803   -0.772803 (VIOLATED)
_1106_/A                                0.750000    1.522802   -0.772802 (VIOLATED)
_0857_/C1                               0.750000    1.522799   -0.772799 (VIOLATED)
_0929_/B                                0.750000    1.522799   -0.772799 (VIOLATED)
_0931_/B                                0.750000    1.522799   -0.772799 (VIOLATED)
_0860_/B                                0.750000    1.522798   -0.772798 (VIOLATED)
_1155_/A                                0.750000    1.522799   -0.772799 (VIOLATED)
_0861_/B                                0.750000    1.522797   -0.772797 (VIOLATED)
_1095_/B1_N                             0.750000    1.522798   -0.772798 (VIOLATED)
_1362_/B                                0.750000    1.522793   -0.772793 (VIOLATED)
_1236_/D                                0.750000    1.522784   -0.772784 (VIOLATED)
_0880_/A2                               0.750000    1.522781   -0.772781 (VIOLATED)
_0825_/B1                               0.750000    1.522777   -0.772777 (VIOLATED)
_0839_/C1                               0.750000    1.522777   -0.772777 (VIOLATED)
_0907_/C1                               0.750000    1.522777   -0.772777 (VIOLATED)
_0913_/C1                               0.750000    1.522777   -0.772777 (VIOLATED)
_0987_/A2                               0.750000    1.522777   -0.772777 (VIOLATED)
_0937_/A1                               0.750000    1.522776   -0.772776 (VIOLATED)
_1378_/A1                               0.750000    1.522775   -0.772775 (VIOLATED)
_1148_/A1                               0.750000    1.522772   -0.772772 (VIOLATED)
_0795_/A                                0.750000    1.522769   -0.772770 (VIOLATED)
_0821_/A                                0.750000    1.522770   -0.772770 (VIOLATED)
_0970_/C1                               0.750000    1.522770   -0.772770 (VIOLATED)
_0884_/A2                               0.750000    1.522769   -0.772769 (VIOLATED)
_0988_/A2                               0.750000    1.522769   -0.772769 (VIOLATED)
_0998_/B1                               0.750000    1.522770   -0.772770 (VIOLATED)
_1154_/B1                               0.750000    1.522770   -0.772770 (VIOLATED)
_1280_/B1                               0.750000    1.522770   -0.772770 (VIOLATED)
_1227_/A2                               0.750000    1.522769   -0.772769 (VIOLATED)
_0815_/B                                0.750000    1.522768   -0.772768 (VIOLATED)
_0911_/C1                               0.750000    1.522768   -0.772768 (VIOLATED)
_1102_/A                                0.750000    1.522768   -0.772768 (VIOLATED)
_0827_/C1                               0.750000    1.522766   -0.772766 (VIOLATED)
_0840_/D1                               0.750000    1.522767   -0.772767 (VIOLATED)
_0899_/B                                0.750000    1.522766   -0.772766 (VIOLATED)
_0949_/A_N                              0.750000    1.522765   -0.772765 (VIOLATED)
_0981_/A2                               0.750000    1.522765   -0.772765 (VIOLATED)
_1094_/A                                0.750000    1.522765   -0.772765 (VIOLATED)
_0831_/B                                0.750000    1.522762   -0.772762 (VIOLATED)
_0838_/B1                               0.750000    1.522762   -0.772762 (VIOLATED)
_0851_/B                                0.750000    1.522762   -0.772762 (VIOLATED)
_0852_/B                                0.750000    1.522762   -0.772762 (VIOLATED)
_0855_/B1                               0.750000    1.522762   -0.772762 (VIOLATED)
_0863_/A2                               0.750000    1.522762   -0.772762 (VIOLATED)
_0900_/B                                0.750000    1.522762   -0.772762 (VIOLATED)
_1122_/A                                0.750000    1.522762   -0.772762 (VIOLATED)
_1123_/A1                               0.750000    1.522762   -0.772762 (VIOLATED)
_1287_/B1                               0.750000    1.522762   -0.772762 (VIOLATED)
_1539_/A                                0.750000    1.522762   -0.772762 (VIOLATED)
_1591_/Q                                0.750000    1.522762   -0.772762 (VIOLATED)
_0823_/B                                0.750000    1.282518   -0.532518 (VIOLATED)
_0829_/B                                0.750000    1.282519   -0.532519 (VIOLATED)
_0975_/A_N                              0.750000    1.282519   -0.532519 (VIOLATED)
_0799_/A                                0.750000    1.282518   -0.532518 (VIOLATED)
_0951_/B                                0.750000    1.282518   -0.532518 (VIOLATED)
_0969_/C_N                              0.750000    1.282517   -0.532517 (VIOLATED)
_1193_/A1                               0.750000    1.282510   -0.532510 (VIOLATED)
_1481_/A2                               0.750000    1.282507   -0.532507 (VIOLATED)
_1261_/C1                               0.750000    1.282506   -0.532506 (VIOLATED)
_1479_/B1                               0.750000    1.282506   -0.532506 (VIOLATED)
_1013_/A                                0.750000    1.282504   -0.532504 (VIOLATED)
_1416_/A1                               0.750000    1.282504   -0.532504 (VIOLATED)
_1011_/C1                               0.750000    1.282503   -0.532503 (VIOLATED)
_1058_/B2                               0.750000    1.282501   -0.532501 (VIOLATED)
_1061_/C1                               0.750000    1.282501   -0.532501 (VIOLATED)
_1426_/A1_N                             0.750000    1.282501   -0.532501 (VIOLATED)
_0952_/B                                0.750000    1.282499   -0.532499 (VIOLATED)
_1006_/C1                               0.750000    1.282500   -0.532500 (VIOLATED)
_1079_/A1                               0.750000    1.282500   -0.532500 (VIOLATED)
_1132_/B2                               0.750000    1.282500   -0.532500 (VIOLATED)
_0944_/B                                0.750000    1.282499   -0.532499 (VIOLATED)
_1002_/C1                               0.750000    1.282499   -0.532499 (VIOLATED)
_1445_/A1                               0.750000    1.282499   -0.532499 (VIOLATED)
_1007_/C1                               0.750000    1.282498   -0.532498 (VIOLATED)
_1066_/B                                0.750000    1.282497   -0.532497 (VIOLATED)
_1379_/B1                               0.750000    1.282497   -0.532497 (VIOLATED)
_0935_/B2                               0.750000    1.282495   -0.532495 (VIOLATED)
_1452_/A                                0.750000    1.282494   -0.532494 (VIOLATED)
_1453_/A2                               0.750000    1.282495   -0.532495 (VIOLATED)
_0902_/A                                0.750000    1.282485   -0.532486 (VIOLATED)
_1025_/A                                0.750000    1.282478   -0.532478 (VIOLATED)
_1198_/A1                               0.750000    1.282478   -0.532478 (VIOLATED)
_0893_/A                                0.750000    1.282477   -0.532477 (VIOLATED)
_0974_/B                                0.750000    1.282477   -0.532477 (VIOLATED)
_1317_/A                                0.750000    1.282476   -0.532476 (VIOLATED)
_1254_/A1                               0.750000    1.282475   -0.532475 (VIOLATED)
_0995_/A                                0.750000    1.282474   -0.532474 (VIOLATED)
_1135_/A                                0.750000    1.282474   -0.532474 (VIOLATED)
_1171_/A1                               0.750000    1.282474   -0.532474 (VIOLATED)
_1273_/A1                               0.750000    1.282474   -0.532474 (VIOLATED)
_0896_/A                                0.750000    1.282473   -0.532473 (VIOLATED)
_1291_/B2                               0.750000    1.282472   -0.532472 (VIOLATED)
_0965_/A                                0.750000    1.282469   -0.532469 (VIOLATED)
_0921_/A                                0.750000    1.282467   -0.532467 (VIOLATED)
_0822_/B                                0.750000    1.282459   -0.532459 (VIOLATED)
_0881_/A_N                              0.750000    1.282455   -0.532455 (VIOLATED)
_0953_/C                                0.750000    1.282455   -0.532455 (VIOLATED)
_1047_/A                                0.750000    1.282455   -0.532455 (VIOLATED)
_1110_/A                                0.750000    1.282455   -0.532455 (VIOLATED)
_1114_/A                                0.750000    1.282455   -0.532455 (VIOLATED)
_1245_/A1                               0.750000    1.282455   -0.532455 (VIOLATED)
_1307_/A1                               0.750000    1.282454   -0.532455 (VIOLATED)
_1321_/C1                               0.750000    1.282455   -0.532455 (VIOLATED)
_0882_/A_N                              0.750000    1.282454   -0.532454 (VIOLATED)
_1045_/B1                               0.750000    1.282454   -0.532454 (VIOLATED)
_1105_/A1                               0.750000    1.282454   -0.532454 (VIOLATED)
_1156_/C1                               0.750000    1.282454   -0.532454 (VIOLATED)
_1221_/A2                               0.750000    1.282453   -0.532453 (VIOLATED)
_1330_/B2                               0.750000    1.282454   -0.532454 (VIOLATED)
_1367_/A1                               0.750000    1.282454   -0.532454 (VIOLATED)
_1123_/B2                               0.750000    1.282452   -0.532452 (VIOLATED)
_0828_/B                                0.750000    1.282450   -0.532450 (VIOLATED)
_0842_/A                                0.750000    1.282450   -0.532450 (VIOLATED)
_0867_/B1                               0.750000    1.282450   -0.532450 (VIOLATED)
_0868_/A1                               0.750000    1.282450   -0.532450 (VIOLATED)
_0870_/A                                0.750000    1.282450   -0.532450 (VIOLATED)
_0892_/A                                0.750000    1.282450   -0.532450 (VIOLATED)
_0955_/C                                0.750000    1.282450   -0.532450 (VIOLATED)
_0982_/A                                0.750000    1.282450   -0.532450 (VIOLATED)
_0983_/A1                               0.750000    1.282450   -0.532450 (VIOLATED)
_1057_/A                                0.750000    1.282450   -0.532450 (VIOLATED)
_1339_/B                                0.750000    1.282450   -0.532450 (VIOLATED)
_1549_/A1                               0.750000    1.282450   -0.532450 (VIOLATED)
_1594_/Q                                0.750000    1.282450   -0.532450 (VIOLATED)
_0856_/A1                               0.750000    1.253558   -0.503558 (VIOLATED)
_1026_/D1                               0.750000    1.253558   -0.503558 (VIOLATED)
_0824_/A1                               0.750000    1.253557   -0.503557 (VIOLATED)
_0873_/A                                0.750000    1.253557   -0.503557 (VIOLATED)
_0813_/A                                0.750000    1.253555   -0.503555 (VIOLATED)
_0866_/A1                               0.750000    1.253555   -0.503555 (VIOLATED)
_0945_/A1                               0.750000    1.253555   -0.503555 (VIOLATED)
_0904_/B1                               0.750000    1.253555   -0.503555 (VIOLATED)
_0906_/B1                               0.750000    1.253553   -0.503553 (VIOLATED)
_0814_/A                                0.750000    1.253549   -0.503549 (VIOLATED)
_0913_/D1                               0.750000    1.253549   -0.503549 (VIOLATED)
_0930_/A                                0.750000    1.253549   -0.503549 (VIOLATED)
_0825_/A1                               0.750000    1.253547   -0.503547 (VIOLATED)
_0846_/A                                0.750000    1.253542   -0.503542 (VIOLATED)
_1118_/A                                0.750000    1.253542   -0.503542 (VIOLATED)
_0816_/A                                0.750000    1.253540   -0.503540 (VIOLATED)
_1024_/A1                               0.750000    1.253538   -0.503538 (VIOLATED)
_0907_/B1                               0.750000    1.253537   -0.503537 (VIOLATED)
_0987_/A1                               0.750000    1.253537   -0.503537 (VIOLATED)
_1040_/A_N                              0.750000    1.253536   -0.503536 (VIOLATED)
_1127_/A1                               0.750000    1.253534   -0.503534 (VIOLATED)
_1253_/A1                               0.750000    1.253534   -0.503534 (VIOLATED)
_0845_/A                                0.750000    1.253532   -0.503532 (VIOLATED)
_0839_/A1                               0.750000    1.253531   -0.503531 (VIOLATED)
_0950_/B                                0.750000    1.253530   -0.503530 (VIOLATED)
_0874_/A                                0.750000    1.253528   -0.503528 (VIOLATED)
_0910_/B1                               0.750000    1.253525   -0.503526 (VIOLATED)
_1199_/C                                0.750000    1.253526   -0.503526 (VIOLATED)
_0912_/D1                               0.750000    1.253520   -0.503521 (VIOLATED)
_0905_/B1                               0.750000    1.253518   -0.503518 (VIOLATED)
_0794_/A                                0.750000    1.253516   -0.503516 (VIOLATED)
_0837_/A1                               0.750000    1.253517   -0.503517 (VIOLATED)
_0857_/A1                               0.750000    1.253513   -0.503513 (VIOLATED)
_0929_/A                                0.750000    1.253512   -0.503512 (VIOLATED)
_0931_/A                                0.750000    1.253512   -0.503512 (VIOLATED)
_0970_/A1                               0.750000    1.253512   -0.503512 (VIOLATED)
_0998_/A1                               0.750000    1.253510   -0.503510 (VIOLATED)
_0836_/A                                0.750000    1.253509   -0.503509 (VIOLATED)
_1041_/A_N                              0.750000    1.253509   -0.503509 (VIOLATED)
_1042_/B1_N                             0.750000    1.253509   -0.503509 (VIOLATED)
_1100_/C_N                              0.750000    1.253509   -0.503509 (VIOLATED)
_0860_/A                                0.750000    1.253506   -0.503506 (VIOLATED)
_0861_/A                                0.750000    1.253505   -0.503505 (VIOLATED)
_1154_/A1                               0.750000    1.253505   -0.503505 (VIOLATED)
_1328_/A1                               0.750000    1.253505   -0.503505 (VIOLATED)
_0815_/A                                0.750000    1.253503   -0.503503 (VIOLATED)
_0999_/A1                               0.750000    1.253503   -0.503503 (VIOLATED)
_1362_/A                                0.750000    1.253503   -0.503503 (VIOLATED)
_0827_/A1                               0.750000    1.253499   -0.503499 (VIOLATED)
_0880_/A1                               0.750000    1.253498   -0.503498 (VIOLATED)
_1093_/A                                0.750000    1.253497   -0.503497 (VIOLATED)
_0847_/A                                0.750000    1.253495   -0.503495 (VIOLATED)
_0949_/B                                0.750000    1.253495   -0.503495 (VIOLATED)
_0981_/A1                               0.750000    1.253495   -0.503495 (VIOLATED)
_0855_/A1                               0.750000    1.253494   -0.503494 (VIOLATED)
_1287_/A1                               0.750000    1.253494   -0.503494 (VIOLATED)
_0838_/A1                               0.750000    1.253492   -0.503492 (VIOLATED)
_0840_/A1                               0.750000    1.253492   -0.503492 (VIOLATED)
_0851_/A                                0.750000    1.253492   -0.503492 (VIOLATED)
_0852_/A                                0.750000    1.253492   -0.503492 (VIOLATED)
_0863_/A1                               0.750000    1.253492   -0.503492 (VIOLATED)
_0875_/A                                0.750000    1.253492   -0.503492 (VIOLATED)
_0884_/A1                               0.750000    1.253492   -0.503492 (VIOLATED)
_0899_/A                                0.750000    1.253492   -0.503492 (VIOLATED)
_0900_/A                                0.750000    1.253492   -0.503492 (VIOLATED)
_0911_/B1                               0.750000    1.253492   -0.503492 (VIOLATED)
_0988_/A1                               0.750000    1.253492   -0.503492 (VIOLATED)
_1227_/A1                               0.750000    1.253492   -0.503492 (VIOLATED)
_1538_/A1                               0.750000    1.253492   -0.503492 (VIOLATED)
_1590_/Q                                0.750000    1.253492   -0.503492 (VIOLATED)
_0904_/A2                               0.750000    1.128915   -0.378915 (VIOLATED)
_0906_/A2                               0.750000    1.128915   -0.378915 (VIOLATED)
_0945_/A4                               0.750000    1.128915   -0.378915 (VIOLATED)
_0813_/B                                0.750000    1.128914   -0.378914 (VIOLATED)
_1353_/A3                               0.750000    1.128914   -0.378914 (VIOLATED)
_0866_/A3                               0.750000    1.128913   -0.378913 (VIOLATED)
_0824_/A2                               0.750000    1.128912   -0.378912 (VIOLATED)
_0856_/A3                               0.750000    1.128912   -0.378912 (VIOLATED)
_1026_/A2                               0.750000    1.128909   -0.378909 (VIOLATED)
_1118_/B                                0.750000    1.128903   -0.378903 (VIOLATED)
_0816_/C                                0.750000    1.128895   -0.378895 (VIOLATED)
_1024_/A3                               0.750000    1.128890   -0.378890 (VIOLATED)
_1040_/B                                0.750000    1.128886   -0.378886 (VIOLATED)
_1335_/A                                0.750000    1.128875   -0.378875 (VIOLATED)
_1085_/A_N                              0.750000    1.128870   -0.378870 (VIOLATED)
_1199_/A_N                              0.750000    1.128870   -0.378870 (VIOLATED)
_0910_/A2                               0.750000    1.128868   -0.378868 (VIOLATED)
_0837_/A2                               0.750000    1.128859   -0.378859 (VIOLATED)
_1306_/A1                               0.750000    1.128854   -0.378854 (VIOLATED)
_0905_/A2                               0.750000    1.128850   -0.378850 (VIOLATED)
_0912_/A2                               0.750000    1.128850   -0.378850 (VIOLATED)
_0849_/B                                0.750000    1.128850   -0.378850 (VIOLATED)
_0857_/A3                               0.750000    1.128850   -0.378850 (VIOLATED)
_1084_/A_N                              0.750000    1.128850   -0.378850 (VIOLATED)
_0929_/C                                0.750000    1.128849   -0.378849 (VIOLATED)
_0931_/C                                0.750000    1.128849   -0.378849 (VIOLATED)
_0970_/A3                               0.750000    1.128849   -0.378849 (VIOLATED)
_0999_/A3                               0.750000    1.128849   -0.378849 (VIOLATED)
_0836_/B                                0.750000    1.128848   -0.378848 (VIOLATED)
_1095_/A2                               0.750000    1.128847   -0.378847 (VIOLATED)
_0930_/C                                0.750000    1.128842   -0.378842 (VIOLATED)
_0825_/A2                               0.750000    1.128842   -0.378842 (VIOLATED)
_0913_/A2                               0.750000    1.128842   -0.378842 (VIOLATED)
_0907_/A2                               0.750000    1.128840   -0.378841 (VIOLATED)
_1236_/B                                0.750000    1.128840   -0.378841 (VIOLATED)
_0839_/A2                               0.750000    1.128840   -0.378840 (VIOLATED)
_0847_/C                                0.750000    1.128838   -0.378838 (VIOLATED)
_0848_/B                                0.750000    1.128837   -0.378837 (VIOLATED)
_0871_/B                                0.750000    1.128837   -0.378837 (VIOLATED)
_1041_/C                                0.750000    1.128837   -0.378837 (VIOLATED)
_1042_/A2                               0.750000    1.128837   -0.378837 (VIOLATED)
_1100_/B                                0.750000    1.128837   -0.378837 (VIOLATED)
_0875_/C                                0.750000    1.128837   -0.378837 (VIOLATED)
_0911_/A2                               0.750000    1.128837   -0.378837 (VIOLATED)
_0998_/A3                               0.750000    1.128837   -0.378837 (VIOLATED)
_1227_/C1                               0.750000    1.128837   -0.378837 (VIOLATED)
_0815_/C                                0.750000    1.128836   -0.378836 (VIOLATED)
_0840_/A2                               0.750000    1.128836   -0.378836 (VIOLATED)
_0899_/D                                0.750000    1.128836   -0.378836 (VIOLATED)
_0796_/A                                0.750000    1.128834   -0.378835 (VIOLATED)
_0827_/A2                               0.750000    1.128834   -0.378835 (VIOLATED)
_0838_/A2                               0.750000    1.128834   -0.378835 (VIOLATED)
_0851_/D                                0.750000    1.128834   -0.378835 (VIOLATED)
_0852_/D                                0.750000    1.128834   -0.378835 (VIOLATED)
_0855_/A3                               0.750000    1.128834   -0.378835 (VIOLATED)
_0872_/B                                0.750000    1.128834   -0.378835 (VIOLATED)
_0900_/D                                0.750000    1.128834   -0.378835 (VIOLATED)
_0981_/A3                               0.750000    1.128834   -0.378835 (VIOLATED)
_1093_/C_N                              0.750000    1.128834   -0.378835 (VIOLATED)
_1537_/B2                               0.750000    1.128834   -0.378835 (VIOLATED)
_1589_/Q                                0.750000    1.128834   -0.378835 (VIOLATED)
_1026_/A1                               0.750000    0.896362   -0.146362 (VIOLATED)
_0856_/A2                               0.750000    0.896362   -0.146362 (VIOLATED)
_1353_/A2                               0.750000    0.896361   -0.146361 (VIOLATED)
_0904_/A1                               0.750000    0.896361   -0.146361 (VIOLATED)
_0945_/A3                               0.750000    0.896361   -0.146361 (VIOLATED)
_0906_/A1                               0.750000    0.896360   -0.146360 (VIOLATED)
_1072_/B                                0.750000    0.896360   -0.146360 (VIOLATED)
_0913_/A1                               0.750000    0.896358   -0.146358 (VIOLATED)
_0846_/B                                0.750000    0.896355   -0.146355 (VIOLATED)
_0907_/A1                               0.750000    0.896355   -0.146355 (VIOLATED)
_1200_/A1                               0.750000    0.896355   -0.146355 (VIOLATED)
_0845_/B                                0.750000    0.896354   -0.146354 (VIOLATED)
_0874_/B                                0.750000    0.896353   -0.146353 (VIOLATED)
_1085_/B                                0.750000    0.896353   -0.146353 (VIOLATED)
_0910_/A1                               0.750000    0.896353   -0.146353 (VIOLATED)
_0912_/A1                               0.750000    0.896352   -0.146352 (VIOLATED)
_0905_/A1                               0.750000    0.896351   -0.146351 (VIOLATED)
_0857_/A2                               0.750000    0.896351   -0.146351 (VIOLATED)
_0970_/A2                               0.750000    0.896351   -0.146351 (VIOLATED)
_1084_/B                                0.750000    0.896351   -0.146351 (VIOLATED)
_0849_/A                                0.750000    0.896351   -0.146351 (VIOLATED)
_0847_/B                                0.750000    0.896351   -0.146351 (VIOLATED)
_0848_/A                                0.750000    0.896351   -0.146351 (VIOLATED)
_0851_/C                                0.750000    0.896351   -0.146351 (VIOLATED)
_0852_/C                                0.750000    0.896351   -0.146351 (VIOLATED)
_0854_/B                                0.750000    0.896351   -0.146351 (VIOLATED)
_0855_/A2                               0.750000    0.896351   -0.146351 (VIOLATED)
_0871_/A                                0.750000    0.896351   -0.146351 (VIOLATED)
_0872_/A                                0.750000    0.896351   -0.146351 (VIOLATED)
_0875_/B                                0.750000    0.896351   -0.146351 (VIOLATED)
_0899_/C                                0.750000    0.896351   -0.146351 (VIOLATED)
_0900_/C                                0.750000    0.896351   -0.146351 (VIOLATED)
_0911_/A1                               0.750000    0.896351   -0.146351 (VIOLATED)
_0998_/A2                               0.750000    0.896351   -0.146351 (VIOLATED)
_0999_/A2                               0.750000    0.896351   -0.146351 (VIOLATED)
_1041_/B                                0.750000    0.896351   -0.146351 (VIOLATED)
_1042_/A1                               0.750000    0.896351   -0.146351 (VIOLATED)
_1093_/B                                0.750000    0.896351   -0.146351 (VIOLATED)
_1095_/A1                               0.750000    0.896351   -0.146351 (VIOLATED)
_1100_/A                                0.750000    0.896351   -0.146351 (VIOLATED)
_1189_/B2                               0.750000    0.896351   -0.146351 (VIOLATED)
_1227_/B1                               0.750000    0.896351   -0.146351 (VIOLATED)
_1236_/A_N                              0.750000    0.896351   -0.146351 (VIOLATED)
_1283_/A                                0.750000    0.896351   -0.146351 (VIOLATED)
_1325_/A1                               0.750000    0.896351   -0.146351 (VIOLATED)
_1534_/S                                0.750000    0.896351   -0.146351 (VIOLATED)
_1588_/Q                                0.750000    0.896351   -0.146351 (VIOLATED)
_1030_/A2                               0.750000    0.874976   -0.124976 (VIOLATED)
_1256_/B                                0.750000    0.874976   -0.124976 (VIOLATED)
_1485_/A1                               0.750000    0.874975   -0.124975 (VIOLATED)
_1257_/A2                               0.750000    0.874975   -0.124975 (VIOLATED)
_0970_/Y                                0.750000    0.874973   -0.124973 (VIOLATED)
_0972_/A3                               0.750000    0.874973   -0.124973 (VIOLATED)
_1039_/B                                0.750000    0.874973   -0.124973 (VIOLATED)
_1045_/A3                               0.750000    0.874973   -0.124973 (VIOLATED)
_1223_/A2                               0.750000    0.874973   -0.124973 (VIOLATED)
_1304_/D1                               0.750000    0.874973   -0.124973 (VIOLATED)
_1459_/B1                               0.750000    0.874973   -0.124973 (VIOLATED)
_0895_/B                                0.750000    0.763139   -0.013139 (VIOLATED)
_0994_/B                                0.750000    0.763139   -0.013139 (VIOLATED)
_1015_/B                                0.750000    0.763139   -0.013139 (VIOLATED)
_0894_/B                                0.750000    0.763137   -0.013137 (VIOLATED)
_1010_/B                                0.750000    0.763136   -0.013136 (VIOLATED)
_1083_/B1                               0.750000    0.763136   -0.013136 (VIOLATED)
_1066_/C_N                              0.750000    0.763133   -0.013133 (VIOLATED)
_1359_/A1                               0.750000    0.763133   -0.013133 (VIOLATED)
_1216_/B1                               0.750000    0.763132   -0.013132 (VIOLATED)
_1145_/A1                               0.750000    0.763126   -0.013126 (VIOLATED)
_1358_/B1                               0.750000    0.763125   -0.013125 (VIOLATED)
_0893_/B                                0.750000    0.763122   -0.013122 (VIOLATED)
_0976_/C1                               0.750000    0.763121   -0.013121 (VIOLATED)
_0977_/A1                               0.750000    0.763120   -0.013120 (VIOLATED)
_0800_/A                                0.750000    0.763119   -0.013119 (VIOLATED)
_0841_/B                                0.750000    0.763119   -0.013119 (VIOLATED)
_0868_/C1                               0.750000    0.763119   -0.013119 (VIOLATED)
_0870_/B                                0.750000    0.763119   -0.013119 (VIOLATED)
_0881_/B                                0.750000    0.763119   -0.013119 (VIOLATED)
_0882_/B                                0.750000    0.763119   -0.013119 (VIOLATED)
_0886_/A1                               0.750000    0.763119   -0.013119 (VIOLATED)
_0892_/B                                0.750000    0.763119   -0.013119 (VIOLATED)
_0955_/D_N                              0.750000    0.763119   -0.013119 (VIOLATED)
_0978_/B1                               0.750000    0.763119   -0.013119 (VIOLATED)
_1098_/A                                0.750000    0.763119   -0.013119 (VIOLATED)
_1106_/B                                0.750000    0.763119   -0.013119 (VIOLATED)
_1158_/B1                               0.750000    0.763119   -0.013119 (VIOLATED)
_1163_/D1                               0.750000    0.763119   -0.013119 (VIOLATED)
_1181_/A                                0.750000    0.763119   -0.013119 (VIOLATED)
_1222_/D1                               0.750000    0.763119   -0.013119 (VIOLATED)
_1239_/A1                               0.750000    0.763119   -0.013119 (VIOLATED)
_1245_/C1                               0.750000    0.763119   -0.013119 (VIOLATED)
_1307_/C1                               0.750000    0.763119   -0.013119 (VIOLATED)
_1310_/A1                               0.750000    0.763119   -0.013119 (VIOLATED)
_1318_/A                                0.750000    0.763119   -0.013119 (VIOLATED)
_1323_/B                                0.750000    0.763119   -0.013119 (VIOLATED)
_1329_/B1                               0.750000    0.763119   -0.013119 (VIOLATED)
_1366_/B1                               0.750000    0.763119   -0.013119 (VIOLATED)
_1530_/A1                               0.750000    0.763119   -0.013119 (VIOLATED)
_1550_/B2                               0.750000    0.763119   -0.013119 (VIOLATED)
_1595_/Q                                0.750000    0.763119   -0.013119 (VIOLATED)

max fanout

Pin                                   Limit Fanout  Slack
---------------------------------------------------------
_1592_/Q                                 10     91    -81 (VIOLATED)
_1591_/Q                                 10     86    -76 (VIOLATED)
_1593_/Q                                 10     86    -76 (VIOLATED)
_1594_/Q                                 10     73    -63 (VIOLATED)
_1590_/Q                                 10     69    -59 (VIOLATED)
_1589_/Q                                 10     60    -50 (VIOLATED)
_1588_/Q                                 10     46    -36 (VIOLATED)
_1595_/Q                                 10     40    -30 (VIOLATED)
clk                                      10     35    -25 (VIOLATED)
rst_n                                    10     35    -25 (VIOLATED)
_1596_/Q                                 10     35    -25 (VIOLATED)
_1597_/Q                                 10     31    -21 (VIOLATED)
_0798_/Y                                 10     30    -20 (VIOLATED)
_0799_/Y                                 10     26    -16 (VIOLATED)
_0797_/Y                                 10     25    -15 (VIOLATED)
_0787_/Y                                 10     17     -7 (VIOLATED)
_0790_/Y                                 10     17     -7 (VIOLATED)
_0800_/Y                                 10     16     -6 (VIOLATED)
_0828_/X                                 10     15     -5 (VIOLATED)
_0829_/Y                                 10     15     -5 (VIOLATED)
_0835_/Y                                 10     13     -3 (VIOLATED)
_0870_/Y                                 10     13     -3 (VIOLATED)
_1598_/Q                                 10     13     -3 (VIOLATED)
_0834_/X                                 10     12     -2 (VIOLATED)
_1009_/Y                                 10     12     -2 (VIOLATED)
_1015_/Y                                 10     12     -2 (VIOLATED)
_0811_/X                                 10     11        (VIOLATED)
_0823_/Y                                 10     11        (VIOLATED)
_0882_/Y                                 10     11        (VIOLATED)
_1016_/Y                                 10     11        (VIOLATED)

max capacitance

Pin                                        Limit         Cap       Slack
------------------------------------------------------------------------
_1592_/Q                                0.200000    0.357229   -0.157229 (VIOLATED)
_1593_/Q                                0.200000    0.336457   -0.136457 (VIOLATED)
_1591_/Q                                0.200000    0.329168   -0.129168 (VIOLATED)
_1594_/Q                                0.200000    0.276934   -0.076934 (VIOLATED)
_1590_/Q                                0.200000    0.270631   -0.070631 (VIOLATED)
_1589_/Q                                0.200000    0.243612   -0.043612 (VIOLATED)



===========================================================================
report_parasitic_annotation -report_unannotated
============================================================================
Found 39 unannotated drivers.
 ui_in[0]
 ui_in[1]
 ui_in[2]
 ui_in[3]
 ui_in[4]
 ui_in[5]
 ui_in[6]
 ui_in[7]
 uio_in[0]
 uio_in[1]
 uio_in[2]
 uio_in[3]
 uio_in[4]
 uio_in[5]
 uio_in[6]
 uio_in[7]
 _1609_/HI
 _1610_/HI
 _1611_/HI
 _1612_/HI
 _1613_/HI
 _1614_/HI
 _1615_/HI
 _1616_/HI
 _1617_/HI
 _1618_/HI
 _1619_/HI
 _1620_/HI
 _1621_/HI
 _1622_/HI
 _1623_/HI
 _1624_/HI
 _1625_/HI
 _1626_/HI
 _1627_/HI
 _1628_/HI
 _1629_/HI
 _1630_/HI
 _1631_/HI
Found 0 partially unannotated drivers.

===========================================================================
max slew violation count 570
Writing metric design__max_slew_violation__count__corner:nom_tt_025C_1v80: 570
max fanout violation count 30
Writing metric design__max_fanout_violation__count__corner:nom_tt_025C_1v80: 30
max cap violation count 6
Writing metric design__max_cap_violation__count__corner:nom_tt_025C_1v80: 6
============================================================================

===========================================================================
check_setup -verbose -unconstrained_endpoints -multiple_clock -no_clock -no_input_delay -loops -generated_clocks
===========================================================================
Warning: There are 23 unconstrained endpoints.
  uio_oe[0]
  uio_oe[1]
  uio_oe[2]
  uio_oe[3]
  uio_oe[4]
  uio_oe[5]
  uio_oe[6]
  uio_oe[7]
  uio_out[0]
  uio_out[1]
  uio_out[2]
  uio_out[3]
  uio_out[4]
  uio_out[5]
  uio_out[6]
  uio_out[7]
  uo_out[1]
  uo_out[2]
  uo_out[3]
  uo_out[4]
  uo_out[5]
  uo_out[6]
  uo_out[7]
