Reading OpenROAD database at '/Users/anorris/Documents/Github/tt/runs/wokwi/31-openroad-repairdesignpostgpl/tt_um_audio_player.odb'…
Reading library file at '/Users/anorris/.volare/volare/sky130/versions/bdc9412b3e468c102d01b7cf6337be06ec6e9c9a/sky130A/libs.ref/sky130_fd_sc_hd/lib/sky130_fd_sc_hd__tt_025C_1v80.lib'…
Reading design constraints file at '/nix/store/qsxr83k568wxryhcsdjmplzdfkqpp30g-python3-3.11.9-env/lib/python3.11/site-packages/openlane/scripts/base.sdc'…
[INFO] Using clock clk…
[INFO] Setting output delay to: 500
[INFO] Setting input delay to: 500
[INFO] Setting load to: 0.033442
[INFO] Setting clock uncertainty to: 0.25
[INFO] Setting clock transition to: 0.1499999999999999944488848768742172978818416595458984375
[INFO] Setting timing derate to: 5%
Placement Analysis
---------------------------------
total displacement          0.0 u
average displacement        0.0 u
max displacement            0.0 u
original HPWL           35189.5 u
legalized HPWL          35803.3 u
delta HPWL                    2 %

[INFO DPL-0020] Mirrored 440 instances
[INFO DPL-0021] HPWL before           35803.3 u
[INFO DPL-0022] HPWL after            35189.5 u
[INFO DPL-0023] HPWL delta               -1.7 %
Setting global connections for newly added cells…
[INFO] Setting global connections...
Writing OpenROAD database to '/Users/anorris/Documents/Github/tt/runs/wokwi/32-openroad-detailedplacement/tt_um_audio_player.odb'…
Writing netlist to '/Users/anorris/Documents/Github/tt/runs/wokwi/32-openroad-detailedplacement/tt_um_audio_player.nl.v'…
Writing powered netlist to '/Users/anorris/Documents/Github/tt/runs/wokwi/32-openroad-detailedplacement/tt_um_audio_player.pnl.v'…
Writing layout to '/Users/anorris/Documents/Github/tt/runs/wokwi/32-openroad-detailedplacement/tt_um_audio_player.def'…
Writing timing constraints to '/Users/anorris/Documents/Github/tt/runs/wokwi/32-openroad-detailedplacement/tt_um_audio_player.sdc'…
