Reading OpenROAD database at '/Users/anorris/Documents/Github/tt/runs/wokwi/26-odb-applydeftemplate/tt_um_audio_player.odb'…
Reading library file at '/Users/anorris/.volare/volare/sky130/versions/bdc9412b3e468c102d01b7cf6337be06ec6e9c9a/sky130A/libs.ref/sky130_fd_sc_hd/lib/sky130_fd_sc_hd__tt_025C_1v80.lib'…
Reading design constraints file at '/nix/store/qsxr83k568wxryhcsdjmplzdfkqpp30g-python3-3.11.9-env/lib/python3.11/site-packages/openlane/scripts/base.sdc'…
[INFO] Using clock clk…
[INFO] Setting output delay to: 500
[INFO] Setting input delay to: 500
[INFO] Setting load to: 0.033442
[INFO] Setting clock uncertainty to: 0.25
[INFO] Setting clock transition to: 0.1499999999999999944488848768742172978818416595458984375
[INFO] Setting timing derate to: 5%
[INFO] Setting RC values…
[INFO] Setting signal min routing layer to: met1 and clock min routing layer to met1. 
[INFO] Setting signal max routing layer to: met4 and clock max routing layer to met4. 
[INFO GPL-0002] DBU: 1000
[INFO GPL-0003] SiteSize: (  0.460  2.720 ) um
[INFO GPL-0004] CoreBBox: (  2.760  2.720 ) ( 158.240 108.800 ) um
[INFO GPL-0006] NumInstances:              1148
[INFO GPL-0007] NumPlaceInstances:          845
[INFO GPL-0008] NumFixedInstances:          303
[INFO GPL-0009] NumDummyInstances:            0
[INFO GPL-0010] NumNets:                    864
[INFO GPL-0011] NumPins:                   3544
[INFO GPL-0012] DieBBox:  (  0.000  0.000 ) ( 161.000 111.520 ) um
[INFO GPL-0013] CoreBBox: (  2.760  2.720 ) ( 158.240 108.800 ) um
[INFO GPL-0016] CoreArea:             16493.318 um^2
[INFO GPL-0017] NonPlaceInstsArea:      574.301 um^2
[INFO GPL-0018] PlaceInstsArea:        7981.405 um^2
[INFO GPL-0019] Util:                    50.138 %
[INFO GPL-0020] StdInstsArea:          7981.405 um^2
[INFO GPL-0021] MacroInstsArea:           0.000 um^2
[InitialPlace]  Iter: 1 CG residual: 0.00004042 HPWL: 10926090
[InitialPlace]  Iter: 2 CG residual: 0.00000010 HPWL: 6885000
[InitialPlace]  Iter: 3 CG residual: 0.00000010 HPWL: 6816748
[InitialPlace]  Iter: 4 CG residual: 0.00000008 HPWL: 6861097
[InitialPlace]  Iter: 5 CG residual: 0.00000009 HPWL: 6813030
[INFO GPL-0031] FillerInit:NumGCells:      1182
[INFO GPL-0032] FillerInit:NumGNets:        864
[INFO GPL-0033] FillerInit:NumGPins:       3544
[INFO GPL-0023] TargetDensity:            0.690
[INFO GPL-0024] AvrgPlaceInstArea:        9.445 um^2
[INFO GPL-0025] IdealBinArea:            13.689 um^2
[INFO GPL-0026] IdealBinCnt:               1204
[INFO GPL-0027] TotalBinArea:         16493.318 um^2
[INFO GPL-0028] BinCnt:        32     32
[INFO GPL-0029] BinSize: (  4.859  3.315 )
[INFO GPL-0030] NumBins: 1024
[NesterovSolve] Iter:    1 overflow: 0.976 HPWL: 1689824
[NesterovSolve] Iter:   10 overflow: 0.971 HPWL: 1634516
[NesterovSolve] Iter:   20 overflow: 0.971 HPWL: 1631159
[NesterovSolve] Iter:   30 overflow: 0.972 HPWL: 1630121
[NesterovSolve] Iter:   40 overflow: 0.973 HPWL: 1630133
[NesterovSolve] Iter:   50 overflow: 0.973 HPWL: 1631112
[NesterovSolve] Iter:   60 overflow: 0.972 HPWL: 1631696
[NesterovSolve] Iter:   70 overflow: 0.972 HPWL: 1632341
[NesterovSolve] Iter:   80 overflow: 0.971 HPWL: 1633256
[NesterovSolve] Iter:   90 overflow: 0.972 HPWL: 1634293
[NesterovSolve] Iter:  100 overflow: 0.973 HPWL: 1636682
[NesterovSolve] Iter:  110 overflow: 0.973 HPWL: 1640810
[NesterovSolve] Iter:  120 overflow: 0.971 HPWL: 1647705
[NesterovSolve] Iter:  130 overflow: 0.969 HPWL: 1659512
[NesterovSolve] Iter:  140 overflow: 0.969 HPWL: 1680917
[NesterovSolve] Iter:  150 overflow: 0.967 HPWL: 1720041
[NesterovSolve] Iter:  160 overflow: 0.964 HPWL: 1793485
[NesterovSolve] Iter:  170 overflow: 0.959 HPWL: 1927739
[NesterovSolve] Iter:  180 overflow: 0.956 HPWL: 2101995
[NesterovSolve] Iter:  190 overflow: 0.950 HPWL: 2308333
[NesterovSolve] Iter:  200 overflow: 0.945 HPWL: 2576059
[NesterovSolve] Iter:  210 overflow: 0.935 HPWL: 2985868
[NesterovSolve] Iter:  220 overflow: 0.928 HPWL: 3545920
[NesterovSolve] Iter:  230 overflow: 0.913 HPWL: 4237200
[NesterovSolve] Iter:  240 overflow: 0.899 HPWL: 5013561
[NesterovSolve] Iter:  250 overflow: 0.879 HPWL: 6041793
[NesterovSolve] Iter:  260 overflow: 0.856 HPWL: 6957057
[NesterovSolve] Iter:  270 overflow: 0.827 HPWL: 8009065
[NesterovSolve] Iter:  280 overflow: 0.788 HPWL: 9090522
[INFO GPL-0100] worst slack 2e-06
[INFO GPL-0103] Weighted 82 nets.
[NesterovSolve] Iter:  290 overflow: 0.764 HPWL: 10574333
[NesterovSolve] Iter:  300 overflow: 0.726 HPWL: 11501969
[NesterovSolve] Iter:  310 overflow: 0.679 HPWL: 12710808
[NesterovSolve] Iter:  320 overflow: 0.634 HPWL: 13989601
[INFO GPL-0100] worst slack 2e-06
[INFO GPL-0103] Weighted 83 nets.
[NesterovSolve] Snapshot saved at iter = 326
[NesterovSolve] Iter:  330 overflow: 0.579 HPWL: 15304876
[NesterovSolve] Iter:  340 overflow: 0.524 HPWL: 16703265
[INFO GPL-0100] worst slack 2e-06
[INFO GPL-0103] Weighted 83 nets.
[NesterovSolve] Iter:  350 overflow: 0.451 HPWL: 18127058
[NesterovSolve] Iter:  360 overflow: 0.370 HPWL: 20138393
[NesterovSolve] Iter:  370 overflow: 0.312 HPWL: 21759841
[INFO GPL-0100] worst slack 2e-06
[INFO GPL-0103] Weighted 83 nets.
[NesterovSolve] Iter:  380 overflow: 0.267 HPWL: 22686134
[NesterovSolve] Iter:  390 overflow: 0.233 HPWL: 23585732
[NesterovSolve] Iter:  400 overflow: 0.204 HPWL: 24220827
[INFO GPL-0100] worst slack 2e-06
[INFO GPL-0103] Weighted 82 nets.
[INFO GPL-0075] Routability numCall: 1 inflationIterCnt: 1 bloatIterCnt: 0
[INFO GPL-0036] TileBBox: (    0    0 ) ( 6900 6900 ) DBU
[INFO GPL-0038] TileCnt:      23   16
[INFO GPL-0039] numRoutingLayers: 6
[INFO GPL-0040] NumTiles: 368
[INFO GPL-0063] TotalRouteOverflowH2: 6.400000214576721
[INFO GPL-0064] TotalRouteOverflowV2: 10.085716605186462
[INFO GPL-0065] OverflowTileCnt2: 125
[INFO GPL-0066] 0.5%RC: 1.4286
[INFO GPL-0067] 1.0%RC: 1.3571
[INFO GPL-0068] 2.0%RC: 1.3029
[INFO GPL-0069] 5.0%RC: 1.2149
[INFO GPL-0070] 0.5rcK: 1
[INFO GPL-0071] 1.0rcK: 1
[INFO GPL-0072] 2.0rcK: 0
[INFO GPL-0073] 5.0rcK: 0
[INFO GPL-0074] FinalRC: 1.3929
[INFO GPL-0078] FinalRC lower than minRC (1e+30), min RC updated.
[INFO GPL-0045] InflatedAreaDelta:     2042.221 um^2
[INFO GPL-0046] TargetDensity:            0.690
[INFO GPL-0049] WhiteSpaceArea:       15919.018 um^2
[INFO GPL-0050] NesterovInstsArea:     7981.405 um^2
[INFO GPL-0051] TotalFillerArea:       3002.718 um^2
[INFO GPL-0052] TotalGCellsArea:      10984.122 um^2
[INFO GPL-0053] ExpectedGCellsArea:   13026.344 um^2
[INFO GPL-0054] NewTargetDensity:         0.818
[INFO GPL-0055] NewWhiteSpaceArea:    15919.018 um^2
[INFO GPL-0056] MovableArea:          13026.344 um^2
[INFO GPL-0057] NewNesterovInstArea:  10023.626 um^2
[INFO GPL-0058] NewTotalFillerArea:    3002.718 um^2
[INFO GPL-0059] NewTotalGCellsArea:   13026.344 um^2
[NesterovSolve] Revert back to snapshot coordi
[NesterovSolve] Iter:  410 overflow: 0.579 HPWL: 16721975
[NesterovSolve] Iter:  420 overflow: 0.497 HPWL: 18572405
[NesterovSolve] Iter:  430 overflow: 0.416 HPWL: 20370262
[NesterovSolve] Iter:  440 overflow: 0.357 HPWL: 21889989
[NesterovSolve] Iter:  450 overflow: 0.303 HPWL: 23239019
[NesterovSolve] Iter:  460 overflow: 0.257 HPWL: 24236881
[NesterovSolve] Iter:  470 overflow: 0.230 HPWL: 24838564
[NesterovSolve] Iter:  480 overflow: 0.201 HPWL: 25189426
[INFO GPL-0075] Routability numCall: 2 inflationIterCnt: 2 bloatIterCnt: 0
[INFO GPL-0036] TileBBox: (    0    0 ) ( 6900 6900 ) DBU
[INFO GPL-0038] TileCnt:      23   16
[INFO GPL-0039] numRoutingLayers: 6
[INFO GPL-0040] NumTiles: 368
[INFO GPL-0063] TotalRouteOverflowH2: 5.050000429153442
[INFO GPL-0064] TotalRouteOverflowV2: 6.685715556144714
[INFO GPL-0065] OverflowTileCnt2: 82
[INFO GPL-0066] 0.5%RC: 1.4048
[INFO GPL-0067] 1.0%RC: 1.3452
[INFO GPL-0068] 2.0%RC: 1.2800
[INFO GPL-0069] 5.0%RC: 1.1717
[INFO GPL-0070] 0.5rcK: 1
[INFO GPL-0071] 1.0rcK: 1
[INFO GPL-0072] 2.0rcK: 0
[INFO GPL-0073] 5.0rcK: 0
[INFO GPL-0074] FinalRC: 1.3750
[INFO GPL-0078] FinalRC lower than minRC (1.3928572), min RC updated.
[INFO GPL-0045] InflatedAreaDelta:     2142.687 um^2
[INFO GPL-0046] TargetDensity:            0.818
[INFO GPL-0049] WhiteSpaceArea:       15919.018 um^2
[INFO GPL-0050] NesterovInstsArea:    10023.626 um^2
[INFO GPL-0051] TotalFillerArea:       3002.718 um^2
[INFO GPL-0052] TotalGCellsArea:      13026.344 um^2
[INFO GPL-0053] ExpectedGCellsArea:   15169.031 um^2
[INFO GPL-0054] NewTargetDensity:         0.953
[INFO GPL-0055] NewWhiteSpaceArea:    15919.018 um^2
[INFO GPL-0056] MovableArea:          15169.031 um^2
[INFO GPL-0057] NewNesterovInstArea:  12166.313 um^2
[INFO GPL-0058] NewTotalFillerArea:    3002.718 um^2
[INFO GPL-0059] NewTotalGCellsArea:   15169.031 um^2
[NesterovSolve] Revert back to snapshot coordi
[NesterovSolve] Iter:  490 overflow: 0.491 HPWL: 21596120
[NesterovSolve] Iter:  500 overflow: 0.458 HPWL: 20591275
[NesterovSolve] Iter:  510 overflow: 0.369 HPWL: 23023684
[NesterovSolve] Iter:  520 overflow: 0.325 HPWL: 24131475
[NesterovSolve] Iter:  530 overflow: 0.289 HPWL: 25019197
[NesterovSolve] Iter:  540 overflow: 0.246 HPWL: 25677508
[NesterovSolve] Iter:  550 overflow: 0.209 HPWL: 26201062
[INFO GPL-0075] Routability numCall: 3 inflationIterCnt: 3 bloatIterCnt: 0
[INFO GPL-0036] TileBBox: (    0    0 ) ( 6900 6900 ) DBU
[INFO GPL-0038] TileCnt:      23   16
[INFO GPL-0039] numRoutingLayers: 6
[INFO GPL-0040] NumTiles: 368
[INFO GPL-0063] TotalRouteOverflowH2: 5.0000001192092896
[INFO GPL-0064] TotalRouteOverflowV2: 6.35238242149353
[INFO GPL-0065] OverflowTileCnt2: 91
[INFO GPL-0066] 0.5%RC: 1.3214
[INFO GPL-0067] 1.0%RC: 1.2690
[INFO GPL-0068] 2.0%RC: 1.2140
[INFO GPL-0069] 5.0%RC: 1.1591
[INFO GPL-0070] 0.5rcK: 1
[INFO GPL-0071] 1.0rcK: 1
[INFO GPL-0072] 2.0rcK: 0
[INFO GPL-0073] 5.0rcK: 0
[INFO GPL-0074] FinalRC: 1.2952
[INFO GPL-0078] FinalRC lower than minRC (1.375), min RC updated.
[INFO GPL-0045] InflatedAreaDelta:     2056.846 um^2
[INFO GPL-0046] TargetDensity:            0.953
Revert Routability Procedure. Target density higher than max, or minRC max violations.
[INFO GPL-0080] minRcViolatedCnt: 0
[INFO GPL-0047] SavedMinRC: 1.2952
[INFO GPL-0048] SavedTargetDensity: 0.9529
[NesterovSolve] Revert back to snapshot coordi
[NesterovSolve] Iter:  560 overflow: 0.625 HPWL: 15872516
[NesterovSolve] Iter:  570 overflow: 0.517 HPWL: 20170850
[NesterovSolve] Iter:  580 overflow: 0.436 HPWL: 21120734
[NesterovSolve] Iter:  590 overflow: 0.344 HPWL: 23608093
[NesterovSolve] Iter:  600 overflow: 0.315 HPWL: 24348054
[NesterovSolve] Iter:  610 overflow: 0.274 HPWL: 25244576
[NesterovSolve] Iter:  620 overflow: 0.232 HPWL: 25851694
[NesterovSolve] Iter:  630 overflow: 0.207 HPWL: 26314988
[NesterovSolve] Iter:  640 overflow: 0.180 HPWL: 26600614
[NesterovSolve] Iter:  650 overflow: 0.163 HPWL: 26766677
[INFO GPL-0100] worst slack 2e-06
[INFO GPL-0103] Weighted 82 nets.
[NesterovSolve] Iter:  660 overflow: 0.140 HPWL: 26910541
[NesterovSolve] Iter:  670 overflow: 0.117 HPWL: 27023645
[NesterovSolve] Iter:  680 overflow: 0.101 HPWL: 27191244
[NesterovSolve] Finished with Overflow: 0.099321
[INFO] Setting RC values…
Setting global connections for newly added cells…
[INFO] Setting global connections...
Writing OpenROAD database to '/Users/anorris/Documents/Github/tt/runs/wokwi/27-openroad-globalplacement/tt_um_audio_player.odb'…
Writing netlist to '/Users/anorris/Documents/Github/tt/runs/wokwi/27-openroad-globalplacement/tt_um_audio_player.nl.v'…
Writing powered netlist to '/Users/anorris/Documents/Github/tt/runs/wokwi/27-openroad-globalplacement/tt_um_audio_player.pnl.v'…
Writing layout to '/Users/anorris/Documents/Github/tt/runs/wokwi/27-openroad-globalplacement/tt_um_audio_player.def'…
Writing timing constraints to '/Users/anorris/Documents/Github/tt/runs/wokwi/27-openroad-globalplacement/tt_um_audio_player.sdc'…
