
===========================================================================
report_checks -unconstrained
===========================================================================
======================= min_ff_n40C_1v95 Corner ===================================

Startpoint: rst_n (input port clocked by clk)
Endpoint: _1576_ (recovery check against rising-edge clock clk)
Path Group: asynchronous
Path Type: max

Fanout         Cap        Slew       Delay        Time   Description
---------------------------------------------------------------------------------------------
                                  0.000000    0.000000   clock clk (rise edge)
                                  0.000000    0.000000   clock network delay (propagated)
                                500.000000  500.000000 ^ input external delay
     1    0.010259    0.039382    0.025693  500.025696 ^ rst_n (in)
                                                         rst_n (net)
                      0.039383    0.000000  500.025696 ^ input2/A (sky130_fd_sc_hd__buf_1)
     2    0.021507    0.190691    0.163084  500.188782 ^ input2/X (sky130_fd_sc_hd__buf_1)
                                                         net2 (net)
                      0.190691    0.000171  500.188965 ^ fanout119/A (sky130_fd_sc_hd__buf_2)
     7    0.039638    0.147283    0.179796  500.368744 ^ fanout119/X (sky130_fd_sc_hd__buf_2)
                                                         net119 (net)
                      0.147344    0.001251  500.369995 ^ fanout118/A (sky130_fd_sc_hd__clkbuf_4)
    10    0.048708    0.115763    0.177636  500.547638 ^ fanout118/X (sky130_fd_sc_hd__clkbuf_4)
                                                         net118 (net)
                      0.115770    0.001080  500.548737 ^ _1576_/RESET_B (sky130_fd_sc_hd__dfrtp_2)
                                            500.548737   data arrival time

                               2500.000000 2500.000000   clock clk (rise edge)
                                  0.000000 2500.000000   clock source latency
     1    0.018713    0.067410    0.045929 2500.045898 ^ clk (in)
                                                         clk (net)
                      0.067411    0.000000 2500.045898 ^ clkbuf_0_clk/A (sky130_fd_sc_hd__clkbuf_16)
     4    0.046659    0.050029    0.110731 2500.156738 ^ clkbuf_0_clk/X (sky130_fd_sc_hd__clkbuf_16)
                                                         clknet_0_clk (net)
                      0.050034    0.000455 2500.157227 ^ clkbuf_2_3__f_clk/A (sky130_fd_sc_hd__clkbuf_16)
    11    0.032922    0.040320    0.098680 2500.255859 ^ clkbuf_2_3__f_clk/X (sky130_fd_sc_hd__clkbuf_16)
                                                         clknet_2_3__leaf_clk (net)
                      0.040320    0.000227 2500.256104 ^ _1576_/CLK (sky130_fd_sc_hd__dfrtp_2)
                                 -0.250000 2500.005859   clock uncertainty
                                  0.000000 2500.005859   clock reconvergence pessimism
                                  0.113402 2500.119385   library recovery time
                                           2500.119385   data required time
---------------------------------------------------------------------------------------------
                                           2500.119385   data required time
                                           -500.548737   data arrival time
---------------------------------------------------------------------------------------------
                                           1999.570557   slack (MET)


Startpoint: ena (input port clocked by clk)
Endpoint: _1581_ (rising edge-triggered flip-flop clocked by clk)
Path Group: clk
Path Type: max

Fanout         Cap        Slew       Delay        Time   Description
---------------------------------------------------------------------------------------------
                                  0.000000    0.000000   clock clk (rise edge)
                                  0.000000    0.000000   clock network delay (propagated)
                                500.000000  500.000000 ^ input external delay
     1    0.008025    0.031840    0.020293  500.020294 ^ ena (in)
                                                         ena (net)
                      0.031841    0.000000  500.020294 ^ input1/A (sky130_fd_sc_hd__clkbuf_2)
     6    0.037743    0.159324    0.155353  500.175659 ^ input1/X (sky130_fd_sc_hd__clkbuf_2)
                                                         net1 (net)
                      0.159325    0.000398  500.176056 ^ _0787_/A (sky130_fd_sc_hd__inv_2)
     1    0.004273    0.031903    0.015973  500.192017 v _0787_/Y (sky130_fd_sc_hd__inv_2)
                                                         _0624_ (net)
                      0.031903    0.000057  500.192078 v fanout116/A (sky130_fd_sc_hd__buf_2)
     8    0.045800    0.077795    0.131706  500.323792 v fanout116/X (sky130_fd_sc_hd__buf_2)
                                                         net116 (net)
                      0.077797    0.000568  500.324371 v fanout115/A (sky130_fd_sc_hd__buf_2)
    10    0.045556    0.077472    0.150067  500.474426 v fanout115/X (sky130_fd_sc_hd__buf_2)
                                                         net115 (net)
                      0.077525    0.001876  500.476318 v _1496_/C (sky130_fd_sc_hd__or3_1)
     1    0.004693    0.050423    0.194518  500.670807 v _1496_/X (sky130_fd_sc_hd__or3_1)
                                                         _0720_ (net)
                      0.050423    0.000057  500.670868 v _1497_/D (sky130_fd_sc_hd__nor4_2)
     5    0.026224    0.468649    0.344926  501.015808 ^ _1497_/Y (sky130_fd_sc_hd__nor4_2)
                                                         _0721_ (net)
                      0.468649    0.000284  501.016083 ^ max_cap3/A (sky130_fd_sc_hd__clkbuf_2)
     6    0.026745    0.117964    0.166096  501.182190 ^ max_cap3/X (sky130_fd_sc_hd__clkbuf_2)
                                                         net3 (net)
                      0.117968    0.000853  501.183044 ^ _1516_/A1 (sky130_fd_sc_hd__a32o_1)
     1    0.003994    0.042823    0.101750  501.284790 ^ _1516_/X (sky130_fd_sc_hd__a32o_1)
                                                         _0011_ (net)
                      0.042823    0.000057  501.284851 ^ _1581_/D (sky130_fd_sc_hd__dfrtp_1)
                                            501.284851   data arrival time

                               2500.000000 2500.000000   clock clk (rise edge)
                                  0.000000 2500.000000   clock source latency
     1    0.018713    0.067410    0.045929 2500.045898 ^ clk (in)
                                                         clk (net)
                      0.067411    0.000000 2500.045898 ^ clkbuf_0_clk/A (sky130_fd_sc_hd__clkbuf_16)
     4    0.046659    0.050029    0.110731 2500.156738 ^ clkbuf_0_clk/X (sky130_fd_sc_hd__clkbuf_16)
                                                         clknet_0_clk (net)
                      0.050034    0.000455 2500.157227 ^ clkbuf_2_3__f_clk/A (sky130_fd_sc_hd__clkbuf_16)
    11    0.032922    0.040320    0.098680 2500.255859 ^ clkbuf_2_3__f_clk/X (sky130_fd_sc_hd__clkbuf_16)
                                                         clknet_2_3__leaf_clk (net)
                      0.040320    0.000227 2500.256104 ^ _1581_/CLK (sky130_fd_sc_hd__dfrtp_1)
                                 -0.250000 2500.005859   clock uncertainty
                                  0.000000 2500.005859   clock reconvergence pessimism
                                 -0.034600 2499.971436   library setup time
                                           2499.971436   data required time
---------------------------------------------------------------------------------------------
                                           2499.971436   data required time
                                           -501.284851   data arrival time
---------------------------------------------------------------------------------------------
                                           1998.686523   slack (MET)




===========================================================================
report_checks --slack_max -0.01
============================================================================
======================= min_ff_n40C_1v95 Corner ===================================

No paths found.


===========================================================================
 report_check_types -max_slew -max_cap -max_fanout -violators
============================================================================
======================= min_ff_n40C_1v95 Corner ===================================

max fanout

Pin                                   Limit Fanout  Slack
---------------------------------------------------------
clkbuf_2_2__f_clk/X                      10     11        (VIOLATED)
clkbuf_2_3__f_clk/X                      10     11        (VIOLATED)



===========================================================================
report_parasitic_annotation -report_unannotated
============================================================================
Found 42 unannotated drivers.
 ui_in[0]
 ui_in[1]
 ui_in[2]
 ui_in[3]
 ui_in[4]
 ui_in[5]
 ui_in[6]
 ui_in[7]
 uio_in[0]
 uio_in[1]
 uio_in[2]
 uio_in[3]
 uio_in[4]
 uio_in[5]
 uio_in[6]
 uio_in[7]
 clkload0/Y
 clkload1/Y
 clkload2/X
 tt_um_audio_player_121/HI
 tt_um_audio_player_122/HI
 tt_um_audio_player_123/HI
 tt_um_audio_player_124/HI
 tt_um_audio_player_125/HI
 tt_um_audio_player_126/HI
 tt_um_audio_player_127/HI
 tt_um_audio_player_128/HI
 tt_um_audio_player_129/HI
 tt_um_audio_player_130/HI
 tt_um_audio_player_131/HI
 tt_um_audio_player_132/HI
 tt_um_audio_player_133/HI
 tt_um_audio_player_134/HI
 tt_um_audio_player_135/HI
 tt_um_audio_player_136/HI
 tt_um_audio_player_137/HI
 tt_um_audio_player_138/HI
 tt_um_audio_player_139/HI
 tt_um_audio_player_140/HI
 tt_um_audio_player_141/HI
 tt_um_audio_player_142/HI
 tt_um_audio_player_143/HI
Found 0 partially unannotated drivers.

===========================================================================
max slew violation count 0
max fanout violation count 2
max cap violation count 0
============================================================================

===========================================================================
check_setup -verbose -unconstrained_endpoints -multiple_clock -no_clock -no_input_delay -loops -generated_clocks
===========================================================================
Warning: There are 23 unconstrained endpoints.
  uio_oe[0]
  uio_oe[1]
  uio_oe[2]
  uio_oe[3]
  uio_oe[4]
  uio_oe[5]
  uio_oe[6]
  uio_oe[7]
  uio_out[0]
  uio_out[1]
  uio_out[2]
  uio_out[3]
  uio_out[4]
  uio_out[5]
  uio_out[6]
  uio_out[7]
  uo_out[1]
  uo_out[2]
  uo_out[3]
  uo_out[4]
  uo_out[5]
  uo_out[6]
  uo_out[7]
