Reading OpenROAD database at '/Users/anorris/Documents/Github/tt/runs/wokwi/18-openroad-tapendcapinsertion/tt_um_audio_player.odb'…
Reading library file at '/Users/anorris/.volare/volare/sky130/versions/bdc9412b3e468c102d01b7cf6337be06ec6e9c9a/sky130A/libs.ref/sky130_fd_sc_hd/lib/sky130_fd_sc_hd__tt_025C_1v80.lib'…
Reading design constraints file at '/nix/store/qsxr83k568wxryhcsdjmplzdfkqpp30g-python3-3.11.9-env/lib/python3.11/site-packages/openlane/scripts/base.sdc'…
[INFO] Using clock clk…
[INFO] Setting output delay to: 500
[INFO] Setting input delay to: 500
[INFO] Setting load to: 0.033442
[INFO] Setting clock uncertainty to: 0.25
[INFO] Setting clock transition to: 0.1499999999999999944488848768742172978818416595458984375
[INFO] Setting timing derate to: 5%
[INFO] Setting global connections...
[INFO PDN-0001] Inserting grid: stdcell_grid
Setting global connections for newly added cells…
[INFO] Setting global connections...
Writing OpenROAD database to '/Users/anorris/Documents/Github/tt/runs/wokwi/20-openroad-generatepdn/tt_um_audio_player.odb'…
Writing netlist to '/Users/anorris/Documents/Github/tt/runs/wokwi/20-openroad-generatepdn/tt_um_audio_player.nl.v'…
Writing powered netlist to '/Users/anorris/Documents/Github/tt/runs/wokwi/20-openroad-generatepdn/tt_um_audio_player.pnl.v'…
Writing layout to '/Users/anorris/Documents/Github/tt/runs/wokwi/20-openroad-generatepdn/tt_um_audio_player.def'…
Writing timing constraints to '/Users/anorris/Documents/Github/tt/runs/wokwi/20-openroad-generatepdn/tt_um_audio_player.sdc'…
[INFO PSM-0040] All shapes on net VPWR are connected.
[INFO PSM-0040] All shapes on net VGND are connected.
