Reading library file at '/Users/anorris/.volare/volare/sky130/versions/bdc9412b3e468c102d01b7cf6337be06ec6e9c9a/sky130A/libs.ref/sky130_fd_sc_hd/lib/sky130_fd_sc_hd__tt_025C_1v80.lib'…
Reading technology LEF file at '/Users/anorris/.volare/volare/sky130/versions/bdc9412b3e468c102d01b7cf6337be06ec6e9c9a/sky130A/libs.ref/sky130_fd_sc_hd/techlef/sky130_fd_sc_hd__nom.tlef'…
[INFO ODB-0227] LEF file: /Users/anorris/.volare/volare/sky130/versions/bdc9412b3e468c102d01b7cf6337be06ec6e9c9a/sky130A/libs.ref/sky130_fd_sc_hd/techlef/sky130_fd_sc_hd__nom.tlef, created 13 layers, 25 vias
Reading cell LEF file at '/Users/anorris/.volare/volare/sky130/versions/bdc9412b3e468c102d01b7cf6337be06ec6e9c9a/sky130A/libs.ref/sky130_fd_sc_hd/lef/sky130_ef_sc_hd.lef'…
[WARNING ODB-0220] WARNING (LEFPARS-2008): NOWIREEXTENSIONATPIN statement is obsolete in version 5.6 or later.
The NOWIREEXTENSIONATPIN statement will be ignored. See file /Users/anorris/.volare/volare/sky130/versions/bdc9412b3e468c102d01b7cf6337be06ec6e9c9a/sky130A/libs.ref/sky130_fd_sc_hd/lef/sky130_ef_sc_hd.lef at line 2.

[INFO ODB-0227] LEF file: /Users/anorris/.volare/volare/sky130/versions/bdc9412b3e468c102d01b7cf6337be06ec6e9c9a/sky130A/libs.ref/sky130_fd_sc_hd/lef/sky130_ef_sc_hd.lef, created 4 library cells
Reading cell LEF file at '/Users/anorris/.volare/volare/sky130/versions/bdc9412b3e468c102d01b7cf6337be06ec6e9c9a/sky130A/libs.ref/sky130_fd_sc_hd/lef/sky130_fd_sc_hd.lef'…
[WARNING ODB-0220] WARNING (LEFPARS-2008): NOWIREEXTENSIONATPIN statement is obsolete in version 5.6 or later.
The NOWIREEXTENSIONATPIN statement will be ignored. See file /Users/anorris/.volare/volare/sky130/versions/bdc9412b3e468c102d01b7cf6337be06ec6e9c9a/sky130A/libs.ref/sky130_fd_sc_hd/lef/sky130_fd_sc_hd.lef at line 2.

[INFO ODB-0227] LEF file: /Users/anorris/.volare/volare/sky130/versions/bdc9412b3e468c102d01b7cf6337be06ec6e9c9a/sky130A/libs.ref/sky130_fd_sc_hd/lef/sky130_fd_sc_hd.lef, created 437 library cells
Reading top-level netlist at '/Users/anorris/Documents/Github/tt/runs/wokwi/06-yosys-synthesis/tt_um_audio_player.nl.v'…
Linking design 'tt_um_audio_player' from netlist…
Reading design constraints file at '/nix/store/qsxr83k568wxryhcsdjmplzdfkqpp30g-python3-3.11.9-env/lib/python3.11/site-packages/openlane/scripts/base.sdc'…
[INFO] Using clock clk…
[INFO] Setting output delay to: 500
[INFO] Setting input delay to: 500
[INFO] Setting load to: 0.033442
[INFO] Setting clock uncertainty to: 0.25
[INFO] Setting clock transition to: 0.1499999999999999944488848768742172978818416595458984375
[INFO] Setting timing derate to: 5%
Using site height: 2.72 and site width: 0.46…
[INFO] Using absolute sizing for the floorplan.
[INFO IFP-0001] Added 39 rows of 338 site unithd.
[INFO IFP-0030] Inserted 0 tiecells using sky130_fd_sc_hd__conb_1/LO.
[INFO IFP-0030] Inserted 0 tiecells using sky130_fd_sc_hd__conb_1/HI.
[INFO] Extracting DIE_AREA and CORE_AREA from the floorplan
[INFO] Floorplanned on a die area of 0.0 0.0 161.0 111.52 (µm).
[INFO] Floorplanned on a core area of 2.76 2.72 158.24 108.8 (µm).
Writing metric design__die__bbox: 0.0 0.0 161.0 111.52
Writing metric design__core__bbox: 2.76 2.72 158.24 108.8
Setting global connections for newly added cells…
[INFO] Setting global connections...
Writing OpenROAD database to '/Users/anorris/Documents/Github/tt/runs/wokwi/13-openroad-floorplan/tt_um_audio_player.odb'…
Writing netlist to '/Users/anorris/Documents/Github/tt/runs/wokwi/13-openroad-floorplan/tt_um_audio_player.nl.v'…
Writing powered netlist to '/Users/anorris/Documents/Github/tt/runs/wokwi/13-openroad-floorplan/tt_um_audio_player.pnl.v'…
Writing layout to '/Users/anorris/Documents/Github/tt/runs/wokwi/13-openroad-floorplan/tt_um_audio_player.def'…
Writing timing constraints to '/Users/anorris/Documents/Github/tt/runs/wokwi/13-openroad-floorplan/tt_um_audio_player.sdc'…
