%Warning-WIDTHEXPAND: /Users/anorris/Documents/Github/tt/src/player/audio_lookup_table.v:15:21: Operator LT expects 32 or 15 bits on the LHS, but LHS's VARREF 'address' generates 14 bits.
                                                                                              : ... note: In instance 'tt_um_audio_player.audio_player_inst.lookup'
   15 |         if (address < 16384) begin
      |                     ^
                      ... For warning description see https://verilator.org/warn/WIDTHEXPAND?v=5.018
                      ... Use "/* verilator lint_off WIDTHEXPAND */" and lint_on around source to disable this message.
%Warning-WIDTHEXPAND: /Users/anorris/Documents/Github/tt/src/player/player.v:30:32: Operator GTE expects 32 or 22 bits on the LHS, but LHS's VARREF 'sample_counter' generates 12 bits.
                                                                                  : ... note: In instance 'tt_um_audio_player.audio_player_inst'
   30 |             if (sample_counter >= DIVIDER - 1) begin
      |                                ^~
%Warning-WIDTHTRUNC: /Users/anorris/Documents/Github/tt/src/player/player.v:54:10: Input port connection 'address' expects 14 bits on the pin connection, but pin connection's VARREF 'current_addr' generates 16 bits.
                                                                                 : ... note: In instance 'tt_um_audio_player.audio_player_inst'
   54 |         .address(current_addr),
      |          ^~~~~~~
%Warning-UNUSEDSIGNAL: /Users/anorris/Documents/Github/tt/src/player/tt_um_audio_player.v:4:23: Signal is not used: 'ui_in'
                                                                                              : ... note: In instance 'tt_um_audio_player'
    4 |     input  wire [7:0] ui_in,     
      |                       ^~~~~
%Warning-UNUSEDSIGNAL: /Users/anorris/Documents/Github/tt/src/player/tt_um_audio_player.v:6:23: Signal is not used: 'uio_in'
                                                                                              : ... note: In instance 'tt_um_audio_player'
    6 |     input  wire [7:0] uio_in,    
      |                       ^~~~~~
%Warning-UNUSEDSIGNAL: /Users/anorris/Documents/Github/tt/src/player/tt_um_audio_player.v:16:17: Signal is not used: 'current_addr'
                                                                                               : ... note: In instance 'tt_um_audio_player'
   16 |     wire [15:0] current_addr;
      |                 ^~~~~~~~~~~~
%Warning-UNUSEDSIGNAL: /Users/anorris/Documents/Github/tt/src/player/tt_um_audio_player.v:17:17: Signal is not used: 'audio_sample'
                                                                                               : ... note: In instance 'tt_um_audio_player'
   17 |     wire [15:0] audio_sample;
      |                 ^~~~~~~~~~~~
%Warning-UNUSEDSIGNAL: /Users/anorris/Documents/Github/tt/src/player/tt_um_audio_player.v:18:16: Signal is not used: 'pwm_value'
                                                                                               : ... note: In instance 'tt_um_audio_player'
   18 |     wire [7:0] pwm_value;
      |                ^~~~~~~~~
%Warning-UNUSEDSIGNAL: /Users/anorris/Documents/Github/tt/src/player/tt_um_audio_player.v:19:16: Signal is not used: 'sample_scaled'
                                                                                               : ... note: In instance 'tt_um_audio_player'
   19 |     wire [7:0] sample_scaled;
      |                ^~~~~~~~~~~~~
