
===========================================================================
report_checks -unconstrained
===========================================================================
======================= nom_ss_100C_1v60 Corner ===================================

Startpoint: rst_n (input port clocked by clk)
Endpoint: _1574_ (recovery check against rising-edge clock clk)
Path Group: asynchronous
Path Type: max

Fanout         Cap        Slew       Delay        Time   Description
---------------------------------------------------------------------------------------------
                      0.150000    0.000000    0.000000   clock clk (rise edge)
                                  0.000000    0.000000   clock network delay (ideal)
                                500.000000  500.000000 ^ input external delay
    35    0.114205    0.820943    0.572129  500.572144 ^ rst_n (in)
                                                         rst_n (net)
                      0.820943    0.000000  500.572144 ^ _1574_/RESET_B (sky130_fd_sc_hd__dfrtp_2)
                                            500.572144   data arrival time

                      0.150000 2500.000000 2500.000000   clock clk (rise edge)
                                  0.000000 2500.000000   clock network delay (ideal)
                                 -0.250000 2499.750000   clock uncertainty
                                  0.000000 2499.750000   clock reconvergence pessimism
                                           2499.750000 ^ _1574_/CLK (sky130_fd_sc_hd__dfrtp_2)
                                  0.152142 2499.902100   library recovery time
                                           2499.902100   data required time
---------------------------------------------------------------------------------------------
                                           2499.902100   data required time
                                           -500.572144   data arrival time
---------------------------------------------------------------------------------------------
                                           1999.329956   slack (MET)


Startpoint: ena (input port clocked by clk)
Endpoint: _1574_ (rising edge-triggered flip-flop clocked by clk)
Path Group: clk
Path Type: max

Fanout         Cap        Slew       Delay        Time   Description
---------------------------------------------------------------------------------------------
                      0.150000    0.000000    0.000000   clock clk (rise edge)
                                  0.000000    0.000000   clock network delay (ideal)
                                500.000000  500.000000 ^ input external delay
     5    0.014602    0.115102    0.075147  500.075165 ^ ena (in)
                                                         ena (net)
                      0.115102    0.000000  500.075165 ^ _0787_/A (sky130_fd_sc_hd__inv_2)
    17    0.036810    0.160684    0.180080  500.255249 v _0787_/Y (sky130_fd_sc_hd__inv_2)
                                                         _0624_ (net)
                      0.160684    0.000000  500.255249 v _1496_/C (sky130_fd_sc_hd__or3_2)
     1    0.004004    0.173812    1.007550  501.262787 v _1496_/X (sky130_fd_sc_hd__or3_2)
                                                         _0720_ (net)
                      0.173812    0.000000  501.262787 v _1497_/D (sky130_fd_sc_hd__nor4_2)
    10    0.022168    0.976715    0.765851  502.028656 ^ _1497_/Y (sky130_fd_sc_hd__nor4_2)
                                                         _0721_ (net)
                      0.976715    0.000000  502.028656 ^ _1498_/B1_N (sky130_fd_sc_hd__o21ba_2)
     1    0.001838    0.055310    0.549392  502.578033 v _1498_/X (sky130_fd_sc_hd__o21ba_2)
                                                         _0005_ (net)
                      0.055310    0.000000  502.578033 v _1574_/D (sky130_fd_sc_hd__dfrtp_2)
                                            502.578033   data arrival time

                      0.150000 2500.000000 2500.000000   clock clk (rise edge)
                                  0.000000 2500.000000   clock network delay (ideal)
                                 -0.250000 2499.750000   clock uncertainty
                                  0.000000 2499.750000   clock reconvergence pessimism
                                           2499.750000 ^ _1574_/CLK (sky130_fd_sc_hd__dfrtp_2)
                                 -0.249160 2499.500732   library setup time
                                           2499.500732   data required time
---------------------------------------------------------------------------------------------
                                           2499.500732   data required time
                                           -502.578033   data arrival time
---------------------------------------------------------------------------------------------
                                           1996.922607   slack (MET)




===========================================================================
report_checks --slack_max -0.01
============================================================================
======================= nom_ss_100C_1v60 Corner ===================================

No paths found.


===========================================================================
 report_check_types -max_slew -max_cap -max_fanout -violators
============================================================================
======================= nom_ss_100C_1v60 Corner ===================================

max slew

Pin                                        Limit        Slew       Slack
------------------------------------------------------------------------
_0797_/A                                0.750000    2.094502   -1.344502 (VIOLATED)
_0811_/B                                0.750000    2.094502   -1.344502 (VIOLATED)
_0812_/B                                0.750000    2.094502   -1.344502 (VIOLATED)
_0821_/B                                0.750000    2.094502   -1.344502 (VIOLATED)
_0826_/B                                0.750000    2.094502   -1.344502 (VIOLATED)
_0827_/B1                               0.750000    2.094502   -1.344502 (VIOLATED)
_0830_/B                                0.750000    2.094502   -1.344502 (VIOLATED)
_0831_/A_N                              0.750000    2.094502   -1.344502 (VIOLATED)
_0834_/A                                0.750000    2.094502   -1.344502 (VIOLATED)
_0835_/A                                0.750000    2.094502   -1.344502 (VIOLATED)
_0839_/B1                               0.750000    2.094502   -1.344502 (VIOLATED)
_0840_/B1                               0.750000    2.094502   -1.344502 (VIOLATED)
_0857_/B1                               0.750000    2.094502   -1.344502 (VIOLATED)
_0859_/A1                               0.750000    2.094502   -1.344502 (VIOLATED)
_0863_/B1                               0.750000    2.094502   -1.344502 (VIOLATED)
_0865_/A                                0.750000    2.094502   -1.344502 (VIOLATED)
_0866_/B1                               0.750000    2.094502   -1.344502 (VIOLATED)
_0873_/C                                0.750000    2.094502   -1.344502 (VIOLATED)
_0880_/A3                               0.750000    2.094502   -1.344502 (VIOLATED)
_0884_/A3                               0.750000    2.094502   -1.344502 (VIOLATED)
_0889_/A                                0.750000    2.094502   -1.344502 (VIOLATED)
_0891_/A1                               0.750000    2.094502   -1.344502 (VIOLATED)
_0901_/A1                               0.750000    2.094502   -1.344502 (VIOLATED)
_0909_/A                                0.750000    2.094502   -1.344502 (VIOLATED)
_0912_/B1                               0.750000    2.094502   -1.344502 (VIOLATED)
_0913_/B1                               0.750000    2.094502   -1.344502 (VIOLATED)
_0916_/B                                0.750000    2.094502   -1.344502 (VIOLATED)
_0925_/A                                0.750000    2.094502   -1.344502 (VIOLATED)
_0926_/A                                0.750000    2.094502   -1.344502 (VIOLATED)
_0928_/B                                0.750000    2.094502   -1.344502 (VIOLATED)
_0930_/D                                0.750000    2.094502   -1.344502 (VIOLATED)
_0931_/D                                0.750000    2.094502   -1.344502 (VIOLATED)
_0936_/B1                               0.750000    2.094502   -1.344502 (VIOLATED)
_0937_/B1                               0.750000    2.094502   -1.344502 (VIOLATED)
_0944_/A                                0.750000    2.094502   -1.344502 (VIOLATED)
_0945_/B1                               0.750000    2.094502   -1.344502 (VIOLATED)
_0948_/A0                               0.750000    2.094502   -1.344502 (VIOLATED)
_0953_/A                                0.750000    2.094502   -1.344502 (VIOLATED)
_0955_/A                                0.750000    2.094502   -1.344502 (VIOLATED)
_0968_/A                                0.750000    2.094502   -1.344502 (VIOLATED)
_0969_/A                                0.750000    2.094502   -1.344502 (VIOLATED)
_0970_/B1                               0.750000    2.094502   -1.344502 (VIOLATED)
_0978_/A1                               0.750000    2.094502   -1.344502 (VIOLATED)
_0981_/B1                               0.750000    2.094502   -1.344502 (VIOLATED)
_0984_/A_N                              0.750000    2.094502   -1.344502 (VIOLATED)
_0985_/A_N                              0.750000    2.094502   -1.344502 (VIOLATED)
_0987_/B1                               0.750000    2.094502   -1.344502 (VIOLATED)
_0988_/B1                               0.750000    2.094502   -1.344502 (VIOLATED)
_0991_/A                                0.750000    2.094502   -1.344502 (VIOLATED)
_1000_/A                                0.750000    2.094502   -1.344502 (VIOLATED)
_1004_/A1                               0.750000    2.094502   -1.344502 (VIOLATED)
_1005_/A1                               0.750000    2.094502   -1.344502 (VIOLATED)
_1012_/A1                               0.750000    2.094502   -1.344502 (VIOLATED)
_1024_/B1                               0.750000    2.094502   -1.344502 (VIOLATED)
_1026_/B1                               0.750000    2.094502   -1.344502 (VIOLATED)
_1035_/A                                0.750000    2.094502   -1.344502 (VIOLATED)
_1059_/A1                               0.750000    2.094502   -1.344502 (VIOLATED)
_1060_/A1                               0.750000    2.094502   -1.344502 (VIOLATED)
_1081_/A1                               0.750000    2.094502   -1.344502 (VIOLATED)
_1096_/C1                               0.750000    2.094502   -1.344502 (VIOLATED)
_1117_/B                                0.750000    2.094502   -1.344502 (VIOLATED)
_1147_/A                                0.750000    2.094502   -1.344502 (VIOLATED)
_1156_/B1                               0.750000    2.094502   -1.344502 (VIOLATED)
_1177_/C1                               0.750000    2.094502   -1.344502 (VIOLATED)
_1199_/B_N                              0.750000    2.094502   -1.344502 (VIOLATED)
_1208_/A                                0.750000    2.094502   -1.344502 (VIOLATED)
_1221_/A1                               0.750000    2.094502   -1.344502 (VIOLATED)
_1222_/A1                               0.750000    2.094502   -1.344502 (VIOLATED)
_1228_/B1                               0.750000    2.094502   -1.344502 (VIOLATED)
_1236_/C                                0.750000    2.094502   -1.344502 (VIOLATED)
_1253_/C1                               0.750000    2.094502   -1.344502 (VIOLATED)
_1276_/A1                               0.750000    2.094502   -1.344502 (VIOLATED)
_1288_/A2                               0.750000    2.094502   -1.344502 (VIOLATED)
_1298_/A1                               0.750000    2.094502   -1.344502 (VIOLATED)
_1303_/C1                               0.750000    2.094502   -1.344502 (VIOLATED)
_1305_/B1                               0.750000    2.094502   -1.344502 (VIOLATED)
_1306_/A2                               0.750000    2.094502   -1.344502 (VIOLATED)
_1336_/A1                               0.750000    2.094502   -1.344502 (VIOLATED)
_1378_/C1                               0.750000    2.094502   -1.344502 (VIOLATED)
_1385_/A1                               0.750000    2.094502   -1.344502 (VIOLATED)
_1397_/A1                               0.750000    2.094502   -1.344502 (VIOLATED)
_1418_/D1                               0.750000    2.094502   -1.344502 (VIOLATED)
_1420_/A                                0.750000    2.094502   -1.344502 (VIOLATED)
_1441_/A1                               0.750000    2.094502   -1.344502 (VIOLATED)
_1449_/A1                               0.750000    2.094502   -1.344502 (VIOLATED)
_1461_/A2                               0.750000    2.094502   -1.344502 (VIOLATED)
_1469_/A1                               0.750000    2.094502   -1.344502 (VIOLATED)
_1471_/A1                               0.750000    2.094502   -1.344502 (VIOLATED)
_1478_/A1                               0.750000    2.094502   -1.344502 (VIOLATED)
_1482_/A1                               0.750000    2.094502   -1.344502 (VIOLATED)
_1543_/A1                               0.750000    2.094502   -1.344502 (VIOLATED)
_1592_/Q                                0.750000    2.094502   -1.344502 (VIOLATED)
_0798_/A                                0.750000    1.968368   -1.218368 (VIOLATED)
_0818_/B1                               0.750000    1.968368   -1.218368 (VIOLATED)
_0819_/B1                               0.750000    1.968368   -1.218368 (VIOLATED)
_0820_/B                                0.750000    1.968368   -1.218368 (VIOLATED)
_0821_/C                                0.750000    1.968368   -1.218368 (VIOLATED)
_0822_/A_N                              0.750000    1.968368   -1.218368 (VIOLATED)
_0823_/A_N                              0.750000    1.968368   -1.218368 (VIOLATED)
_0828_/A                                0.750000    1.968368   -1.218368 (VIOLATED)
_0829_/A                                0.750000    1.968368   -1.218368 (VIOLATED)
_0834_/B                                0.750000    1.968368   -1.218368 (VIOLATED)
_0835_/B                                0.750000    1.968368   -1.218368 (VIOLATED)
_0840_/C1                               0.750000    1.968368   -1.218368 (VIOLATED)
_0867_/A1                               0.750000    1.968368   -1.218368 (VIOLATED)
_0880_/B1                               0.750000    1.968368   -1.218368 (VIOLATED)
_0884_/B1                               0.750000    1.968368   -1.218368 (VIOLATED)
_0890_/A1                               0.750000    1.968368   -1.218368 (VIOLATED)
_0901_/B1                               0.750000    1.968368   -1.218368 (VIOLATED)
_0915_/A                                0.750000    1.968368   -1.218368 (VIOLATED)
_0916_/A_N                              0.750000    1.968368   -1.218368 (VIOLATED)
_0917_/A1                               0.750000    1.968368   -1.218368 (VIOLATED)
_0918_/A                                0.750000    1.968368   -1.218368 (VIOLATED)
_0924_/C1                               0.750000    1.968368   -1.218368 (VIOLATED)
_0925_/B                                0.750000    1.968368   -1.218368 (VIOLATED)
_0926_/B                                0.750000    1.968368   -1.218368 (VIOLATED)
_0927_/B                                0.750000    1.968368   -1.218368 (VIOLATED)
_0928_/C                                0.750000    1.968368   -1.218368 (VIOLATED)
_0932_/A                                0.750000    1.968368   -1.218368 (VIOLATED)
_0948_/S0                               0.750000    1.968368   -1.218368 (VIOLATED)
_0951_/A                                0.750000    1.968368   -1.218368 (VIOLATED)
_0952_/A                                0.750000    1.968368   -1.218368 (VIOLATED)
_0953_/B                                0.750000    1.968368   -1.218368 (VIOLATED)
_0955_/B                                0.750000    1.968368   -1.218368 (VIOLATED)
_0962_/A                                0.750000    1.968368   -1.218368 (VIOLATED)
_0969_/B                                0.750000    1.968368   -1.218368 (VIOLATED)
_0975_/B                                0.750000    1.968368   -1.218368 (VIOLATED)
_0980_/A                                0.750000    1.968368   -1.218368 (VIOLATED)
_0981_/C1                               0.750000    1.968368   -1.218368 (VIOLATED)
_0984_/B                                0.750000    1.968368   -1.218368 (VIOLATED)
_0985_/B                                0.750000    1.968368   -1.218368 (VIOLATED)
_0989_/A                                0.750000    1.968368   -1.218368 (VIOLATED)
_0991_/B                                0.750000    1.968368   -1.218368 (VIOLATED)
_0997_/A1                               0.750000    1.968368   -1.218368 (VIOLATED)
_1002_/A1                               0.750000    1.968368   -1.218368 (VIOLATED)
_1004_/B1                               0.750000    1.968368   -1.218368 (VIOLATED)
_1005_/B1                               0.750000    1.968368   -1.218368 (VIOLATED)
_1006_/A1                               0.750000    1.968368   -1.218368 (VIOLATED)
_1011_/A1                               0.750000    1.968368   -1.218368 (VIOLATED)
_1012_/B1                               0.750000    1.968368   -1.218368 (VIOLATED)
_1030_/A1                               0.750000    1.968368   -1.218368 (VIOLATED)
_1045_/A1                               0.750000    1.968368   -1.218368 (VIOLATED)
_1053_/B1                               0.750000    1.968368   -1.218368 (VIOLATED)
_1055_/C1                               0.750000    1.968368   -1.218368 (VIOLATED)
_1061_/A1                               0.750000    1.968368   -1.218368 (VIOLATED)
_1064_/C1                               0.750000    1.968368   -1.218368 (VIOLATED)
_1077_/A1                               0.750000    1.968368   -1.218368 (VIOLATED)
_1087_/A2                               0.750000    1.968368   -1.218368 (VIOLATED)
_1109_/A1                               0.750000    1.968368   -1.218368 (VIOLATED)
_1111_/A                                0.750000    1.968368   -1.218368 (VIOLATED)
_1130_/A1                               0.750000    1.968368   -1.218368 (VIOLATED)
_1132_/A1                               0.750000    1.968368   -1.218368 (VIOLATED)
_1160_/A1                               0.750000    1.968368   -1.218368 (VIOLATED)
_1167_/A1                               0.750000    1.968368   -1.218368 (VIOLATED)
_1168_/A1                               0.750000    1.968368   -1.218368 (VIOLATED)
_1178_/C1                               0.750000    1.968368   -1.218368 (VIOLATED)
_1189_/A1                               0.750000    1.968368   -1.218368 (VIOLATED)
_1194_/A1                               0.750000    1.968368   -1.218368 (VIOLATED)
_1201_/A1                               0.750000    1.968368   -1.218368 (VIOLATED)
_1218_/A1                               0.750000    1.968368   -1.218368 (VIOLATED)
_1223_/A1                               0.750000    1.968368   -1.218368 (VIOLATED)
_1238_/A1                               0.750000    1.968368   -1.218368 (VIOLATED)
_1242_/A1                               0.750000    1.968368   -1.218368 (VIOLATED)
_1252_/A                                0.750000    1.968368   -1.218368 (VIOLATED)
_1256_/A                                0.750000    1.968368   -1.218368 (VIOLATED)
_1266_/A1                               0.750000    1.968368   -1.218368 (VIOLATED)
_1283_/B                                0.750000    1.968368   -1.218368 (VIOLATED)
_1288_/B1                               0.750000    1.968368   -1.218368 (VIOLATED)
_1289_/A1                               0.750000    1.968368   -1.218368 (VIOLATED)
_1301_/A1                               0.750000    1.968368   -1.218368 (VIOLATED)
_1363_/A1                               0.750000    1.968368   -1.218368 (VIOLATED)
_1398_/A                                0.750000    1.968368   -1.218368 (VIOLATED)
_1418_/A1                               0.750000    1.968368   -1.218368 (VIOLATED)
_1433_/C1                               0.750000    1.968368   -1.218368 (VIOLATED)
_1441_/D1                               0.750000    1.968368   -1.218368 (VIOLATED)
_1443_/S                                0.750000    1.968368   -1.218368 (VIOLATED)
_1455_/B1                               0.750000    1.968368   -1.218368 (VIOLATED)
_1545_/A1                               0.750000    1.968368   -1.218368 (VIOLATED)
_1593_/Q                                0.750000    1.968368   -1.218368 (VIOLATED)
_0795_/A                                0.750000    1.953248   -1.203248 (VIOLATED)
_0811_/A                                0.750000    1.953248   -1.203248 (VIOLATED)
_0812_/A                                0.750000    1.953248   -1.203248 (VIOLATED)
_0814_/B                                0.750000    1.953248   -1.203248 (VIOLATED)
_0815_/B                                0.750000    1.953248   -1.203248 (VIOLATED)
_0816_/B                                0.750000    1.953248   -1.203248 (VIOLATED)
_0820_/A                                0.750000    1.953248   -1.203248 (VIOLATED)
_0821_/A                                0.750000    1.953248   -1.203248 (VIOLATED)
_0824_/B1                               0.750000    1.953248   -1.203248 (VIOLATED)
_0825_/B1                               0.750000    1.953248   -1.203248 (VIOLATED)
_0826_/A                                0.750000    1.953248   -1.203248 (VIOLATED)
_0827_/C1                               0.750000    1.953248   -1.203248 (VIOLATED)
_0831_/B                                0.750000    1.953248   -1.203248 (VIOLATED)
_0837_/B1                               0.750000    1.953248   -1.203248 (VIOLATED)
_0838_/B1                               0.750000    1.953248   -1.203248 (VIOLATED)
_0839_/C1                               0.750000    1.953248   -1.203248 (VIOLATED)
_0840_/D1                               0.750000    1.953248   -1.203248 (VIOLATED)
_0851_/B                                0.750000    1.953248   -1.203248 (VIOLATED)
_0852_/B                                0.750000    1.953248   -1.203248 (VIOLATED)
_0854_/A                                0.750000    1.953248   -1.203248 (VIOLATED)
_0855_/B1                               0.750000    1.953248   -1.203248 (VIOLATED)
_0856_/B1                               0.750000    1.953248   -1.203248 (VIOLATED)
_0857_/C1                               0.750000    1.953248   -1.203248 (VIOLATED)
_0860_/B                                0.750000    1.953248   -1.203248 (VIOLATED)
_0861_/B                                0.750000    1.953248   -1.203248 (VIOLATED)
_0863_/A2                               0.750000    1.953248   -1.203248 (VIOLATED)
_0866_/A2                               0.750000    1.953248   -1.203248 (VIOLATED)
_0873_/B                                0.750000    1.953248   -1.203248 (VIOLATED)
_0880_/A2                               0.750000    1.953248   -1.203248 (VIOLATED)
_0884_/A2                               0.750000    1.953248   -1.203248 (VIOLATED)
_0899_/B                                0.750000    1.953248   -1.203248 (VIOLATED)
_0900_/B                                0.750000    1.953248   -1.203248 (VIOLATED)
_0906_/C1                               0.750000    1.953248   -1.203248 (VIOLATED)
_0907_/C1                               0.750000    1.953248   -1.203248 (VIOLATED)
_0910_/C1                               0.750000    1.953248   -1.203248 (VIOLATED)
_0911_/C1                               0.750000    1.953248   -1.203248 (VIOLATED)
_0912_/C1                               0.750000    1.953248   -1.203248 (VIOLATED)
_0913_/C1                               0.750000    1.953248   -1.203248 (VIOLATED)
_0927_/A                                0.750000    1.953248   -1.203248 (VIOLATED)
_0928_/A                                0.750000    1.953248   -1.203248 (VIOLATED)
_0929_/B                                0.750000    1.953248   -1.203248 (VIOLATED)
_0930_/B                                0.750000    1.953248   -1.203248 (VIOLATED)
_0931_/B                                0.750000    1.953248   -1.203248 (VIOLATED)
_0936_/A1                               0.750000    1.953248   -1.203248 (VIOLATED)
_0937_/A1                               0.750000    1.953248   -1.203248 (VIOLATED)
_0938_/A1                               0.750000    1.953248   -1.203248 (VIOLATED)
_0945_/A2                               0.750000    1.953248   -1.203248 (VIOLATED)
_0949_/A_N                              0.750000    1.953248   -1.203248 (VIOLATED)
_0950_/A_N                              0.750000    1.953248   -1.203248 (VIOLATED)
_0970_/C1                               0.750000    1.953248   -1.203248 (VIOLATED)
_0981_/A2                               0.750000    1.953248   -1.203248 (VIOLATED)
_0987_/A2                               0.750000    1.953248   -1.203248 (VIOLATED)
_0988_/A2                               0.750000    1.953248   -1.203248 (VIOLATED)
_0998_/B1                               0.750000    1.953248   -1.203248 (VIOLATED)
_0999_/B1                               0.750000    1.953248   -1.203248 (VIOLATED)
_1024_/A2                               0.750000    1.953248   -1.203248 (VIOLATED)
_1026_/C1                               0.750000    1.953248   -1.203248 (VIOLATED)
_1072_/A_N                              0.750000    1.953248   -1.203248 (VIOLATED)
_1087_/A1                               0.750000    1.953248   -1.203248 (VIOLATED)
_1094_/A                                0.750000    1.953248   -1.203248 (VIOLATED)
_1095_/B1_N                             0.750000    1.953248   -1.203248 (VIOLATED)
_1102_/A                                0.750000    1.953248   -1.203248 (VIOLATED)
_1106_/A                                0.750000    1.953248   -1.203248 (VIOLATED)
_1117_/A_N                              0.750000    1.953248   -1.203248 (VIOLATED)
_1122_/A                                0.750000    1.953248   -1.203248 (VIOLATED)
_1123_/A1                               0.750000    1.953248   -1.203248 (VIOLATED)
_1124_/A                                0.750000    1.953248   -1.203248 (VIOLATED)
_1125_/A1                               0.750000    1.953248   -1.203248 (VIOLATED)
_1127_/D1                               0.750000    1.953248   -1.203248 (VIOLATED)
_1148_/A1                               0.750000    1.953248   -1.203248 (VIOLATED)
_1154_/B1                               0.750000    1.953248   -1.203248 (VIOLATED)
_1155_/A                                0.750000    1.953248   -1.203248 (VIOLATED)
_1157_/A1                               0.750000    1.953248   -1.203248 (VIOLATED)
_1170_/B1                               0.750000    1.953248   -1.203248 (VIOLATED)
_1184_/B                                0.750000    1.953248   -1.203248 (VIOLATED)
_1199_/D                                0.750000    1.953248   -1.203248 (VIOLATED)
_1227_/A2                               0.750000    1.953248   -1.203248 (VIOLATED)
_1236_/D                                0.750000    1.953248   -1.203248 (VIOLATED)
_1244_/B2                               0.750000    1.953248   -1.203248 (VIOLATED)
_1253_/A2                               0.750000    1.953248   -1.203248 (VIOLATED)
_1271_/A1                               0.750000    1.953248   -1.203248 (VIOLATED)
_1280_/B1                               0.750000    1.953248   -1.203248 (VIOLATED)
_1287_/B1                               0.750000    1.953248   -1.203248 (VIOLATED)
_1362_/B                                0.750000    1.953248   -1.203248 (VIOLATED)
_1378_/A1                               0.750000    1.953248   -1.203248 (VIOLATED)
_1539_/A                                0.750000    1.953248   -1.203248 (VIOLATED)
_1591_/Q                                0.750000    1.953248   -1.203248 (VIOLATED)
_0799_/A                                0.750000    1.608138   -0.858138 (VIOLATED)
_0822_/B                                0.750000    1.608138   -0.858138 (VIOLATED)
_0823_/B                                0.750000    1.608138   -0.858138 (VIOLATED)
_0828_/B                                0.750000    1.608138   -0.858138 (VIOLATED)
_0829_/B                                0.750000    1.608138   -0.858138 (VIOLATED)
_0842_/A                                0.750000    1.608138   -0.858138 (VIOLATED)
_0867_/B1                               0.750000    1.608138   -0.858138 (VIOLATED)
_0868_/A1                               0.750000    1.608138   -0.858138 (VIOLATED)
_0870_/A                                0.750000    1.608138   -0.858138 (VIOLATED)
_0881_/A_N                              0.750000    1.608138   -0.858138 (VIOLATED)
_0882_/A_N                              0.750000    1.608138   -0.858138 (VIOLATED)
_0892_/A                                0.750000    1.608138   -0.858138 (VIOLATED)
_0893_/A                                0.750000    1.608138   -0.858138 (VIOLATED)
_0896_/A                                0.750000    1.608138   -0.858138 (VIOLATED)
_0902_/A                                0.750000    1.608138   -0.858138 (VIOLATED)
_0921_/A                                0.750000    1.608138   -0.858138 (VIOLATED)
_0935_/B2                               0.750000    1.608138   -0.858138 (VIOLATED)
_0944_/B                                0.750000    1.608138   -0.858138 (VIOLATED)
_0951_/B                                0.750000    1.608138   -0.858138 (VIOLATED)
_0952_/B                                0.750000    1.608138   -0.858138 (VIOLATED)
_0953_/C                                0.750000    1.608138   -0.858138 (VIOLATED)
_0955_/C                                0.750000    1.608138   -0.858138 (VIOLATED)
_0965_/A                                0.750000    1.608138   -0.858138 (VIOLATED)
_0969_/C_N                              0.750000    1.608138   -0.858138 (VIOLATED)
_0974_/B                                0.750000    1.608138   -0.858138 (VIOLATED)
_0975_/A_N                              0.750000    1.608138   -0.858138 (VIOLATED)
_0982_/A                                0.750000    1.608138   -0.858138 (VIOLATED)
_0983_/A1                               0.750000    1.608138   -0.858138 (VIOLATED)
_0995_/A                                0.750000    1.608138   -0.858138 (VIOLATED)
_1002_/C1                               0.750000    1.608138   -0.858138 (VIOLATED)
_1006_/C1                               0.750000    1.608138   -0.858138 (VIOLATED)
_1007_/C1                               0.750000    1.608138   -0.858138 (VIOLATED)
_1011_/C1                               0.750000    1.608138   -0.858138 (VIOLATED)
_1013_/A                                0.750000    1.608138   -0.858138 (VIOLATED)
_1025_/A                                0.750000    1.608138   -0.858138 (VIOLATED)
_1045_/B1                               0.750000    1.608138   -0.858138 (VIOLATED)
_1047_/A                                0.750000    1.608138   -0.858138 (VIOLATED)
_1057_/A                                0.750000    1.608138   -0.858138 (VIOLATED)
_1058_/B2                               0.750000    1.608138   -0.858138 (VIOLATED)
_1061_/C1                               0.750000    1.608138   -0.858138 (VIOLATED)
_1066_/B                                0.750000    1.608138   -0.858138 (VIOLATED)
_1079_/A1                               0.750000    1.608138   -0.858138 (VIOLATED)
_1105_/A1                               0.750000    1.608138   -0.858138 (VIOLATED)
_1110_/A                                0.750000    1.608138   -0.858138 (VIOLATED)
_1114_/A                                0.750000    1.608138   -0.858138 (VIOLATED)
_1123_/B2                               0.750000    1.608138   -0.858138 (VIOLATED)
_1132_/B2                               0.750000    1.608138   -0.858138 (VIOLATED)
_1135_/A                                0.750000    1.608138   -0.858138 (VIOLATED)
_1156_/C1                               0.750000    1.608138   -0.858138 (VIOLATED)
_1171_/A1                               0.750000    1.608138   -0.858138 (VIOLATED)
_1193_/A1                               0.750000    1.608138   -0.858138 (VIOLATED)
_1198_/A1                               0.750000    1.608138   -0.858138 (VIOLATED)
_1221_/A2                               0.750000    1.608138   -0.858138 (VIOLATED)
_1245_/A1                               0.750000    1.608138   -0.858138 (VIOLATED)
_1254_/A1                               0.750000    1.608138   -0.858138 (VIOLATED)
_1261_/C1                               0.750000    1.608138   -0.858138 (VIOLATED)
_1273_/A1                               0.750000    1.608138   -0.858138 (VIOLATED)
_1291_/B2                               0.750000    1.608138   -0.858138 (VIOLATED)
_1307_/A1                               0.750000    1.608138   -0.858138 (VIOLATED)
_1317_/A                                0.750000    1.608138   -0.858138 (VIOLATED)
_1321_/C1                               0.750000    1.608138   -0.858138 (VIOLATED)
_1330_/B2                               0.750000    1.608138   -0.858138 (VIOLATED)
_1339_/B                                0.750000    1.608138   -0.858138 (VIOLATED)
_1367_/A1                               0.750000    1.608138   -0.858138 (VIOLATED)
_1379_/B1                               0.750000    1.608138   -0.858138 (VIOLATED)
_1416_/A1                               0.750000    1.608138   -0.858138 (VIOLATED)
_1426_/A1_N                             0.750000    1.608138   -0.858138 (VIOLATED)
_1445_/A1                               0.750000    1.608138   -0.858138 (VIOLATED)
_1452_/A                                0.750000    1.608138   -0.858138 (VIOLATED)
_1453_/A2                               0.750000    1.608138   -0.858138 (VIOLATED)
_1479_/B1                               0.750000    1.608138   -0.858138 (VIOLATED)
_1481_/A2                               0.750000    1.608138   -0.858138 (VIOLATED)
_1549_/A1                               0.750000    1.608138   -0.858138 (VIOLATED)
_1594_/Q                                0.750000    1.608138   -0.858138 (VIOLATED)
_0794_/A                                0.750000    1.608080   -0.858080 (VIOLATED)
_0813_/A                                0.750000    1.608080   -0.858080 (VIOLATED)
_0814_/A                                0.750000    1.608080   -0.858080 (VIOLATED)
_0815_/A                                0.750000    1.608080   -0.858080 (VIOLATED)
_0816_/A                                0.750000    1.608080   -0.858080 (VIOLATED)
_0824_/A1                               0.750000    1.608080   -0.858080 (VIOLATED)
_0825_/A1                               0.750000    1.608080   -0.858080 (VIOLATED)
_0827_/A1                               0.750000    1.608080   -0.858080 (VIOLATED)
_0836_/A                                0.750000    1.608080   -0.858080 (VIOLATED)
_0837_/A1                               0.750000    1.608080   -0.858080 (VIOLATED)
_0838_/A1                               0.750000    1.608080   -0.858080 (VIOLATED)
_0839_/A1                               0.750000    1.608080   -0.858080 (VIOLATED)
_0840_/A1                               0.750000    1.608080   -0.858080 (VIOLATED)
_0845_/A                                0.750000    1.608080   -0.858080 (VIOLATED)
_0846_/A                                0.750000    1.608080   -0.858080 (VIOLATED)
_0847_/A                                0.750000    1.608080   -0.858080 (VIOLATED)
_0851_/A                                0.750000    1.608080   -0.858080 (VIOLATED)
_0852_/A                                0.750000    1.608080   -0.858080 (VIOLATED)
_0855_/A1                               0.750000    1.608080   -0.858080 (VIOLATED)
_0856_/A1                               0.750000    1.608080   -0.858080 (VIOLATED)
_0857_/A1                               0.750000    1.608080   -0.858080 (VIOLATED)
_0860_/A                                0.750000    1.608080   -0.858080 (VIOLATED)
_0861_/A                                0.750000    1.608080   -0.858080 (VIOLATED)
_0863_/A1                               0.750000    1.608080   -0.858080 (VIOLATED)
_0866_/A1                               0.750000    1.608080   -0.858080 (VIOLATED)
_0873_/A                                0.750000    1.608080   -0.858080 (VIOLATED)
_0874_/A                                0.750000    1.608080   -0.858080 (VIOLATED)
_0875_/A                                0.750000    1.608080   -0.858080 (VIOLATED)
_0880_/A1                               0.750000    1.608080   -0.858080 (VIOLATED)
_0884_/A1                               0.750000    1.608080   -0.858080 (VIOLATED)
_0899_/A                                0.750000    1.608080   -0.858080 (VIOLATED)
_0900_/A                                0.750000    1.608080   -0.858080 (VIOLATED)
_0904_/B1                               0.750000    1.608080   -0.858080 (VIOLATED)
_0905_/B1                               0.750000    1.608080   -0.858080 (VIOLATED)
_0906_/B1                               0.750000    1.608080   -0.858080 (VIOLATED)
_0907_/B1                               0.750000    1.608080   -0.858080 (VIOLATED)
_0910_/B1                               0.750000    1.608080   -0.858080 (VIOLATED)
_0911_/B1                               0.750000    1.608080   -0.858080 (VIOLATED)
_0912_/D1                               0.750000    1.608080   -0.858080 (VIOLATED)
_0913_/D1                               0.750000    1.608080   -0.858080 (VIOLATED)
_0929_/A                                0.750000    1.608080   -0.858080 (VIOLATED)
_0930_/A                                0.750000    1.608080   -0.858080 (VIOLATED)
_0931_/A                                0.750000    1.608080   -0.858080 (VIOLATED)
_0945_/A1                               0.750000    1.608080   -0.858080 (VIOLATED)
_0949_/B                                0.750000    1.608080   -0.858080 (VIOLATED)
_0950_/B                                0.750000    1.608080   -0.858080 (VIOLATED)
_0970_/A1                               0.750000    1.608080   -0.858080 (VIOLATED)
_0981_/A1                               0.750000    1.608080   -0.858080 (VIOLATED)
_0987_/A1                               0.750000    1.608080   -0.858080 (VIOLATED)
_0988_/A1                               0.750000    1.608080   -0.858080 (VIOLATED)
_0998_/A1                               0.750000    1.608080   -0.858080 (VIOLATED)
_0999_/A1                               0.750000    1.608080   -0.858080 (VIOLATED)
_1024_/A1                               0.750000    1.608080   -0.858080 (VIOLATED)
_1026_/D1                               0.750000    1.608080   -0.858080 (VIOLATED)
_1040_/A_N                              0.750000    1.608080   -0.858080 (VIOLATED)
_1041_/A_N                              0.750000    1.608080   -0.858080 (VIOLATED)
_1042_/B1_N                             0.750000    1.608080   -0.858080 (VIOLATED)
_1093_/A                                0.750000    1.608080   -0.858080 (VIOLATED)
_1100_/C_N                              0.750000    1.608080   -0.858080 (VIOLATED)
_1118_/A                                0.750000    1.608080   -0.858080 (VIOLATED)
_1127_/A1                               0.750000    1.608080   -0.858080 (VIOLATED)
_1154_/A1                               0.750000    1.608080   -0.858080 (VIOLATED)
_1199_/C                                0.750000    1.608080   -0.858080 (VIOLATED)
_1227_/A1                               0.750000    1.608080   -0.858080 (VIOLATED)
_1253_/A1                               0.750000    1.608080   -0.858080 (VIOLATED)
_1287_/A1                               0.750000    1.608080   -0.858080 (VIOLATED)
_1328_/A1                               0.750000    1.608080   -0.858080 (VIOLATED)
_1362_/A                                0.750000    1.608080   -0.858080 (VIOLATED)
_1538_/A1                               0.750000    1.608080   -0.858080 (VIOLATED)
_1590_/Q                                0.750000    1.608080   -0.858080 (VIOLATED)
_0796_/A                                0.750000    1.421028   -0.671028 (VIOLATED)
_0813_/B                                0.750000    1.421028   -0.671028 (VIOLATED)
_0815_/C                                0.750000    1.421028   -0.671028 (VIOLATED)
_0816_/C                                0.750000    1.421028   -0.671028 (VIOLATED)
_0824_/A2                               0.750000    1.421028   -0.671028 (VIOLATED)
_0825_/A2                               0.750000    1.421028   -0.671028 (VIOLATED)
_0827_/A2                               0.750000    1.421028   -0.671028 (VIOLATED)
_0836_/B                                0.750000    1.421028   -0.671028 (VIOLATED)
_0837_/A2                               0.750000    1.421028   -0.671028 (VIOLATED)
_0838_/A2                               0.750000    1.421028   -0.671028 (VIOLATED)
_0839_/A2                               0.750000    1.421028   -0.671028 (VIOLATED)
_0840_/A2                               0.750000    1.421028   -0.671028 (VIOLATED)
_0847_/C                                0.750000    1.421028   -0.671028 (VIOLATED)
_0848_/B                                0.750000    1.421028   -0.671028 (VIOLATED)
_0849_/B                                0.750000    1.421028   -0.671028 (VIOLATED)
_0851_/D                                0.750000    1.421028   -0.671028 (VIOLATED)
_0852_/D                                0.750000    1.421028   -0.671028 (VIOLATED)
_0855_/A3                               0.750000    1.421028   -0.671028 (VIOLATED)
_0856_/A3                               0.750000    1.421028   -0.671028 (VIOLATED)
_0857_/A3                               0.750000    1.421028   -0.671028 (VIOLATED)
_0866_/A3                               0.750000    1.421028   -0.671028 (VIOLATED)
_0871_/B                                0.750000    1.421028   -0.671028 (VIOLATED)
_0872_/B                                0.750000    1.421028   -0.671028 (VIOLATED)
_0875_/C                                0.750000    1.421028   -0.671028 (VIOLATED)
_0899_/D                                0.750000    1.421028   -0.671028 (VIOLATED)
_0900_/D                                0.750000    1.421028   -0.671028 (VIOLATED)
_0904_/A2                               0.750000    1.421028   -0.671028 (VIOLATED)
_0905_/A2                               0.750000    1.421028   -0.671028 (VIOLATED)
_0906_/A2                               0.750000    1.421028   -0.671028 (VIOLATED)
_0907_/A2                               0.750000    1.421028   -0.671028 (VIOLATED)
_0910_/A2                               0.750000    1.421028   -0.671028 (VIOLATED)
_0911_/A2                               0.750000    1.421028   -0.671028 (VIOLATED)
_0912_/A2                               0.750000    1.421028   -0.671028 (VIOLATED)
_0913_/A2                               0.750000    1.421028   -0.671028 (VIOLATED)
_0929_/C                                0.750000    1.421028   -0.671028 (VIOLATED)
_0930_/C                                0.750000    1.421028   -0.671028 (VIOLATED)
_0931_/C                                0.750000    1.421028   -0.671028 (VIOLATED)
_0945_/A4                               0.750000    1.421028   -0.671028 (VIOLATED)
_0970_/A3                               0.750000    1.421028   -0.671028 (VIOLATED)
_0981_/A3                               0.750000    1.421028   -0.671028 (VIOLATED)
_0998_/A3                               0.750000    1.421028   -0.671028 (VIOLATED)
_0999_/A3                               0.750000    1.421028   -0.671028 (VIOLATED)
_1024_/A3                               0.750000    1.421028   -0.671028 (VIOLATED)
_1026_/A2                               0.750000    1.421028   -0.671028 (VIOLATED)
_1040_/B                                0.750000    1.421028   -0.671028 (VIOLATED)
_1041_/C                                0.750000    1.421028   -0.671028 (VIOLATED)
_1042_/A2                               0.750000    1.421028   -0.671028 (VIOLATED)
_1084_/A_N                              0.750000    1.421028   -0.671028 (VIOLATED)
_1085_/A_N                              0.750000    1.421028   -0.671028 (VIOLATED)
_1093_/C_N                              0.750000    1.421028   -0.671028 (VIOLATED)
_1095_/A2                               0.750000    1.421028   -0.671028 (VIOLATED)
_1100_/B                                0.750000    1.421028   -0.671028 (VIOLATED)
_1118_/B                                0.750000    1.421028   -0.671028 (VIOLATED)
_1199_/A_N                              0.750000    1.421028   -0.671028 (VIOLATED)
_1227_/C1                               0.750000    1.421028   -0.671028 (VIOLATED)
_1236_/B                                0.750000    1.421028   -0.671028 (VIOLATED)
_1306_/A1                               0.750000    1.421028   -0.671028 (VIOLATED)
_1335_/A                                0.750000    1.421028   -0.671028 (VIOLATED)
_1353_/A3                               0.750000    1.421028   -0.671028 (VIOLATED)
_1537_/B2                               0.750000    1.421028   -0.671028 (VIOLATED)
_1589_/Q                                0.750000    1.421028   -0.671028 (VIOLATED)
_0845_/B                                0.750000    1.083216   -0.333216 (VIOLATED)
_0846_/B                                0.750000    1.083216   -0.333216 (VIOLATED)
_0847_/B                                0.750000    1.083216   -0.333216 (VIOLATED)
_0848_/A                                0.750000    1.083216   -0.333216 (VIOLATED)
_0849_/A                                0.750000    1.083216   -0.333216 (VIOLATED)
_0851_/C                                0.750000    1.083216   -0.333216 (VIOLATED)
_0852_/C                                0.750000    1.083216   -0.333216 (VIOLATED)
_0854_/B                                0.750000    1.083216   -0.333216 (VIOLATED)
_0855_/A2                               0.750000    1.083216   -0.333216 (VIOLATED)
_0856_/A2                               0.750000    1.083216   -0.333216 (VIOLATED)
_0857_/A2                               0.750000    1.083216   -0.333216 (VIOLATED)
_0871_/A                                0.750000    1.083216   -0.333216 (VIOLATED)
_0872_/A                                0.750000    1.083216   -0.333216 (VIOLATED)
_0874_/B                                0.750000    1.083216   -0.333216 (VIOLATED)
_0875_/B                                0.750000    1.083216   -0.333216 (VIOLATED)
_0899_/C                                0.750000    1.083216   -0.333216 (VIOLATED)
_0900_/C                                0.750000    1.083216   -0.333216 (VIOLATED)
_0904_/A1                               0.750000    1.083216   -0.333216 (VIOLATED)
_0905_/A1                               0.750000    1.083216   -0.333216 (VIOLATED)
_0906_/A1                               0.750000    1.083216   -0.333216 (VIOLATED)
_0907_/A1                               0.750000    1.083216   -0.333216 (VIOLATED)
_0910_/A1                               0.750000    1.083216   -0.333216 (VIOLATED)
_0911_/A1                               0.750000    1.083216   -0.333216 (VIOLATED)
_0912_/A1                               0.750000    1.083216   -0.333216 (VIOLATED)
_0913_/A1                               0.750000    1.083216   -0.333216 (VIOLATED)
_0945_/A3                               0.750000    1.083216   -0.333216 (VIOLATED)
_0970_/A2                               0.750000    1.083216   -0.333216 (VIOLATED)
_0998_/A2                               0.750000    1.083216   -0.333216 (VIOLATED)
_0999_/A2                               0.750000    1.083216   -0.333216 (VIOLATED)
_1026_/A1                               0.750000    1.083216   -0.333216 (VIOLATED)
_1041_/B                                0.750000    1.083216   -0.333216 (VIOLATED)
_1042_/A1                               0.750000    1.083216   -0.333216 (VIOLATED)
_1072_/B                                0.750000    1.083216   -0.333216 (VIOLATED)
_1084_/B                                0.750000    1.083216   -0.333216 (VIOLATED)
_1085_/B                                0.750000    1.083216   -0.333216 (VIOLATED)
_1093_/B                                0.750000    1.083216   -0.333216 (VIOLATED)
_1095_/A1                               0.750000    1.083216   -0.333216 (VIOLATED)
_1100_/A                                0.750000    1.083216   -0.333216 (VIOLATED)
_1189_/B2                               0.750000    1.083216   -0.333216 (VIOLATED)
_1200_/A1                               0.750000    1.083216   -0.333216 (VIOLATED)
_1227_/B1                               0.750000    1.083216   -0.333216 (VIOLATED)
_1236_/A_N                              0.750000    1.083216   -0.333216 (VIOLATED)
_1283_/A                                0.750000    1.083216   -0.333216 (VIOLATED)
_1325_/A1                               0.750000    1.083216   -0.333216 (VIOLATED)
_1353_/A2                               0.750000    1.083216   -0.333216 (VIOLATED)
_1534_/S                                0.750000    1.083216   -0.333216 (VIOLATED)
_1588_/Q                                0.750000    1.083216   -0.333216 (VIOLATED)
_0970_/Y                                0.750000    1.074642   -0.324642 (VIOLATED)
_0972_/A3                               0.750000    1.074642   -0.324642 (VIOLATED)
_1030_/A2                               0.750000    1.074642   -0.324642 (VIOLATED)
_1039_/B                                0.750000    1.074642   -0.324642 (VIOLATED)
_1045_/A3                               0.750000    1.074642   -0.324642 (VIOLATED)
_1223_/A2                               0.750000    1.074642   -0.324642 (VIOLATED)
_1256_/B                                0.750000    1.074642   -0.324642 (VIOLATED)
_1257_/A2                               0.750000    1.074642   -0.324642 (VIOLATED)
_1304_/D1                               0.750000    1.074642   -0.324642 (VIOLATED)
_1459_/B1                               0.750000    1.074642   -0.324642 (VIOLATED)
_1485_/A1                               0.750000    1.074642   -0.324642 (VIOLATED)
_1497_/Y                                0.750000    0.976715   -0.226715 (VIOLATED)
_1498_/B1_N                             0.750000    0.976715   -0.226715 (VIOLATED)
_1499_/A0                               0.750000    0.976715   -0.226715 (VIOLATED)
_1502_/A1                               0.750000    0.976715   -0.226715 (VIOLATED)
_1505_/A1                               0.750000    0.976715   -0.226715 (VIOLATED)
_1509_/A1                               0.750000    0.976715   -0.226715 (VIOLATED)
_1512_/A1                               0.750000    0.976715   -0.226715 (VIOLATED)
_1516_/A1                               0.750000    0.976715   -0.226715 (VIOLATED)
_1519_/A1                               0.750000    0.976715   -0.226715 (VIOLATED)
_1520_/A2                               0.750000    0.976715   -0.226715 (VIOLATED)
_1521_/A2                               0.750000    0.976715   -0.226715 (VIOLATED)
_0800_/A                                0.750000    0.917136   -0.167136 (VIOLATED)
_0841_/B                                0.750000    0.917136   -0.167136 (VIOLATED)
_0868_/C1                               0.750000    0.917136   -0.167136 (VIOLATED)
_0870_/B                                0.750000    0.917136   -0.167136 (VIOLATED)
_0881_/B                                0.750000    0.917136   -0.167136 (VIOLATED)
_0882_/B                                0.750000    0.917136   -0.167136 (VIOLATED)
_0886_/A1                               0.750000    0.917136   -0.167136 (VIOLATED)
_0892_/B                                0.750000    0.917136   -0.167136 (VIOLATED)
_0893_/B                                0.750000    0.917136   -0.167136 (VIOLATED)
_0894_/B                                0.750000    0.917136   -0.167136 (VIOLATED)
_0895_/B                                0.750000    0.917136   -0.167136 (VIOLATED)
_0955_/D_N                              0.750000    0.917136   -0.167136 (VIOLATED)
_0976_/C1                               0.750000    0.917136   -0.167136 (VIOLATED)
_0977_/A1                               0.750000    0.917136   -0.167136 (VIOLATED)
_0978_/B1                               0.750000    0.917136   -0.167136 (VIOLATED)
_0994_/B                                0.750000    0.917136   -0.167136 (VIOLATED)
_1010_/B                                0.750000    0.917136   -0.167136 (VIOLATED)
_1015_/B                                0.750000    0.917136   -0.167136 (VIOLATED)
_1066_/C_N                              0.750000    0.917136   -0.167136 (VIOLATED)
_1083_/B1                               0.750000    0.917136   -0.167136 (VIOLATED)
_1098_/A                                0.750000    0.917136   -0.167136 (VIOLATED)
_1106_/B                                0.750000    0.917136   -0.167136 (VIOLATED)
_1145_/A1                               0.750000    0.917136   -0.167136 (VIOLATED)
_1158_/B1                               0.750000    0.917136   -0.167136 (VIOLATED)
_1163_/D1                               0.750000    0.917136   -0.167136 (VIOLATED)
_1181_/A                                0.750000    0.917136   -0.167136 (VIOLATED)
_1216_/B1                               0.750000    0.917136   -0.167136 (VIOLATED)
_1222_/D1                               0.750000    0.917136   -0.167136 (VIOLATED)
_1239_/A1                               0.750000    0.917136   -0.167136 (VIOLATED)
_1245_/C1                               0.750000    0.917136   -0.167136 (VIOLATED)
_1307_/C1                               0.750000    0.917136   -0.167136 (VIOLATED)
_1310_/A1                               0.750000    0.917136   -0.167136 (VIOLATED)
_1318_/A                                0.750000    0.917136   -0.167136 (VIOLATED)
_1323_/B                                0.750000    0.917136   -0.167136 (VIOLATED)
_1329_/B1                               0.750000    0.917136   -0.167136 (VIOLATED)
_1358_/B1                               0.750000    0.917136   -0.167136 (VIOLATED)
_1359_/A1                               0.750000    0.917136   -0.167136 (VIOLATED)
_1366_/B1                               0.750000    0.917136   -0.167136 (VIOLATED)
_1530_/A1                               0.750000    0.917136   -0.167136 (VIOLATED)
_1550_/B2                               0.750000    0.917136   -0.167136 (VIOLATED)
_1595_/Q                                0.750000    0.917136   -0.167136 (VIOLATED)
_0873_/Y                                0.750000    0.863860   -0.113860 (VIOLATED)
_0876_/B                                0.750000    0.863860   -0.113860 (VIOLATED)
_0877_/B                                0.750000    0.863860   -0.113860 (VIOLATED)
_1067_/B                                0.750000    0.863860   -0.113860 (VIOLATED)
_1068_/A2                               0.750000    0.863860   -0.113860 (VIOLATED)
_1205_/A                                0.750000    0.863860   -0.113860 (VIOLATED)
_1242_/A3                               0.750000    0.863860   -0.113860 (VIOLATED)
_1469_/B1                               0.750000    0.863860   -0.113860 (VIOLATED)
_0791_/A                                0.750000    0.844196   -0.094196 (VIOLATED)
_0843_/B                                0.750000    0.844196   -0.094196 (VIOLATED)
_0844_/C1                               0.750000    0.844196   -0.094196 (VIOLATED)
_0879_/B                                0.750000    0.844196   -0.094196 (VIOLATED)
_0894_/A                                0.750000    0.844196   -0.094196 (VIOLATED)
_0895_/A                                0.750000    0.844196   -0.094196 (VIOLATED)
_0919_/B1                               0.750000    0.844196   -0.094196 (VIOLATED)
_0941_/C1                               0.750000    0.844196   -0.094196 (VIOLATED)
_0960_/B1                               0.750000    0.844196   -0.094196 (VIOLATED)
_0964_/B1                               0.750000    0.844196   -0.094196 (VIOLATED)
_1010_/A                                0.750000    0.844196   -0.094196 (VIOLATED)
_1016_/A                                0.750000    0.844196   -0.094196 (VIOLATED)
_1065_/A                                0.750000    0.844196   -0.094196 (VIOLATED)
_1066_/A                                0.750000    0.844196   -0.094196 (VIOLATED)
_1079_/C1                               0.750000    0.844196   -0.094196 (VIOLATED)
_1099_/B1                               0.750000    0.844196   -0.094196 (VIOLATED)
_1107_/B1                               0.750000    0.844196   -0.094196 (VIOLATED)
_1120_/A1                               0.750000    0.844196   -0.094196 (VIOLATED)
_1134_/C1                               0.750000    0.844196   -0.094196 (VIOLATED)
_1165_/A1                               0.750000    0.844196   -0.094196 (VIOLATED)
_1169_/B1                               0.750000    0.844196   -0.094196 (VIOLATED)
_1182_/B1                               0.750000    0.844196   -0.094196 (VIOLATED)
_1217_/B1                               0.750000    0.844196   -0.094196 (VIOLATED)
_1240_/B1                               0.750000    0.844196   -0.094196 (VIOLATED)
_1247_/B                                0.750000    0.844196   -0.094196 (VIOLATED)
_1264_/A1                               0.750000    0.844196   -0.094196 (VIOLATED)
_1285_/B1                               0.750000    0.844196   -0.094196 (VIOLATED)
_1375_/B2                               0.750000    0.844196   -0.094196 (VIOLATED)
_1376_/A1                               0.750000    0.844196   -0.094196 (VIOLATED)
_1380_/A1                               0.750000    0.844196   -0.094196 (VIOLATED)
_1444_/B1                               0.750000    0.844196   -0.094196 (VIOLATED)
_1445_/C1                               0.750000    0.844196   -0.094196 (VIOLATED)
_1461_/A1                               0.750000    0.844196   -0.094196 (VIOLATED)
_1526_/D                                0.750000    0.844196   -0.094196 (VIOLATED)
_1553_/B1                               0.750000    0.844196   -0.094196 (VIOLATED)
_1596_/Q                                0.750000    0.844196   -0.094196 (VIOLATED)
rst_n                                   0.750000    0.820943   -0.070943 (VIOLATED)
_1574_/RESET_B                          0.750000    0.820943   -0.070943 (VIOLATED)
_1575_/RESET_B                          0.750000    0.820943   -0.070943 (VIOLATED)
_1576_/RESET_B                          0.750000    0.820943   -0.070943 (VIOLATED)
_1577_/RESET_B                          0.750000    0.820943   -0.070943 (VIOLATED)
_1578_/RESET_B                          0.750000    0.820943   -0.070943 (VIOLATED)
_1579_/RESET_B                          0.750000    0.820943   -0.070943 (VIOLATED)
_1580_/RESET_B                          0.750000    0.820943   -0.070943 (VIOLATED)
_1581_/RESET_B                          0.750000    0.820943   -0.070943 (VIOLATED)
_1582_/RESET_B                          0.750000    0.820943   -0.070943 (VIOLATED)
_1583_/RESET_B                          0.750000    0.820943   -0.070943 (VIOLATED)
_1584_/RESET_B                          0.750000    0.820943   -0.070943 (VIOLATED)
_1585_/RESET_B                          0.750000    0.820943   -0.070943 (VIOLATED)
_1586_/RESET_B                          0.750000    0.820943   -0.070943 (VIOLATED)
_1587_/RESET_B                          0.750000    0.820943   -0.070943 (VIOLATED)
_1588_/RESET_B                          0.750000    0.820943   -0.070943 (VIOLATED)
_1589_/RESET_B                          0.750000    0.820943   -0.070943 (VIOLATED)
_1590_/RESET_B                          0.750000    0.820943   -0.070943 (VIOLATED)
_1591_/RESET_B                          0.750000    0.820943   -0.070943 (VIOLATED)
_1592_/RESET_B                          0.750000    0.820943   -0.070943 (VIOLATED)
_1593_/RESET_B                          0.750000    0.820943   -0.070943 (VIOLATED)
_1594_/RESET_B                          0.750000    0.820943   -0.070943 (VIOLATED)
_1595_/RESET_B                          0.750000    0.820943   -0.070943 (VIOLATED)
_1596_/RESET_B                          0.750000    0.820943   -0.070943 (VIOLATED)
_1597_/RESET_B                          0.750000    0.820943   -0.070943 (VIOLATED)
_1598_/RESET_B                          0.750000    0.820943   -0.070943 (VIOLATED)
_1599_/RESET_B                          0.750000    0.820943   -0.070943 (VIOLATED)
_1600_/RESET_B                          0.750000    0.820943   -0.070943 (VIOLATED)
_1601_/RESET_B                          0.750000    0.820943   -0.070943 (VIOLATED)
_1602_/RESET_B                          0.750000    0.820943   -0.070943 (VIOLATED)
_1603_/RESET_B                          0.750000    0.820943   -0.070943 (VIOLATED)
_1604_/RESET_B                          0.750000    0.820943   -0.070943 (VIOLATED)
_1605_/RESET_B                          0.750000    0.820943   -0.070943 (VIOLATED)
_1606_/RESET_B                          0.750000    0.820943   -0.070943 (VIOLATED)
_1607_/RESET_B                          0.750000    0.820943   -0.070943 (VIOLATED)
_1608_/RESET_B                          0.750000    0.820943   -0.070943 (VIOLATED)
_0899_/Y                                0.750000    0.787120   -0.037120 (VIOLATED)
_0939_/B                                0.750000    0.787120   -0.037120 (VIOLATED)
_1147_/B                                0.750000    0.787120   -0.037120 (VIOLATED)
_1161_/A1                               0.750000    0.787120   -0.037120 (VIOLATED)
_1342_/A                                0.750000    0.787120   -0.037120 (VIOLATED)
_1459_/A1                               0.750000    0.787120   -0.037120 (VIOLATED)
_0906_/Y                                0.750000    0.772686   -0.022686 (VIOLATED)
_0908_/B                                0.750000    0.772686   -0.022686 (VIOLATED)
_1076_/A                                0.750000    0.772686   -0.022686 (VIOLATED)
_1148_/B1                               0.750000    0.772686   -0.022686 (VIOLATED)
_1298_/A2                               0.750000    0.772686   -0.022686 (VIOLATED)
_1408_/B                                0.750000    0.772686   -0.022686 (VIOLATED)
_1427_/B                                0.750000    0.772686   -0.022686 (VIOLATED)
_1434_/B                                0.750000    0.772686   -0.022686 (VIOLATED)

max fanout

Pin                                   Limit Fanout  Slack
---------------------------------------------------------
_1592_/Q                                 10     91    -81 (VIOLATED)
_1591_/Q                                 10     86    -76 (VIOLATED)
_1593_/Q                                 10     86    -76 (VIOLATED)
_1594_/Q                                 10     73    -63 (VIOLATED)
_1590_/Q                                 10     69    -59 (VIOLATED)
_1589_/Q                                 10     60    -50 (VIOLATED)
_1588_/Q                                 10     46    -36 (VIOLATED)
_1595_/Q                                 10     40    -30 (VIOLATED)
rst_n                                    10     35    -25 (VIOLATED)
_1596_/Q                                 10     35    -25 (VIOLATED)
_1597_/Q                                 10     31    -21 (VIOLATED)
_0798_/Y                                 10     30    -20 (VIOLATED)
_0799_/Y                                 10     26    -16 (VIOLATED)
_0797_/Y                                 10     25    -15 (VIOLATED)
_0787_/Y                                 10     17     -7 (VIOLATED)
_0790_/Y                                 10     17     -7 (VIOLATED)
_0800_/Y                                 10     16     -6 (VIOLATED)
_0828_/X                                 10     15     -5 (VIOLATED)
_0829_/Y                                 10     15     -5 (VIOLATED)
_0835_/Y                                 10     13     -3 (VIOLATED)
_0870_/Y                                 10     13     -3 (VIOLATED)
_1598_/Q                                 10     13     -3 (VIOLATED)
_0834_/X                                 10     12     -2 (VIOLATED)
_1009_/Y                                 10     12     -2 (VIOLATED)
_1015_/Y                                 10     12     -2 (VIOLATED)
_0811_/X                                 10     11        (VIOLATED)
_0823_/Y                                 10     11        (VIOLATED)
_0882_/Y                                 10     11        (VIOLATED)
_1016_/Y                                 10     11        (VIOLATED)

max capacitance

Pin                                        Limit         Cap       Slack
------------------------------------------------------------------------
_1592_/Q                                0.200000    0.285895   -0.085895 (VIOLATED)
_1593_/Q                                0.200000    0.268418   -0.068418 (VIOLATED)
_1591_/Q                                0.200000    0.266323   -0.066323 (VIOLATED)
_1594_/Q                                0.200000    0.218505   -0.018505 (VIOLATED)
_1590_/Q                                0.200000    0.218497   -0.018497 (VIOLATED)



===========================================================================
report_parasitic_annotation -report_unannotated
============================================================================
Found 887 unannotated drivers.
 clk
 ena
 rst_n
 ui_in[0]
 ui_in[1]
 ui_in[2]
 ui_in[3]
 ui_in[4]
 ui_in[5]
 ui_in[6]
 ui_in[7]
 uio_in[0]
 uio_in[1]
 uio_in[2]
 uio_in[3]
 uio_in[4]
 uio_in[5]
 uio_in[6]
 uio_in[7]
 _0787_/Y
 _0788_/Y
 _0789_/Y
 _0790_/Y
 _0791_/Y
 _0792_/Y
 _0793_/Y
 _0794_/Y
 _0795_/Y
 _0796_/Y
 _0797_/Y
 _0798_/Y
 _0799_/Y
 _0800_/Y
 _0801_/Y
 _0802_/Y
 _0803_/Y
 _0804_/X
 _0805_/X
 _0806_/Y
 _0807_/X
 _0808_/X
 _0809_/X
 _0810_/Y
 _0811_/X
 _0812_/Y
 _0813_/X
 _0814_/Y
 _0815_/X
 _0816_/Y
 _0817_/Y
 _0818_/Y
 _0819_/X
 _0820_/Y
 _0821_/Y
 _0822_/X
 _0823_/Y
 _0824_/Y
 _0825_/X
 _0826_/X
 _0827_/X
 _0828_/X
 _0829_/Y
 _0830_/Y
 _0831_/Y
 _0832_/X
 _0833_/Y
 _0834_/X
 _0835_/Y
 _0836_/X
 _0837_/X
 _0838_/Y
 _0839_/X
 _0840_/X
 _0841_/Y
 _0842_/Y
 _0843_/Y
 _0844_/X
 _0845_/X
 _0846_/Y
 _0847_/Y
 _0848_/X
 _0849_/Y
 _0850_/Y
 _0851_/X
 _0852_/Y
 _0853_/Y
 _0854_/X
 _0855_/X
 _0856_/Y
 _0857_/Y
 _0858_/X
 _0859_/X
 _0860_/Y
 _0861_/X
 _0862_/Y
 _0863_/Y
 _0864_/Y
 _0865_/Y
 _0866_/X
 _0867_/Y
 _0868_/X
 _0869_/Y
 _0870_/Y
 _0871_/Y
 _0872_/X
 _0873_/Y
 _0874_/X
 _0875_/Y
 _0876_/X
 _0877_/Y
 _0878_/Y
 _0879_/Y
 _0880_/X
 _0881_/X
 _0882_/Y
 _0883_/Y
 _0884_/Y
 _0885_/X
 _0886_/X
 _0887_/X
 _0888_/Y
 _0889_/Y
 _0890_/X
 _0891_/X
 _0892_/Y
 _0893_/X
 _0894_/Y
 _0895_/X
 _0896_/Y
 _0897_/X
 _0898_/X
 _0899_/Y
 _0900_/X
 _0901_/X
 _0902_/Y
 _0903_/X
 _0904_/X
 _0905_/Y
 _0906_/Y
 _0907_/X
 _0908_/Y
 _0909_/Y
 _0910_/X
 _0911_/Y
 _0912_/X
 _0913_/Y
 _0914_/Y
 _0915_/Y
 _0916_/Y
 _0917_/X
 _0918_/Y
 _0919_/X
 _0920_/Y
 _0921_/Y
 _0922_/Y
 _0923_/Y
 _0924_/X
 _0925_/Y
 _0926_/X
 _0927_/Y
 _0928_/X
 _0929_/X
 _0930_/Y
 _0931_/X
 _0932_/Y
 _0933_/Y
 _0934_/X
 _0935_/X
 _0936_/Y
 _0937_/X
 _0938_/Y
 _0939_/Y
 _0940_/Y
 _0941_/X
 _0942_/Y
 _0943_/X
 _0944_/Y
 _0945_/X
 _0946_/Y
 _0947_/Y
 _0948_/X
 _0949_/X
 _0950_/Y
 _0951_/Y
 _0952_/X
 _0953_/X
 _0954_/Y
 _0955_/X
 _0956_/X
 _0957_/Y
 _0958_/X
 _0959_/X
 _0960_/X
 _0961_/X
 _0962_/X
 _0963_/X
 _0964_/Y
 _0965_/X
 _0966_/X
 _0967_/X
 _0968_/Y
 _0969_/X
 _0970_/Y
 _0971_/X
 _0972_/X
 _0973_/X
 _0974_/Y
 _0975_/Y
 _0976_/Y
 _0977_/X
 _0978_/X
 _0979_/Y
 _0980_/Y
 _0981_/X
 _0982_/Y
 _0983_/X
 _0984_/X
 _0985_/Y
 _0986_/Y
 _0987_/Y
 _0988_/X
 _0989_/Y
 _0990_/X
 _0991_/X
 _0992_/X
 _0993_/X
 _0994_/Y
 _0995_/Y
 _0996_/Y
 _0997_/X
 _0998_/X
 _0999_/Y
 _1000_/Y
 _1001_/Y
 _1002_/Y
 _1003_/Y
 _1004_/Y
 _1005_/X
 _1006_/Y
 _1007_/X
 _1008_/X
 _1009_/Y
 _1010_/Y
 _1011_/X
 _1012_/Y
 _1013_/Y
 _1014_/X
 _1015_/Y
 _1016_/Y
 _1017_/Y
 _1018_/Y
 _1019_/X
 _1020_/X
 _1021_/Y
 _1022_/X
 _1023_/X
 _1024_/Y
 _1025_/Y
 _1026_/Y
 _1027_/Y
 _1028_/X
 _1029_/Y
 _1030_/Y
 _1031_/X
 _1032_/X
 _1033_/X
 _1034_/Y
 _1035_/Y
 _1036_/Y
 _1037_/X
 _1038_/X
 _1039_/Y
 _1040_/Y
 _1041_/Y
 _1042_/X
 _1043_/Y
 _1044_/X
 _1045_/X
 _1046_/Y
 _1047_/Y
 _1048_/Y
 _1049_/Y
 _1050_/X
 _1051_/X
 _1052_/X
 _1053_/X
 _1054_/Y
 _1055_/X
 _1056_/Y
 _1057_/Y
 _1058_/X
 _1059_/Y
 _1060_/X
 _1061_/X
 _1062_/Y
 _1063_/Y
 _1064_/X
 _1065_/Y
 _1066_/X
 _1067_/Y
 _1068_/Y
 _1069_/X
 _1070_/Y
 _1071_/X
 _1072_/X
 _1073_/Y
 _1074_/X
 _1075_/Y
 _1076_/Y
 _1077_/X
 _1078_/X
 _1079_/X
 _1080_/Y
 _1081_/X
 _1082_/Y
 _1083_/X
 _1084_/X
 _1085_/Y
 _1086_/Y
 _1087_/X
 _1088_/Y
 _1089_/Y
 _1090_/X
 _1091_/X
 _1092_/X
 _1093_/X
 _1094_/X
 _1095_/X
 _1096_/X
 _1097_/X
 _1098_/X
 _1099_/X
 _1100_/X
 _1101_/Y
 _1102_/X
 _1103_/X
 _1104_/X
 _1105_/X
 _1106_/X
 _1107_/Y
 _1108_/X
 _1109_/X
 _1110_/Y
 _1111_/Y
 _1112_/X
 _1113_/X
 _1114_/X
 _1115_/X
 _1116_/X
 _1117_/Y
 _1118_/Y
 _1119_/X
 _1120_/X
 _1121_/X
 _1122_/Y
 _1123_/X
 _1124_/Y
 _1125_/X
 _1126_/Y
 _1127_/X
 _1128_/X
 _1129_/X
 _1130_/Y
 _1131_/Y
 _1132_/X
 _1133_/Y
 _1134_/X
 _1135_/X
 _1136_/X
 _1137_/X
 _1138_/X
 _1139_/X
 _1140_/X
 _1141_/Y
 _1142_/Y
 _1143_/X
 _1144_/Y
 _1145_/Y
 _1146_/X
 _1147_/Y
 _1148_/X
 _1149_/X
 _1150_/X
 _1151_/Y
 _1152_/X
 _1153_/Y
 _1154_/X
 _1155_/Y
 _1156_/X
 _1157_/X
 _1158_/Y
 _1159_/X
 _1160_/X
 _1161_/X
 _1162_/Y
 _1163_/X
 _1164_/X
 _1165_/X
 _1166_/Y
 _1167_/Y
 _1168_/X
 _1169_/X
 _1170_/Y
 _1171_/X
 _1172_/Y
 _1173_/Y
 _1174_/X
 _1175_/X
 _1176_/X
 _1177_/X
 _1178_/X
 _1179_/Y
 _1180_/Y
 _1181_/X
 _1182_/X
 _1183_/Y
 _1184_/X
 _1185_/X
 _1186_/X
 _1187_/X
 _1188_/X
 _1189_/X
 _1190_/X
 _1191_/X
 _1192_/Y
 _1193_/X
 _1194_/Y
 _1195_/Y
 _1196_/X
 _1197_/X
 _1198_/X
 _1199_/X
 _1200_/X
 _1201_/X
 _1202_/X
 _1203_/X
 _1204_/X
 _1205_/Y
 _1206_/X
 _1207_/X
 _1208_/X
 _1209_/X
 _1210_/Y
 _1211_/X
 _1212_/X
 _1213_/X
 _1214_/X
 _1215_/X
 _1216_/X
 _1217_/Y
 _1218_/Y
 _1219_/X
 _1220_/X
 _1221_/X
 _1222_/Y
 _1223_/X
 _1224_/X
 _1225_/X
 _1226_/X
 _1227_/X
 _1228_/X
 _1229_/Y
 _1230_/X
 _1231_/Y
 _1232_/X
 _1233_/Y
 _1234_/X
 _1235_/X
 _1236_/X
 _1237_/Y
 _1238_/X
 _1239_/X
 _1240_/Y
 _1241_/Y
 _1242_/X
 _1243_/Y
 _1244_/X
 _1245_/X
 _1246_/X
 _1247_/X
 _1248_/X
 _1249_/X
 _1250_/Y
 _1251_/X
 _1252_/X
 _1253_/X
 _1254_/Y
 _1255_/Y
 _1256_/Y
 _1257_/X
 _1258_/X
 _1259_/X
 _1260_/X
 _1261_/X
 _1262_/X
 _1263_/X
 _1264_/X
 _1265_/X
 _1266_/X
 _1267_/Y
 _1268_/Y
 _1269_/X
 _1270_/X
 _1271_/X
 _1272_/X
 _1273_/X
 _1274_/X
 _1275_/Y
 _1276_/X
 _1277_/X
 _1278_/Y
 _1279_/X
 _1280_/X
 _1281_/X
 _1282_/X
 _1283_/Y
 _1284_/Y
 _1285_/Y
 _1286_/X
 _1287_/Y
 _1288_/Y
 _1289_/X
 _1290_/X
 _1291_/X
 _1292_/X
 _1293_/Y
 _1294_/Y
 _1295_/X
 _1296_/X
 _1297_/X
 _1298_/Y
 _1299_/Y
 _1300_/X
 _1301_/X
 _1302_/X
 _1303_/X
 _1304_/X
 _1305_/Y
 _1306_/X
 _1307_/X
 _1308_/X
 _1309_/X
 _1310_/Y
 _1311_/X
 _1312_/X
 _1313_/Y
 _1314_/Y
 _1315_/X
 _1316_/X
 _1317_/Y
 _1318_/Y
 _1319_/Y
 _1320_/X
 _1321_/X
 _1322_/X
 _1323_/X
 _1324_/Y
 _1325_/Y
 _1326_/Y
 _1327_/X
 _1328_/X
 _1329_/X
 _1330_/X
 _1331_/X
 _1332_/X
 _1333_/Y
 _1334_/Y
 _1335_/Y
 _1336_/X
 _1337_/X
 _1338_/X
 _1339_/X
 _1340_/X
 _1341_/X
 _1342_/X
 _1343_/X
 _1344_/X
 _1345_/X
 _1346_/X
 _1347_/X
 _1348_/X
 _1349_/X
 _1350_/Y
 _1351_/X
 _1352_/Y
 _1353_/X
 _1354_/X
 _1355_/X
 _1356_/X
 _1357_/Y
 _1358_/X
 _1359_/X
 _1360_/X
 _1361_/Y
 _1362_/X
 _1363_/X
 _1364_/Y
 _1365_/X
 _1366_/X
 _1367_/X
 _1368_/X
 _1369_/X
 _1370_/Y
 _1371_/X
 _1372_/X
 _1373_/Y
 _1374_/X
 _1375_/Y
 _1376_/X
 _1377_/X
 _1378_/X
 _1379_/X
 _1380_/X
 _1381_/X
 _1382_/X
 _1383_/Y
 _1384_/X
 _1385_/X
 _1386_/Y
 _1387_/X
 _1388_/X
 _1389_/X
 _1390_/Y
 _1391_/X
 _1392_/Y
 _1393_/X
 _1394_/X
 _1395_/X
 _1396_/X
 _1397_/X
 _1398_/X
 _1399_/Y
 _1400_/X
 _1401_/X
 _1402_/Y
 _1403_/X
 _1404_/X
 _1405_/X
 _1406_/X
 _1407_/X
 _1408_/X
 _1409_/X
 _1410_/Y
 _1411_/X
 _1412_/X
 _1413_/X
 _1414_/Y
 _1415_/X
 _1416_/X
 _1417_/X
 _1418_/X
 _1419_/X
 _1420_/X
 _1421_/X
 _1422_/X
 _1423_/X
 _1424_/X
 _1425_/X
 _1426_/X
 _1427_/X
 _1428_/Y
 _1429_/X
 _1430_/Y
 _1431_/X
 _1432_/X
 _1433_/X
 _1434_/X
 _1435_/Y
 _1436_/Y
 _1437_/X
 _1438_/X
 _1439_/Y
 _1440_/X
 _1441_/X
 _1442_/Y
 _1443_/X
 _1444_/X
 _1445_/Y
 _1446_/Y
 _1447_/X
 _1448_/X
 _1449_/X
 _1450_/Y
 _1451_/X
 _1452_/X
 _1453_/X
 _1454_/X
 _1455_/X
 _1456_/X
 _1457_/X
 _1458_/X
 _1459_/X
 _1460_/X
 _1461_/X
 _1462_/X
 _1463_/X
 _1464_/X
 _1465_/X
 _1466_/X
 _1467_/Y
 _1468_/Y
 _1469_/Y
 _1470_/X
 _1471_/X
 _1472_/X
 _1473_/X
 _1474_/X
 _1475_/X
 _1476_/X
 _1477_/X
 _1478_/Y
 _1479_/Y
 _1480_/Y
 _1481_/X
 _1482_/Y
 _1483_/X
 _1484_/X
 _1485_/X
 _1486_/X
 _1487_/X
 _1488_/X
 _1489_/Y
 _1490_/Y
 _1491_/X
 _1492_/X
 _1493_/X
 _1494_/X
 _1495_/X
 _1496_/X
 _1497_/Y
 _1498_/X
 _1499_/X
 _1500_/X
 _1501_/Y
 _1502_/X
 _1503_/X
 _1504_/Y
 _1505_/X
 _1506_/X
 _1507_/X
 _1508_/Y
 _1509_/X
 _1510_/X
 _1511_/Y
 _1512_/X
 _1513_/X
 _1514_/Y
 _1515_/X
 _1516_/X
 _1517_/Y
 _1518_/X
 _1519_/X
 _1520_/X
 _1521_/X
 _1522_/X
 _1523_/X
 _1524_/X
 _1525_/X
 _1526_/X
 _1527_/X
 _1528_/X
 _1529_/X
 _1530_/X
 _1531_/X
 _1532_/Y
 _1533_/Y
 _1534_/X
 _1535_/X
 _1536_/Y
 _1537_/X
 _1538_/X
 _1539_/Y
 _1540_/Y
 _1541_/Y
 _1542_/Y
 _1543_/X
 _1544_/Y
 _1545_/X
 _1546_/X
 _1547_/Y
 _1548_/X
 _1549_/X
 _1550_/X
 _1551_/X
 _1552_/Y
 _1553_/X
 _1554_/X
 _1555_/X
 _1556_/X
 _1557_/X
 _1558_/X
 _1559_/Y
 _1560_/X
 _1561_/X
 _1562_/X
 _1563_/X
 _1564_/X
 _1565_/X
 _1566_/Y
 _1567_/X
 _1568_/X
 _1569_/X
 _1570_/X
 _1571_/Y
 _1572_/X
 _1573_/X
 _1574_/Q
 _1575_/Q
 _1576_/Q
 _1577_/Q
 _1578_/Q
 _1579_/Q
 _1580_/Q
 _1581_/Q
 _1582_/Q
 _1583_/Q
 _1584_/Q
 _1585_/Q
 _1586_/Q
 _1587_/Q
 _1588_/Q
 _1589_/Q
 _1590_/Q
 _1591_/Q
 _1592_/Q
 _1593_/Q
 _1594_/Q
 _1595_/Q
 _1596_/Q
 _1597_/Q
 _1598_/Q
 _1599_/Q
 _1600_/Q
 _1601_/Q
 _1602_/Q
 _1603_/Q
 _1604_/Q
 _1605_/Q
 _1606_/Q
 _1607_/Q
 _1608_/Q
 _1609_/HI
 _1609_/LO
 _1610_/HI
 _1610_/LO
 _1611_/HI
 _1611_/LO
 _1612_/HI
 _1612_/LO
 _1613_/HI
 _1613_/LO
 _1614_/HI
 _1614_/LO
 _1615_/HI
 _1615_/LO
 _1616_/HI
 _1616_/LO
 _1617_/HI
 _1617_/LO
 _1618_/HI
 _1618_/LO
 _1619_/HI
 _1619_/LO
 _1620_/HI
 _1620_/LO
 _1621_/HI
 _1621_/LO
 _1622_/HI
 _1622_/LO
 _1623_/HI
 _1623_/LO
 _1624_/HI
 _1624_/LO
 _1625_/HI
 _1625_/LO
 _1626_/HI
 _1626_/LO
 _1627_/HI
 _1627_/LO
 _1628_/HI
 _1628_/LO
 _1629_/HI
 _1629_/LO
 _1630_/HI
 _1630_/LO
 _1631_/HI
 _1631_/LO
Found 0 partially unannotated drivers.

===========================================================================
max slew violation count 675
max fanout violation count 29
max cap violation count 5
============================================================================

===========================================================================
check_setup -verbose -unconstrained_endpoints -multiple_clock -no_clock -no_input_delay -loops -generated_clocks
===========================================================================
Warning: There are 23 unconstrained endpoints.
  uio_oe[0]
  uio_oe[1]
  uio_oe[2]
  uio_oe[3]
  uio_oe[4]
  uio_oe[5]
  uio_oe[6]
  uio_oe[7]
  uio_out[0]
  uio_out[1]
  uio_out[2]
  uio_out[3]
  uio_out[4]
  uio_out[5]
  uio_out[6]
  uio_out[7]
  uo_out[1]
  uo_out[2]
  uo_out[3]
  uo_out[4]
  uo_out[5]
  uo_out[6]
  uo_out[7]
