[INFO PSM-0040] All shapes on net VPWR are connected.
########## IR report #################
Net              : VPWR
Corner           : nom_tt_025C_1v80
Supply voltage   : 1.80e+00 V
Worstcase voltage: 1.80e+00 V
Average voltage  : 1.80e+00 V
Average IR drop  : 1.65e-07 V
Worstcase IR drop: 8.28e-07 V
Percentage drop  : 0.00 %
######################################
[INFO PSM-0040] All shapes on net VGND are connected.
########## IR report #################
Net              : VGND
Corner           : nom_tt_025C_1v80
Supply voltage   : 0.00e+00 V
Worstcase voltage: 7.65e-07 V
Average voltage  : 1.67e-07 V
Average IR drop  : 1.67e-07 V
Worstcase IR drop: 7.65e-07 V
Percentage drop  : 0.00 %
######################################
