Reading technology LEF file at '/Users/anorris/.volare/volare/sky130/versions/bdc9412b3e468c102d01b7cf6337be06ec6e9c9a/sky130A/libs.ref/sky130_fd_sc_hd/techlef/sky130_fd_sc_hd__max.tlef'…
[INFO ODB-0227] LEF file: /Users/anorris/.volare/volare/sky130/versions/bdc9412b3e468c102d01b7cf6337be06ec6e9c9a/sky130A/libs.ref/sky130_fd_sc_hd/techlef/sky130_fd_sc_hd__max.tlef, created 13 layers, 25 vias
Reading cell LEF file at '/Users/anorris/.volare/volare/sky130/versions/bdc9412b3e468c102d01b7cf6337be06ec6e9c9a/sky130A/libs.ref/sky130_fd_sc_hd/lef/sky130_ef_sc_hd.lef'…
[WARNING ODB-0220] WARNING (LEFPARS-2008): NOWIREEXTENSIONATPIN statement is obsolete in version 5.6 or later.
The NOWIREEXTENSIONATPIN statement will be ignored. See file /Users/anorris/.volare/volare/sky130/versions/bdc9412b3e468c102d01b7cf6337be06ec6e9c9a/sky130A/libs.ref/sky130_fd_sc_hd/lef/sky130_ef_sc_hd.lef at line 2.

[INFO ODB-0227] LEF file: /Users/anorris/.volare/volare/sky130/versions/bdc9412b3e468c102d01b7cf6337be06ec6e9c9a/sky130A/libs.ref/sky130_fd_sc_hd/lef/sky130_ef_sc_hd.lef, created 4 library cells
Reading cell LEF file at '/Users/anorris/.volare/volare/sky130/versions/bdc9412b3e468c102d01b7cf6337be06ec6e9c9a/sky130A/libs.ref/sky130_fd_sc_hd/lef/sky130_fd_sc_hd.lef'…
[WARNING ODB-0220] WARNING (LEFPARS-2008): NOWIREEXTENSIONATPIN statement is obsolete in version 5.6 or later.
The NOWIREEXTENSIONATPIN statement will be ignored. See file /Users/anorris/.volare/volare/sky130/versions/bdc9412b3e468c102d01b7cf6337be06ec6e9c9a/sky130A/libs.ref/sky130_fd_sc_hd/lef/sky130_fd_sc_hd.lef at line 2.

[INFO ODB-0227] LEF file: /Users/anorris/.volare/volare/sky130/versions/bdc9412b3e468c102d01b7cf6337be06ec6e9c9a/sky130A/libs.ref/sky130_fd_sc_hd/lef/sky130_fd_sc_hd.lef, created 437 library cells
[INFO ODB-0127] Reading DEF file: /Users/anorris/Documents/Github/tt/runs/wokwi/50-openroad-fillinsertion/tt_um_audio_player.def
[INFO ODB-0128] Design: tt_um_audio_player
[INFO ODB-0130]     Created 45 pins.
[INFO ODB-0131]     Created 3608 components and 17803 component-terminals.
[INFO ODB-0132]     Created 2 special nets and 13982 connections.
[INFO ODB-0133]     Created 1003 nets and 3795 connections.
[INFO ODB-0134] Finished DEF file: /Users/anorris/Documents/Github/tt/runs/wokwi/50-openroad-fillinsertion/tt_um_audio_player.def
Using RCX ruleset '/Users/anorris/.volare/volare/sky130/versions/bdc9412b3e468c102d01b7cf6337be06ec6e9c9a/sky130A/libs.tech/openlane/rules.openrcx.sky130A.max.calibre'…
[INFO RCX-0431] Defined process_corner CURRENT_CORNER with ext_model_index 0
[INFO RCX-0029] Defined extraction corner CURRENT_CORNER
[INFO RCX-0008] extracting parasitics of tt_um_audio_player ...
[INFO RCX-0435] Reading extraction model file /Users/anorris/.volare/volare/sky130/versions/bdc9412b3e468c102d01b7cf6337be06ec6e9c9a/sky130A/libs.tech/openlane/rules.openrcx.sky130A.max.calibre ...
[INFO RCX-0436] RC segment generation tt_um_audio_player (max_merge_res 50.0) ...
[INFO RCX-0040] Final 6563 rc segments
[INFO RCX-0439] Coupling Cap extraction tt_um_audio_player ...
[INFO RCX-0440] Coupling threshhold is 0.1000 fF, coupling capacitance less than 0.1000 fF will be grounded.
[INFO RCX-0043] 12057 wires to be extracted
[INFO RCX-0442] 51% completion -- 6192 wires have been extracted
[INFO RCX-0442] 100% completion -- 12057 wires have been extracted
[INFO RCX-0045] Extract 1003 nets, 7550 rsegs, 7550 caps, 16085 ccs
[INFO RCX-0015] Finished extracting tt_um_audio_player.
Setting global connections for newly added cells…
[INFO] Setting global connections...
Writing extracted parasitics to '/Users/anorris/Documents/Github/tt/runs/wokwi/51-openroad-rcx/max/tt_um_audio_player.max.spef'…
[INFO RCX-0016] Writing SPEF ...
[INFO RCX-0443] 1003 nets finished
[INFO RCX-0017] Finished writing SPEF ...
