
===========================================================================
report_checks -unconstrained
===========================================================================
======================= min_tt_025C_1v80 Corner ===================================

Startpoint: rst_n (input port clocked by clk)
Endpoint: _1576_ (recovery check against rising-edge clock clk)
Path Group: asynchronous
Path Type: max

Fanout         Cap        Slew       Delay        Time   Description
---------------------------------------------------------------------------------------------
                                  0.000000    0.000000   clock clk (rise edge)
                                  0.000000    0.000000   clock network delay (propagated)
                                500.000000  500.000000 ^ input external delay
     1    0.010192    0.052265    0.034618  500.034637 ^ rst_n (in)
                                                         rst_n (net)
                      0.052266    0.000000  500.034637 ^ input2/A (sky130_fd_sc_hd__buf_1)
     2    0.021405    0.254806    0.231125  500.265747 ^ input2/X (sky130_fd_sc_hd__buf_1)
                                                         net2 (net)
                      0.254806    0.000171  500.265930 ^ fanout119/A (sky130_fd_sc_hd__buf_2)
     7    0.039640    0.195703    0.279897  500.545837 ^ fanout119/X (sky130_fd_sc_hd__buf_2)
                                                         net119 (net)
                      0.195708    0.001251  500.547089 ^ fanout118/A (sky130_fd_sc_hd__clkbuf_4)
    10    0.048786    0.153481    0.268244  500.815308 ^ fanout118/X (sky130_fd_sc_hd__clkbuf_4)
                                                         net118 (net)
                      0.153485    0.001080  500.816406 ^ _1576_/RESET_B (sky130_fd_sc_hd__dfrtp_2)
                                            500.816406   data arrival time

                               2500.000000 2500.000000   clock clk (rise edge)
                                  0.000000 2500.000000   clock source latency
     1    0.018644    0.089628    0.061391 2500.061279 ^ clk (in)
                                                         clk (net)
                      0.089629    0.000000 2500.061279 ^ clkbuf_0_clk/A (sky130_fd_sc_hd__clkbuf_16)
     4    0.046383    0.065541    0.163027 2500.224365 ^ clkbuf_0_clk/X (sky130_fd_sc_hd__clkbuf_16)
                                                         clknet_0_clk (net)
                      0.065543    0.000455 2500.224854 ^ clkbuf_2_3__f_clk/A (sky130_fd_sc_hd__clkbuf_16)
    11    0.032039    0.052844    0.143473 2500.368408 ^ clkbuf_2_3__f_clk/X (sky130_fd_sc_hd__clkbuf_16)
                                                         clknet_2_3__leaf_clk (net)
                      0.052844    0.000227 2500.368652 ^ _1576_/CLK (sky130_fd_sc_hd__dfrtp_2)
                                 -0.250000 2500.118408   clock uncertainty
                                  0.000000 2500.118408   clock reconvergence pessimism
                                  0.189263 2500.307617   library recovery time
                                           2500.307617   data required time
---------------------------------------------------------------------------------------------
                                           2500.307617   data required time
                                           -500.816406   data arrival time
---------------------------------------------------------------------------------------------
                                           1999.491211   slack (MET)


Startpoint: ena (input port clocked by clk)
Endpoint: _1581_ (rising edge-triggered flip-flop clocked by clk)
Path Group: clk
Path Type: max

Fanout         Cap        Slew       Delay        Time   Description
---------------------------------------------------------------------------------------------
                                  0.000000    0.000000   clock clk (rise edge)
                                  0.000000    0.000000   clock network delay (propagated)
                                500.000000  500.000000 ^ input external delay
     1    0.007988    0.042464    0.027512  500.027527 ^ ena (in)
                                                         ena (net)
                      0.042464    0.000000  500.027527 ^ input1/A (sky130_fd_sc_hd__clkbuf_2)
     6    0.037612    0.206449    0.217426  500.244965 ^ input1/X (sky130_fd_sc_hd__clkbuf_2)
                                                         net1 (net)
                      0.206450    0.000398  500.245361 ^ _0787_/A (sky130_fd_sc_hd__inv_2)
     1    0.004201    0.042257    0.049283  500.294647 v _0787_/Y (sky130_fd_sc_hd__inv_2)
                                                         _0624_ (net)
                      0.042257    0.000057  500.294678 v fanout116/A (sky130_fd_sc_hd__buf_2)
     8    0.045258    0.110081    0.196735  500.491425 v fanout116/X (sky130_fd_sc_hd__buf_2)
                                                         net116 (net)
                      0.110081    0.000568  500.492004 v fanout115/A (sky130_fd_sc_hd__buf_2)
    10    0.044539    0.108488    0.226351  500.718353 v fanout115/X (sky130_fd_sc_hd__buf_2)
                                                         net115 (net)
                      0.108522    0.001819  500.720154 v _1496_/C (sky130_fd_sc_hd__or3_1)
     1    0.004697    0.075541    0.337820  501.057983 v _1496_/X (sky130_fd_sc_hd__or3_1)
                                                         _0720_ (net)
                      0.075541    0.000057  501.058044 v _1497_/D (sky130_fd_sc_hd__nor4_2)
     5    0.026046    0.652910    0.499426  501.557465 ^ _1497_/Y (sky130_fd_sc_hd__nor4_2)
                                                         _0721_ (net)
                      0.652910    0.000284  501.557739 ^ max_cap3/A (sky130_fd_sc_hd__clkbuf_2)
     6    0.026456    0.152378    0.305135  501.862885 ^ max_cap3/X (sky130_fd_sc_hd__clkbuf_2)
                                                         net3 (net)
                      0.152380    0.000853  501.863739 ^ _1516_/A1 (sky130_fd_sc_hd__a32o_1)
     1    0.003914    0.062105    0.183491  502.047241 ^ _1516_/X (sky130_fd_sc_hd__a32o_1)
                                                         _0011_ (net)
                      0.062105    0.000057  502.047272 ^ _1581_/D (sky130_fd_sc_hd__dfrtp_1)
                                            502.047272   data arrival time

                               2500.000000 2500.000000   clock clk (rise edge)
                                  0.000000 2500.000000   clock source latency
     1    0.018644    0.089628    0.061391 2500.061279 ^ clk (in)
                                                         clk (net)
                      0.089629    0.000000 2500.061279 ^ clkbuf_0_clk/A (sky130_fd_sc_hd__clkbuf_16)
     4    0.046383    0.065541    0.163027 2500.224365 ^ clkbuf_0_clk/X (sky130_fd_sc_hd__clkbuf_16)
                                                         clknet_0_clk (net)
                      0.065543    0.000455 2500.224854 ^ clkbuf_2_3__f_clk/A (sky130_fd_sc_hd__clkbuf_16)
    11    0.032039    0.052844    0.143473 2500.368408 ^ clkbuf_2_3__f_clk/X (sky130_fd_sc_hd__clkbuf_16)
                                                         clknet_2_3__leaf_clk (net)
                      0.052844    0.000227 2500.368652 ^ _1581_/CLK (sky130_fd_sc_hd__dfrtp_1)
                                 -0.250000 2500.118408   clock uncertainty
                                  0.000000 2500.118408   clock reconvergence pessimism
                                 -0.062593 2500.055908   library setup time
                                           2500.055908   data required time
---------------------------------------------------------------------------------------------
                                           2500.055908   data required time
                                           -502.047272   data arrival time
---------------------------------------------------------------------------------------------
                                           1998.008667   slack (MET)




===========================================================================
report_checks --slack_max -0.01
============================================================================
======================= min_tt_025C_1v80 Corner ===================================

No paths found.


===========================================================================
 report_check_types -max_slew -max_cap -max_fanout -violators
============================================================================
======================= min_tt_025C_1v80 Corner ===================================

max fanout

Pin                                   Limit Fanout  Slack
---------------------------------------------------------
clkbuf_2_2__f_clk/X                      10     11        (VIOLATED)
clkbuf_2_3__f_clk/X                      10     11        (VIOLATED)



===========================================================================
report_parasitic_annotation -report_unannotated
============================================================================
Found 42 unannotated drivers.
 ui_in[0]
 ui_in[1]
 ui_in[2]
 ui_in[3]
 ui_in[4]
 ui_in[5]
 ui_in[6]
 ui_in[7]
 uio_in[0]
 uio_in[1]
 uio_in[2]
 uio_in[3]
 uio_in[4]
 uio_in[5]
 uio_in[6]
 uio_in[7]
 clkload0/Y
 clkload1/Y
 clkload2/X
 tt_um_audio_player_121/HI
 tt_um_audio_player_122/HI
 tt_um_audio_player_123/HI
 tt_um_audio_player_124/HI
 tt_um_audio_player_125/HI
 tt_um_audio_player_126/HI
 tt_um_audio_player_127/HI
 tt_um_audio_player_128/HI
 tt_um_audio_player_129/HI
 tt_um_audio_player_130/HI
 tt_um_audio_player_131/HI
 tt_um_audio_player_132/HI
 tt_um_audio_player_133/HI
 tt_um_audio_player_134/HI
 tt_um_audio_player_135/HI
 tt_um_audio_player_136/HI
 tt_um_audio_player_137/HI
 tt_um_audio_player_138/HI
 tt_um_audio_player_139/HI
 tt_um_audio_player_140/HI
 tt_um_audio_player_141/HI
 tt_um_audio_player_142/HI
 tt_um_audio_player_143/HI
Found 0 partially unannotated drivers.

===========================================================================
max slew violation count 0
max fanout violation count 2
max cap violation count 0
============================================================================

===========================================================================
check_setup -verbose -unconstrained_endpoints -multiple_clock -no_clock -no_input_delay -loops -generated_clocks
===========================================================================
Warning: There are 23 unconstrained endpoints.
  uio_oe[0]
  uio_oe[1]
  uio_oe[2]
  uio_oe[3]
  uio_oe[4]
  uio_oe[5]
  uio_oe[6]
  uio_oe[7]
  uio_out[0]
  uio_out[1]
  uio_out[2]
  uio_out[3]
  uio_out[4]
  uio_out[5]
  uio_out[6]
  uio_out[7]
  uo_out[1]
  uo_out[2]
  uo_out[3]
  uo_out[4]
  uo_out[5]
  uo_out[6]
  uo_out[7]
