Net: _0217_
  Pin: _1266_/A2 (sky130_fd_sc_hd__a31o_1)
    Layer: met4
      Partial area ratio:   26.96
      Required ratio:    0.00 (Gate area) 
      Partial area ratio:  145.31
      Required ratio: 2886.20 (Side area) 
      Cumulative area ratio:   54.81
      Required ratio:    0.00 (Cumulative area) 
      Cumulative area ratio:  286.11
      Required ratio:    0.00 (Cumulative side area) 

    Layer: met3
      Partial area ratio:   25.45
      Required ratio:    0.00 (Gate area) 
      Partial area ratio:  137.70
      Required ratio:  400.00 (Side area) 
      Cumulative area ratio:   27.86
      Required ratio:    0.00 (Cumulative area) 
      Cumulative area ratio:  140.80
      Required ratio:    0.00 (Cumulative side area) 

    Layer: met2
      Partial area ratio:    0.00
      Required ratio:    0.00 (Gate area) 
      Partial area ratio:    0.00
      Required ratio:  400.00 (Side area) 
      Cumulative area ratio:    2.40
      Required ratio:    0.00 (Cumulative area) 
      Cumulative area ratio:    3.10
      Required ratio:    0.00 (Cumulative side area) 

    Layer: met1
      Partial area ratio:    0.00
      Required ratio:    0.00 (Gate area) 
      Partial area ratio:    0.00
      Required ratio:  400.00 (Side area) 
      Cumulative area ratio:    2.40
      Required ratio:    0.00 (Cumulative area) 
      Cumulative area ratio:    3.10
      Required ratio:    0.00 (Cumulative side area) 

    Layer: li1
      Partial area ratio:    2.40
      Required ratio:    0.00 (Gate area) 
      Partial area ratio:    3.10
      Required ratio:   75.00 (Side area) 
      Cumulative area ratio:    2.40
      Required ratio:    0.00 (Cumulative area) 
      Cumulative area ratio:    3.10
      Required ratio:    0.00 (Cumulative side area) 

    Via: M3M4_PR
      Partial area ratio:    0.16
      Required ratio:    6.00 (Gate area) 
      Cumulative area ratio:    0.53
      Required ratio:    0.00 (Cumulative area) 

    Via: M2M3_PR
      Partial area ratio:    0.16
      Required ratio:    6.00 (Gate area) 
      Cumulative area ratio:    0.37
      Required ratio:    0.00 (Cumulative area) 

    Via: M1M2_PR
      Partial area ratio:    0.09
      Required ratio:    6.00 (Gate area) 
      Cumulative area ratio:    0.21
      Required ratio:    0.00 (Cumulative area) 

    Via: L1M1_PR
      Partial area ratio:    0.12
      Required ratio:    3.00 (Gate area) 
      Cumulative area ratio:    0.12
      Required ratio:    0.00 (Cumulative area) 

  Pin: _1341_/A2 (sky130_fd_sc_hd__o21a_1)
    Layer: met2
      Partial area ratio:    7.89
      Required ratio:    0.00 (Gate area) 
      Partial area ratio:   39.82
      Required ratio: 2886.20 (Side area) 
      Cumulative area ratio:    9.51
      Required ratio:    0.00 (Cumulative area) 
      Cumulative area ratio:   42.01
      Required ratio:    0.00 (Cumulative side area) 

    Layer: met3
      Partial area ratio:    0.00
      Required ratio:    0.00 (Gate area) 
      Partial area ratio:    0.00
      Required ratio: 2886.20 (Side area) 
      Cumulative area ratio:    9.51
      Required ratio:    0.00 (Cumulative area) 
      Cumulative area ratio:   42.01
      Required ratio:    0.00 (Cumulative side area) 

    Layer: met4
      Partial area ratio:   26.96
      Required ratio:    0.00 (Gate area) 
      Partial area ratio:  145.31
      Required ratio: 2886.20 (Side area) 
      Cumulative area ratio:   36.47
      Required ratio:    0.00 (Cumulative area) 
      Cumulative area ratio:  187.32
      Required ratio:    0.00 (Cumulative side area) 

    Layer: met1
      Partial area ratio:    0.00
      Required ratio:    0.00 (Gate area) 
      Partial area ratio:    0.00
      Required ratio:  400.00 (Side area) 
      Cumulative area ratio:    1.62
      Required ratio:    0.00 (Cumulative area) 
      Cumulative area ratio:    2.19
      Required ratio:    0.00 (Cumulative side area) 

    Layer: li1
      Partial area ratio:    1.62
      Required ratio:    0.00 (Gate area) 
      Partial area ratio:    2.19
      Required ratio:   75.00 (Side area) 
      Cumulative area ratio:    1.62
      Required ratio:    0.00 (Cumulative area) 
      Cumulative area ratio:    2.19
      Required ratio:    0.00 (Cumulative side area) 

    Layer: met3
      Partial area ratio:    0.00
      Required ratio:    0.00 (Gate area) 
      Partial area ratio:    0.00
      Required ratio: 2886.20 (Side area) 
      Cumulative area ratio:    9.51
      Required ratio:    0.00 (Cumulative area) 
      Cumulative area ratio:   42.01
      Required ratio:    0.00 (Cumulative side area) 

    Via: M2M3_PR
      Partial area ratio:    0.32
      Required ratio:    6.00 (Gate area) 
      Cumulative area ratio:    0.53
      Required ratio:    0.00 (Cumulative area) 

    Via: M3M4_PR
      Partial area ratio:    0.16
      Required ratio:    6.00 (Gate area) 
      Cumulative area ratio:    0.69
      Required ratio:    0.00 (Cumulative area) 

    Via: M1M2_PR
      Partial area ratio:    0.09
      Required ratio:    6.00 (Gate area) 
      Cumulative area ratio:    0.21
      Required ratio:    0.00 (Cumulative area) 

    Via: L1M1_PR
      Partial area ratio:    0.12
      Required ratio:    3.00 (Gate area) 
      Cumulative area ratio:    0.12
      Required ratio:    0.00 (Cumulative area) 

    Via: M3M4_PR
      Partial area ratio:    0.16
      Required ratio:    6.00 (Gate area) 
      Cumulative area ratio:    0.69
      Required ratio:    0.00 (Cumulative area) 

  Pin: _1443_/A1 (sky130_fd_sc_hd__mux2_1)
    Layer: met3
      Partial area ratio:  182.14
      Required ratio:    0.00 (Gate area) 
      Partial area ratio:  979.05
      Required ratio:  400.00 (Side area) (VIOLATED)
      Cumulative area ratio:  186.20
      Required ratio:    0.00 (Cumulative area) 
      Cumulative area ratio:  984.36
      Required ratio:    0.00 (Cumulative side area) 

    Layer: met2
      Partial area ratio:    0.00
      Required ratio:    0.00 (Gate area) 
      Partial area ratio:    0.00
      Required ratio:  400.00 (Side area) 
      Cumulative area ratio:    4.05
      Required ratio:    0.00 (Cumulative area) 
      Cumulative area ratio:    5.31
      Required ratio:    0.00 (Cumulative side area) 

    Layer: met1
      Partial area ratio:    0.00
      Required ratio:    0.00 (Gate area) 
      Partial area ratio:    0.00
      Required ratio:  400.00 (Side area) 
      Cumulative area ratio:    4.05
      Required ratio:    0.00 (Cumulative area) 
      Cumulative area ratio:    5.31
      Required ratio:    0.00 (Cumulative side area) 

    Layer: li1
      Partial area ratio:    4.05
      Required ratio:    0.00 (Gate area) 
      Partial area ratio:    5.31
      Required ratio:   75.00 (Side area) 
      Cumulative area ratio:    4.05
      Required ratio:    0.00 (Cumulative area) 
      Cumulative area ratio:    5.31
      Required ratio:    0.00 (Cumulative side area) 

    Via: M3M4_PR
      Partial area ratio:    0.32
      Required ratio:    6.00 (Gate area) 
      Cumulative area ratio:    1.04
      Required ratio:    0.00 (Cumulative area) 

    Via: M2M3_PR
      Partial area ratio:    0.32
      Required ratio:    6.00 (Gate area) 
      Cumulative area ratio:    0.73
      Required ratio:    0.00 (Cumulative area) 

    Via: M1M2_PR
      Partial area ratio:    0.18
      Required ratio:    6.00 (Gate area) 
      Cumulative area ratio:    0.41
      Required ratio:    0.00 (Cumulative area) 

    Via: L1M1_PR
      Partial area ratio:    0.23
      Required ratio:    3.00 (Gate area) 
      Cumulative area ratio:    0.23
      Required ratio:    0.00 (Cumulative area) 


Net: _0401_
  Pin: _1474_/A1 (sky130_fd_sc_hd__a21o_1)
    Layer: met4
      Partial area ratio:   38.00
      Required ratio:    0.00 (Gate area) 
      Partial area ratio:  204.61
      Required ratio: 2771.60 (Side area) 
      Cumulative area ratio:  124.82
      Required ratio:    0.00 (Cumulative area) 
      Cumulative area ratio:  653.92
      Required ratio:    0.00 (Cumulative side area) 

    Layer: met3
      Partial area ratio:   75.64
      Required ratio:    0.00 (Gate area) 
      Partial area ratio:  405.33
      Required ratio:  400.00 (Side area) (VIOLATED)
      Cumulative area ratio:   86.82
      Required ratio:    0.00 (Cumulative area) 
      Cumulative area ratio:  449.31
      Required ratio:    0.00 (Cumulative side area) 

    Layer: met2
      Partial area ratio:    7.89
      Required ratio:    0.00 (Gate area) 
      Partial area ratio:   39.82
      Required ratio:  400.00 (Side area) 
      Cumulative area ratio:   11.19
      Required ratio:    0.00 (Cumulative area) 
      Cumulative area ratio:   43.98
      Required ratio:    0.00 (Cumulative side area) 

    Layer: met1
      Partial area ratio:    0.00
      Required ratio:    0.00 (Gate area) 
      Partial area ratio:    0.00
      Required ratio:  400.00 (Side area) 
      Cumulative area ratio:    3.30
      Required ratio:    0.00 (Cumulative area) 
      Cumulative area ratio:    4.16
      Required ratio:    0.00 (Cumulative side area) 

    Layer: li1
      Partial area ratio:    3.30
      Required ratio:    0.00 (Gate area) 
      Partial area ratio:    4.16
      Required ratio:   75.00 (Side area) 
      Cumulative area ratio:    3.30
      Required ratio:    0.00 (Cumulative area) 
      Cumulative area ratio:    4.16
      Required ratio:    0.00 (Cumulative side area) 

    Via: M3M4_PR
      Partial area ratio:    0.32
      Required ratio:    6.00 (Gate area) 
      Cumulative area ratio:    0.85
      Required ratio:    0.00 (Cumulative area) 

    Via: M2M3_PR
      Partial area ratio:    0.32
      Required ratio:    6.00 (Gate area) 
      Cumulative area ratio:    0.53
      Required ratio:    0.00 (Cumulative area) 

    Via: M1M2_PR
      Partial area ratio:    0.09
      Required ratio:    6.00 (Gate area) 
      Cumulative area ratio:    0.21
      Required ratio:    0.00 (Cumulative area) 

    Via: L1M1_PR
      Partial area ratio:    0.12
      Required ratio:    3.00 (Gate area) 
      Cumulative area ratio:    0.12
      Required ratio:    0.00 (Cumulative area) 

  Pin: _1186_/A2 (sky130_fd_sc_hd__a21o_1)
    Layer: met4
      Partial area ratio:   38.00
      Required ratio:    0.00 (Gate area) 
      Partial area ratio:  204.61
      Required ratio: 2771.60 (Side area) 
      Cumulative area ratio:  131.89
      Required ratio:    0.00 (Cumulative area) 
      Cumulative area ratio:  700.46
      Required ratio:    0.00 (Cumulative side area) 

    Layer: met3
      Partial area ratio:    8.73
      Required ratio:    0.00 (Gate area) 
      Partial area ratio:   48.48
      Required ratio:  400.00 (Side area) 
      Cumulative area ratio:   10.37
      Required ratio:    0.00 (Cumulative area) 
      Cumulative area ratio:   50.69
      Required ratio:    0.00 (Cumulative side area) 

    Layer: met2
      Partial area ratio:    0.00
      Required ratio:    0.00 (Gate area) 
      Partial area ratio:    0.00
      Required ratio:  400.00 (Side area) 
      Cumulative area ratio:    1.65
      Required ratio:    0.00 (Cumulative area) 
      Cumulative area ratio:    2.21
      Required ratio:    0.00 (Cumulative side area) 

    Layer: met1
      Partial area ratio:    0.00
      Required ratio:    0.00 (Gate area) 
      Partial area ratio:    0.00
      Required ratio:  400.00 (Side area) 
      Cumulative area ratio:    1.65
      Required ratio:    0.00 (Cumulative area) 
      Cumulative area ratio:    2.21
      Required ratio:    0.00 (Cumulative side area) 

    Layer: li1
      Partial area ratio:    1.65
      Required ratio:    0.00 (Gate area) 
      Partial area ratio:    2.21
      Required ratio:   75.00 (Side area) 
      Cumulative area ratio:    1.65
      Required ratio:    0.00 (Cumulative area) 
      Cumulative area ratio:    2.21
      Required ratio:    0.00 (Cumulative side area) 

    Via: M3M4_PR
      Partial area ratio:    0.16
      Required ratio:    6.00 (Gate area) 
      Cumulative area ratio:    0.53
      Required ratio:    0.00 (Cumulative area) 

    Via: M2M3_PR
      Partial area ratio:    0.16
      Required ratio:    6.00 (Gate area) 
      Cumulative area ratio:    0.37
      Required ratio:    0.00 (Cumulative area) 

    Via: M1M2_PR
      Partial area ratio:    0.09
      Required ratio:    6.00 (Gate area) 
      Cumulative area ratio:    0.21
      Required ratio:    0.00 (Cumulative area) 

    Via: L1M1_PR
      Partial area ratio:    0.12
      Required ratio:    3.00 (Gate area) 
      Cumulative area ratio:    0.12
      Required ratio:    0.00 (Cumulative area) 


Net: _0419_
  Pin: _1204_/C (sky130_fd_sc_hd__and3_1)
    Layer: met4
      Partial area ratio:  181.43
      Required ratio:    0.00 (Gate area) 
      Partial area ratio:  971.43
      Required ratio: 2774.90 (Side area) 
      Cumulative area ratio:  304.40
      Required ratio:    0.00 (Cumulative area) 
      Cumulative area ratio: 1601.46
      Required ratio:    0.00 (Cumulative side area) 

    Layer: met3
      Partial area ratio:  115.71
      Required ratio:    0.00 (Gate area) 
      Partial area ratio:  620.95
      Required ratio:  400.00 (Side area) (VIOLATED)
      Cumulative area ratio:  122.97
      Required ratio:    0.00 (Cumulative area) 
      Cumulative area ratio:  630.03
      Required ratio:    0.00 (Cumulative side area) 

    Layer: met2
      Partial area ratio:    0.00
      Required ratio:    0.00 (Gate area) 
      Partial area ratio:    0.00
      Required ratio:  400.00 (Side area) 
      Cumulative area ratio:    7.26
      Required ratio:    0.00 (Cumulative area) 
      Cumulative area ratio:    9.08
      Required ratio:    0.00 (Cumulative side area) 

    Layer: met1
      Partial area ratio:    0.00
      Required ratio:    0.00 (Gate area) 
      Partial area ratio:    0.00
      Required ratio:  400.00 (Side area) 
      Cumulative area ratio:    7.26
      Required ratio:    0.00 (Cumulative area) 
      Cumulative area ratio:    9.08
      Required ratio:    0.00 (Cumulative side area) 

    Layer: li1
      Partial area ratio:    7.26
      Required ratio:    0.00 (Gate area) 
      Partial area ratio:    9.08
      Required ratio:   75.00 (Side area) 
      Cumulative area ratio:    7.26
      Required ratio:    0.00 (Cumulative area) 
      Cumulative area ratio:    9.08
      Required ratio:    0.00 (Cumulative side area) 

    Via: M3M4_PR
      Partial area ratio:    0.32
      Required ratio:    6.00 (Gate area) 
      Cumulative area ratio:    1.04
      Required ratio:    0.00 (Cumulative area) 

    Via: M2M3_PR
      Partial area ratio:    0.32
      Required ratio:    6.00 (Gate area) 
      Cumulative area ratio:    0.73
      Required ratio:    0.00 (Cumulative area) 

    Via: M1M2_PR
      Partial area ratio:    0.18
      Required ratio:    6.00 (Gate area) 
      Cumulative area ratio:    0.41
      Required ratio:    0.00 (Cumulative area) 

    Via: L1M1_PR
      Partial area ratio:    0.23
      Required ratio:    3.00 (Gate area) 
      Cumulative area ratio:    0.23
      Required ratio:    0.00 (Cumulative area) 


Net: audio_player_inst.current_addr\[1\]
  Pin: fanout108/A (sky130_fd_sc_hd__buf_2)
    Layer: met2
      Partial area ratio:    6.20
      Required ratio:    0.00 (Gate area) 
      Partial area ratio:   31.61
      Required ratio: 2771.60 (Side area) 
      Cumulative area ratio:   20.53
      Required ratio:    0.00 (Cumulative area) 
      Cumulative area ratio:   96.45
      Required ratio:    0.00 (Cumulative side area) 

    Layer: met1
      Partial area ratio:   12.27
      Required ratio:    0.00 (Gate area) 
      Partial area ratio:   61.99
      Required ratio:  400.00 (Side area) 
      Cumulative area ratio:   14.34
      Required ratio:    0.00 (Cumulative area) 
      Cumulative area ratio:   64.84
      Required ratio:    0.00 (Cumulative side area) 

    Layer: li1
      Partial area ratio:    2.06
      Required ratio:    0.00 (Gate area) 
      Partial area ratio:    2.85
      Required ratio:   75.00 (Side area) 
      Cumulative area ratio:    2.06
      Required ratio:    0.00 (Cumulative area) 
      Cumulative area ratio:    2.85
      Required ratio:    0.00 (Cumulative side area) 

    Layer: met3
      Partial area ratio:    0.00
      Required ratio:    0.00 (Gate area) 
      Partial area ratio:    0.00
      Required ratio: 2771.60 (Side area) 
      Cumulative area ratio:   20.53
      Required ratio:    0.00 (Cumulative area) 
      Cumulative area ratio:   96.45
      Required ratio:    0.00 (Cumulative side area) 

    Layer: met4
      Partial area ratio:   19.81
      Required ratio:    0.00 (Gate area) 
      Partial area ratio:  107.17
      Required ratio: 2771.60 (Side area) 
      Cumulative area ratio:   40.35
      Required ratio:    0.00 (Cumulative area) 
      Cumulative area ratio:  203.62
      Required ratio:    0.00 (Cumulative side area) 

    Via: M2M3_PR
      Partial area ratio:    0.25
      Required ratio:    6.00 (Gate area) 
      Cumulative area ratio:    0.57
      Required ratio:    0.00 (Cumulative area) 

    Via: M1M2_PR
      Partial area ratio:    0.14
      Required ratio:    6.00 (Gate area) 
      Cumulative area ratio:    0.32
      Required ratio:    0.00 (Cumulative area) 

    Via: L1M1_PR
      Partial area ratio:    0.18
      Required ratio:    3.00 (Gate area) 
      Cumulative area ratio:    0.18
      Required ratio:    0.00 (Cumulative area) 

    Via: M3M4_PR
      Partial area ratio:    0.25
      Required ratio:    6.00 (Gate area) 
      Cumulative area ratio:    0.83
      Required ratio:    0.00 (Cumulative area) 

  Pin: fanout103/A (sky130_fd_sc_hd__buf_2)
    Layer: met4
      Partial area ratio:   19.81
      Required ratio:    0.00 (Gate area) 
      Partial area ratio:  107.17
      Required ratio: 2771.60 (Side area) 
      Cumulative area ratio:  147.25
      Required ratio:    0.00 (Cumulative area) 
      Cumulative area ratio:  766.62
      Required ratio:    0.00 (Cumulative side area) 

    Layer: met3
      Partial area ratio:  104.72
      Required ratio:    0.00 (Gate area) 
      Partial area ratio:  561.51
      Required ratio:  400.00 (Side area) (VIOLATED)
      Cumulative area ratio:  127.44
      Required ratio:    0.00 (Cumulative area) 
      Cumulative area ratio:  659.45
      Required ratio:    0.00 (Cumulative side area) 

    Layer: met2
      Partial area ratio:   18.35
      Required ratio:    0.00 (Gate area) 
      Partial area ratio:   92.36
      Required ratio:  400.00 (Side area) 
      Cumulative area ratio:   22.73
      Required ratio:    0.00 (Cumulative area) 
      Cumulative area ratio:   97.94
      Required ratio:    0.00 (Cumulative side area) 

    Layer: met1
      Partial area ratio:    0.00
      Required ratio:    0.00 (Gate area) 
      Partial area ratio:    0.00
      Required ratio:  400.00 (Side area) 
      Cumulative area ratio:    4.38
      Required ratio:    0.00 (Cumulative area) 
      Cumulative area ratio:    5.58
      Required ratio:    0.00 (Cumulative side area) 

    Layer: li1
      Partial area ratio:    4.38
      Required ratio:    0.00 (Gate area) 
      Partial area ratio:    5.58
      Required ratio:   75.00 (Side area) 
      Cumulative area ratio:    4.38
      Required ratio:    0.00 (Cumulative area) 
      Cumulative area ratio:    5.58
      Required ratio:    0.00 (Cumulative side area) 

    Via: M3M4_PR
      Partial area ratio:    0.25
      Required ratio:    6.00 (Gate area) 
      Cumulative area ratio:    0.83
      Required ratio:    0.00 (Cumulative area) 

    Via: M2M3_PR
      Partial area ratio:    0.25
      Required ratio:    6.00 (Gate area) 
      Cumulative area ratio:    0.57
      Required ratio:    0.00 (Cumulative area) 

    Via: M1M2_PR
      Partial area ratio:    0.14
      Required ratio:    6.00 (Gate area) 
      Cumulative area ratio:    0.32
      Required ratio:    0.00 (Cumulative area) 

    Via: L1M1_PR
      Partial area ratio:    0.18
      Required ratio:    3.00 (Gate area) 
      Cumulative area ratio:    0.18
      Required ratio:    0.00 (Cumulative area) 


[INFO ANT-0002] Found 4 net violations.
[INFO ANT-0001] Found 4 pin violations.
